{"message":"couldn't read modulus-ponens\\src\\index.html: The system cannot find the file specified. (os error 2)","code":null,"level":"error","spans":[{"file_name":"modulus-ponens\\src\\main.rs","byte_start":175,"byte_end":201,"line_start":9,"line_end":9,"column_start":44,"column_end":70,"is_primary":true,"text":[{"text":"    let document_selector = Document::from(include_str!(\"index.html\"));","highlight_start":44,"highlight_end":70}],"label":null,"suggested_replacement":null,"suggestion_applicability":null,"expansion":{"span":{"file_name":"modulus-ponens\\src\\main.rs","byte_start":175,"byte_end":201,"line_start":9,"line_end":9,"column_start":44,"column_end":70,"is_primary":false,"text":[{"text":"    let document_selector = Document::from(include_str!(\"index.html\"));","highlight_start":44,"highlight_end":70}],"label":null,"suggested_replacement":null,"suggestion_applicability":null,"expansion":null},"macro_decl_name":"include_str!","def_site_span":{"file_name":"C:\\Users\\danie\\.rustup\\toolchains\\nightly-x86_64-pc-windows-msvc\\lib/rustlib/src/rust\\library\\core\\src\\macros\\mod.rs","byte_start":41857,"byte_end":41881,"line_start":1213,"line_end":1213,"column_start":5,"column_end":29,"is_primary":false,"text":[{"text":"    macro_rules! include_str {","highlight_start":5,"highlight_end":29}],"label":null,"suggested_replacement":null,"suggestion_applicability":null,"expansion":null}}}],"children":[],"rendered":"\u001b[0m\u001b[1m\u001b[38;5;9merror\u001b[0m\u001b[0m\u001b[1m\u001b[38;5;15m: couldn't read modulus-ponens\\src\\index.html: The system cannot find the file specified. (os error 2)\u001b[0m\n\u001b[0m \u001b[0m\u001b[0m\u001b[1m\u001b[38;5;14m--> \u001b[0m\u001b[0mmodulus-ponens\\src\\main.rs:9:44\u001b[0m\n\u001b[0m  \u001b[0m\u001b[0m\u001b[1m\u001b[38;5;14m|\u001b[0m\n\u001b[0m\u001b[1m\u001b[38;5;14m9\u001b[0m\u001b[0m \u001b[0m\u001b[0m\u001b[1m\u001b[38;5;14m|\u001b[0m\u001b[0m \u001b[0m\u001b[0m    let document_selector = Document::from(include_str!(\"index.html\"));\u001b[0m\n\u001b[0m  \u001b[0m\u001b[0m\u001b[1m\u001b[38;5;14m| \u001b[0m\u001b[0m                                           \u001b[0m\u001b[0m\u001b[1m\u001b[38;5;9m^^^^^^^^^^^^^^^^^^^^^^^^^^\u001b[0m\n\u001b[0m  \u001b[0m\u001b[0m\u001b[1m\u001b[38;5;14m|\u001b[0m\n\u001b[0m  \u001b[0m\u001b[0m\u001b[1m\u001b[38;5;14m= \u001b[0m\u001b[0m\u001b[1m\u001b[38;5;15mnote\u001b[0m\u001b[0m: this error originates in the macro `include_str` (in Nightly builds, run with -Z macro-backtrace for more info)\u001b[0m\n\n"}
{"message":"expected a `Fn<(&select::node::Node<'_>,)>` closure, found `Attr<&str, String>`","code":{"code":"E0277","explanation":"You tried to use a type which doesn't implement some trait in a place which\nexpected that trait.\n\nErroneous code example:\n\n```compile_fail,E0277\n// here we declare the Foo trait with a bar method\ntrait Foo {\n    fn bar(&self);\n}\n\n// we now declare a function which takes an object implementing the Foo trait\nfn some_func<T: Foo>(foo: T) {\n    foo.bar();\n}\n\nfn main() {\n    // we now call the method with the i32 type, which doesn't implement\n    // the Foo trait\n    some_func(5i32); // error: the trait bound `i32 : Foo` is not satisfied\n}\n```\n\nIn order to fix this error, verify that the type you're using does implement\nthe trait. Example:\n\n```\ntrait Foo {\n    fn bar(&self);\n}\n\n// we implement the trait on the i32 type\nimpl Foo for i32 {\n    fn bar(&self) {}\n}\n\nfn some_func<T: Foo>(foo: T) {\n    foo.bar(); // we can now use this method since i32 implements the\n               // Foo trait\n}\n\nfn main() {\n    some_func(5i32); // ok!\n}\n```\n\nOr in a generic context, an erroneous code example would look like:\n\n```compile_fail,E0277\nfn some_func<T>(foo: T) {\n    println!(\"{:?}\", foo); // error: the trait `core::fmt::Debug` is not\n                           //        implemented for the type `T`\n}\n\nfn main() {\n    // We now call the method with the i32 type,\n    // which *does* implement the Debug trait.\n    some_func(5i32);\n}\n```\n\nNote that the error here is in the definition of the generic function. Although\nwe only call it with a parameter that does implement `Debug`, the compiler\nstill rejects the function. It must work with all possible input types. In\norder to make this example compile, we need to restrict the generic type we're\naccepting:\n\n```\nuse std::fmt;\n\n// Restrict the input type to types that implement Debug.\nfn some_func<T: fmt::Debug>(foo: T) {\n    println!(\"{:?}\", foo);\n}\n\nfn main() {\n    // Calling the method is still fine, as i32 implements Debug.\n    some_func(5i32);\n\n    // This would fail to compile now:\n    // struct WithoutDebug;\n    // some_func(WithoutDebug);\n}\n```\n\nRust only looks at the signature of the called function, as such it must\nalready specify all requirements that will be used for every type parameter.\n"},"level":"error","spans":[{"file_name":"modulus-ponens\\src\\main.rs","byte_start":396,"byte_end":446,"line_start":16,"line_end":16,"column_start":15,"column_end":65,"is_primary":true,"text":[{"text":"        .find(Attr(\"v-bind\", exported_class.as_str().to_owned()))","highlight_start":15,"highlight_end":65}],"label":"expected an `Fn<(&select::node::Node<'_>,)>` closure, found `Attr<&str, String>`","suggested_replacement":null,"suggestion_applicability":null,"expansion":null},{"file_name":"modulus-ponens\\src\\main.rs","byte_start":391,"byte_end":395,"line_start":16,"line_end":16,"column_start":10,"column_end":14,"is_primary":false,"text":[{"text":"        .find(Attr(\"v-bind\", exported_class.as_str().to_owned()))","highlight_start":10,"highlight_end":14}],"label":"required by a bound introduced by this call","suggested_replacement":null,"suggestion_applicability":null,"expansion":null}],"children":[{"message":"the trait `for<'a, 'b> Fn<(&'a select::node::Node<'b>,)>` is not implemented for `Attr<&str, String>`","code":null,"level":"help","spans":[],"children":[],"rendered":null},{"message":"the following other types implement trait `Predicate`:\n  Attr<&'a str, &'a str>\n  Attr<&'a str, ()>","code":null,"level":"help","spans":[],"children":[],"rendered":null},{"message":"required for `Attr<&str, String>` to implement `Predicate`","code":null,"level":"note","spans":[],"children":[],"rendered":null},{"message":"required by a bound in `select::document::Document::find`","code":null,"level":"note","spans":[{"file_name":"C:\\Users\\danie\\.cargo\\registry\\src\\github.com-1ecc6299db9ec823\\select-0.6.0\\src\\document.rs","byte_start":405,"byte_end":414,"line_start":17,"line_end":17,"column_start":20,"column_end":29,"is_primary":true,"text":[{"text":"    pub fn find<P: Predicate>(&self, predicate: P) -> Find<P> {","highlight_start":20,"highlight_end":29}],"label":"required by this bound in `Document::find`","suggested_replacement":null,"suggestion_applicability":null,"expansion":null}],"children":[],"rendered":null}],"rendered":"\u001b[0m\u001b[1m\u001b[38;5;9merror[E0277]\u001b[0m\u001b[0m\u001b[1m\u001b[38;5;15m: expected a `Fn<(&select::node::Node<'_>,)>` closure, found `Attr<&str, String>`\u001b[0m\n\u001b[0m  \u001b[0m\u001b[0m\u001b[1m\u001b[38;5;14m--> \u001b[0m\u001b[0mmodulus-ponens\\src\\main.rs:16:15\u001b[0m\n\u001b[0m   \u001b[0m\u001b[0m\u001b[1m\u001b[38;5;14m|\u001b[0m\n\u001b[0m\u001b[1m\u001b[38;5;14m16\u001b[0m\u001b[0m \u001b[0m\u001b[0m\u001b[1m\u001b[38;5;14m|\u001b[0m\u001b[0m \u001b[0m\u001b[0m        .find(Attr(\"v-bind\", exported_class.as_str().to_owned()))\u001b[0m\n\u001b[0m   \u001b[0m\u001b[0m\u001b[1m\u001b[38;5;14m| \u001b[0m\u001b[0m         \u001b[0m\u001b[0m\u001b[1m\u001b[38;5;14m----\u001b[0m\u001b[0m \u001b[0m\u001b[0m\u001b[1m\u001b[38;5;9m^^^^^^^^^^^^^^^^^^^^^^^^^^^^^^^^^^^^^^^^^^^^^^^^^^\u001b[0m\u001b[0m \u001b[0m\u001b[0m\u001b[1m\u001b[38;5;9mexpected an `Fn<(&select::node::Node<'_>,)>` closure, found `Attr<&str, String>`\u001b[0m\n\u001b[0m   \u001b[0m\u001b[0m\u001b[1m\u001b[38;5;14m| \u001b[0m\u001b[0m         \u001b[0m\u001b[0m\u001b[1m\u001b[38;5;14m|\u001b[0m\n\u001b[0m   \u001b[0m\u001b[0m\u001b[1m\u001b[38;5;14m| \u001b[0m\u001b[0m         \u001b[0m\u001b[0m\u001b[1m\u001b[38;5;14mrequired by a bound introduced by this call\u001b[0m\n\u001b[0m   \u001b[0m\u001b[0m\u001b[1m\u001b[38;5;14m|\u001b[0m\n\u001b[0m   \u001b[0m\u001b[0m\u001b[1m\u001b[38;5;14m= \u001b[0m\u001b[0m\u001b[1m\u001b[38;5;15mhelp\u001b[0m\u001b[0m: the trait `for<'a, 'b> Fn<(&'a select::node::Node<'b>,)>` is not implemented for `Attr<&str, String>`\u001b[0m\n\u001b[0m   \u001b[0m\u001b[0m\u001b[1m\u001b[38;5;14m= \u001b[0m\u001b[0m\u001b[1m\u001b[38;5;15mhelp\u001b[0m\u001b[0m: the following other types implement trait `Predicate`:\u001b[0m\n\u001b[0m             Attr<&'a str, &'a str>\u001b[0m\n\u001b[0m             Attr<&'a str, ()>\u001b[0m\n\u001b[0m   \u001b[0m\u001b[0m\u001b[1m\u001b[38;5;14m= \u001b[0m\u001b[0m\u001b[1m\u001b[38;5;15mnote\u001b[0m\u001b[0m: required for `Attr<&str, String>` to implement `Predicate`\u001b[0m\n\u001b[0m\u001b[1m\u001b[38;5;10mnote\u001b[0m\u001b[0m: required by a bound in `select::document::Document::find`\u001b[0m\n\u001b[0m  \u001b[0m\u001b[0m\u001b[1m\u001b[38;5;14m--> \u001b[0m\u001b[0mC:\\Users\\danie\\.cargo\\registry\\src\\github.com-1ecc6299db9ec823\\select-0.6.0\\src\\document.rs:17:20\u001b[0m\n\u001b[0m   \u001b[0m\u001b[0m\u001b[1m\u001b[38;5;14m|\u001b[0m\n\u001b[0m\u001b[1m\u001b[38;5;14m17\u001b[0m\u001b[0m \u001b[0m\u001b[0m\u001b[1m\u001b[38;5;14m|\u001b[0m\u001b[0m \u001b[0m\u001b[0m    pub fn find<P: Predicate>(&self, predicate: P) -> Find<P> {\u001b[0m\n\u001b[0m   \u001b[0m\u001b[0m\u001b[1m\u001b[38;5;14m| \u001b[0m\u001b[0m                   \u001b[0m\u001b[0m\u001b[1m\u001b[38;5;10m^^^^^^^^^\u001b[0m\u001b[0m \u001b[0m\u001b[0m\u001b[1m\u001b[38;5;10mrequired by this bound in `Document::find`\u001b[0m\n\n"}
{"message":"the method `next` exists for struct `Find<'_, Attr<&str, String>>`, but its trait bounds were not satisfied","code":{"code":"E0599","explanation":"This error occurs when a method is used on a type which doesn't implement it:\n\nErroneous code example:\n\n```compile_fail,E0599\nstruct Mouth;\n\nlet x = Mouth;\nx.chocolate(); // error: no method named `chocolate` found for type `Mouth`\n               //        in the current scope\n```\n\nIn this case, you need to implement the `chocolate` method to fix the error:\n\n```\nstruct Mouth;\n\nimpl Mouth {\n    fn chocolate(&self) { // We implement the `chocolate` method here.\n        println!(\"Hmmm! I love chocolate!\");\n    }\n}\n\nlet x = Mouth;\nx.chocolate(); // ok!\n```\n"},"level":"error","spans":[{"file_name":"modulus-ponens\\src\\main.rs","byte_start":457,"byte_end":461,"line_start":17,"line_end":17,"column_start":10,"column_end":14,"is_primary":true,"text":[{"text":"        .next()","highlight_start":10,"highlight_end":14}],"label":"private field, not a method","suggested_replacement":null,"suggestion_applicability":null,"expansion":null},{"file_name":"C:\\Users\\danie\\.cargo\\registry\\src\\github.com-1ecc6299db9ec823\\select-0.6.0\\src\\document.rs","byte_start":4616,"byte_end":4638,"line_start":145,"line_end":145,"column_start":1,"column_end":23,"is_primary":false,"text":[{"text":"pub struct Find<'a, P> {","highlight_start":1,"highlight_end":23}],"label":"doesn't satisfy `_: Iterator`","suggested_replacement":null,"suggestion_applicability":null,"expansion":null},{"file_name":"C:\\Users\\danie\\.cargo\\registry\\src\\github.com-1ecc6299db9ec823\\select-0.6.0\\src\\predicate.rs","byte_start":1937,"byte_end":1958,"line_start":83,"line_end":83,"column_start":1,"column_end":22,"is_primary":false,"text":[{"text":"pub struct Attr<N, V>(pub N, pub V);","highlight_start":1,"highlight_end":22}],"label":"doesn't satisfy `Attr<&str, String>: Predicate`","suggested_replacement":null,"suggestion_applicability":null,"expansion":null}],"children":[{"message":"the following trait bounds were not satisfied:\n`Attr<&str, String>: Predicate`\nwhich is required by `select::document::Find<'_, Attr<&str, String>>: Iterator`","code":null,"level":"note","spans":[],"children":[],"rendered":null}],"rendered":"\u001b[0m\u001b[1m\u001b[38;5;9merror[E0599]\u001b[0m\u001b[0m\u001b[1m\u001b[38;5;15m: the method `next` exists for struct `Find<'_, Attr<&str, String>>`, but its trait bounds were not satisfied\u001b[0m\n\u001b[0m   \u001b[0m\u001b[0m\u001b[1m\u001b[38;5;14m--> \u001b[0m\u001b[0mmodulus-ponens\\src\\main.rs:17:10\u001b[0m\n\u001b[0m    \u001b[0m\u001b[0m\u001b[1m\u001b[38;5;14m|\u001b[0m\n\u001b[0m\u001b[1m\u001b[38;5;14m17\u001b[0m\u001b[0m  \u001b[0m\u001b[0m\u001b[1m\u001b[38;5;14m|\u001b[0m\u001b[0m \u001b[0m\u001b[0m        .next()\u001b[0m\n\u001b[0m    \u001b[0m\u001b[0m\u001b[1m\u001b[38;5;14m| \u001b[0m\u001b[0m         \u001b[0m\u001b[0m\u001b[1m\u001b[38;5;9m^^^^\u001b[0m\u001b[0m \u001b[0m\u001b[0m\u001b[1m\u001b[38;5;9mprivate field, not a method\u001b[0m\n\u001b[0m    \u001b[0m\u001b[0m\u001b[1m\u001b[38;5;14m|\u001b[0m\n\u001b[0m   \u001b[0m\u001b[0m\u001b[1m\u001b[38;5;14m::: \u001b[0m\u001b[0mC:\\Users\\danie\\.cargo\\registry\\src\\github.com-1ecc6299db9ec823\\select-0.6.0\\src\\document.rs:145:1\u001b[0m\n\u001b[0m    \u001b[0m\u001b[0m\u001b[1m\u001b[38;5;14m|\u001b[0m\n\u001b[0m\u001b[1m\u001b[38;5;14m145\u001b[0m\u001b[0m \u001b[0m\u001b[0m\u001b[1m\u001b[38;5;14m|\u001b[0m\u001b[0m \u001b[0m\u001b[0mpub struct Find<'a, P> {\u001b[0m\n\u001b[0m    \u001b[0m\u001b[0m\u001b[1m\u001b[38;5;14m| \u001b[0m\u001b[0m\u001b[1m\u001b[38;5;14m----------------------\u001b[0m\u001b[0m \u001b[0m\u001b[0m\u001b[1m\u001b[38;5;14mdoesn't satisfy `_: Iterator`\u001b[0m\n\u001b[0m    \u001b[0m\u001b[0m\u001b[1m\u001b[38;5;14m|\u001b[0m\n\u001b[0m   \u001b[0m\u001b[0m\u001b[1m\u001b[38;5;14m::: \u001b[0m\u001b[0mC:\\Users\\danie\\.cargo\\registry\\src\\github.com-1ecc6299db9ec823\\select-0.6.0\\src\\predicate.rs:83:1\u001b[0m\n\u001b[0m    \u001b[0m\u001b[0m\u001b[1m\u001b[38;5;14m|\u001b[0m\n\u001b[0m\u001b[1m\u001b[38;5;14m83\u001b[0m\u001b[0m  \u001b[0m\u001b[0m\u001b[1m\u001b[38;5;14m|\u001b[0m\u001b[0m \u001b[0m\u001b[0mpub struct Attr<N, V>(pub N, pub V);\u001b[0m\n\u001b[0m    \u001b[0m\u001b[0m\u001b[1m\u001b[38;5;14m| \u001b[0m\u001b[0m\u001b[1m\u001b[38;5;14m---------------------\u001b[0m\u001b[0m \u001b[0m\u001b[0m\u001b[1m\u001b[38;5;14mdoesn't satisfy `Attr<&str, String>: Predicate`\u001b[0m\n\u001b[0m    \u001b[0m\u001b[0m\u001b[1m\u001b[38;5;14m|\u001b[0m\n\u001b[0m    \u001b[0m\u001b[0m\u001b[1m\u001b[38;5;14m= \u001b[0m\u001b[0m\u001b[1m\u001b[38;5;15mnote\u001b[0m\u001b[0m: the following trait bounds were not satisfied:\u001b[0m\n\u001b[0m            `Attr<&str, String>: Predicate`\u001b[0m\n\u001b[0m            which is required by `select::document::Find<'_, Attr<&str, String>>: Iterator`\u001b[0m\n\n"}
{"message":"mismatched types","code":{"code":"E0308","explanation":"Expected type did not match the received type.\n\nErroneous code examples:\n\n```compile_fail,E0308\nfn plus_one(x: i32) -> i32 {\n    x + 1\n}\n\nplus_one(\"Not a number\");\n//       ^^^^^^^^^^^^^^ expected `i32`, found `&str`\n\nif \"Not a bool\" {\n// ^^^^^^^^^^^^ expected `bool`, found `&str`\n}\n\nlet x: f32 = \"Not a float\";\n//     ---   ^^^^^^^^^^^^^ expected `f32`, found `&str`\n//     |\n//     expected due to this\n```\n\nThis error occurs when an expression was used in a place where the compiler\nexpected an expression of a different type. It can occur in several cases, the\nmost common being when calling a function and passing an argument which has a\ndifferent type than the matching type in the function declaration.\n"},"level":"error","spans":[{"file_name":"modulus-ponens\\src\\main.rs","byte_start":748,"byte_end":766,"line_start":28,"line_end":28,"column_start":41,"column_end":59,"is_primary":true,"text":[{"text":"    let fragment = Html::parse_fragment(division_selection);","highlight_start":41,"highlight_end":59}],"label":"expected `&str`, found `Document`","suggested_replacement":null,"suggestion_applicability":null,"expansion":null},{"file_name":"modulus-ponens\\src\\main.rs","byte_start":727,"byte_end":747,"line_start":28,"line_end":28,"column_start":20,"column_end":40,"is_primary":false,"text":[{"text":"    let fragment = Html::parse_fragment(division_selection);","highlight_start":20,"highlight_end":40}],"label":"arguments to this function are incorrect","suggested_replacement":null,"suggestion_applicability":null,"expansion":null}],"children":[{"message":"associated function defined here","code":null,"level":"note","spans":[{"file_name":"C:\\Users\\danie\\.cargo\\registry\\src\\github.com-1ecc6299db9ec823\\scraper-0.14.0\\src\\html\\mod.rs","byte_start":2123,"byte_end":2137,"line_start":77,"line_end":77,"column_start":12,"column_end":26,"is_primary":true,"text":[{"text":"    pub fn parse_fragment(fragment: &str) -> Self {","highlight_start":12,"highlight_end":26}],"label":null,"suggested_replacement":null,"suggestion_applicability":null,"expansion":null}],"children":[],"rendered":null}],"rendered":"\u001b[0m\u001b[1m\u001b[38;5;9merror[E0308]\u001b[0m\u001b[0m\u001b[1m\u001b[38;5;15m: mismatched types\u001b[0m\n\u001b[0m  \u001b[0m\u001b[0m\u001b[1m\u001b[38;5;14m--> \u001b[0m\u001b[0mmodulus-ponens\\src\\main.rs:28:41\u001b[0m\n\u001b[0m   \u001b[0m\u001b[0m\u001b[1m\u001b[38;5;14m|\u001b[0m\n\u001b[0m\u001b[1m\u001b[38;5;14m28\u001b[0m\u001b[0m \u001b[0m\u001b[0m\u001b[1m\u001b[38;5;14m|\u001b[0m\u001b[0m \u001b[0m\u001b[0m    let fragment = Html::parse_fragment(division_selection);\u001b[0m\n\u001b[0m   \u001b[0m\u001b[0m\u001b[1m\u001b[38;5;14m| \u001b[0m\u001b[0m                   \u001b[0m\u001b[0m\u001b[1m\u001b[38;5;14m--------------------\u001b[0m\u001b[0m \u001b[0m\u001b[0m\u001b[1m\u001b[38;5;9m^^^^^^^^^^^^^^^^^^\u001b[0m\u001b[0m \u001b[0m\u001b[0m\u001b[1m\u001b[38;5;9mexpected `&str`, found `Document`\u001b[0m\n\u001b[0m   \u001b[0m\u001b[0m\u001b[1m\u001b[38;5;14m| \u001b[0m\u001b[0m                   \u001b[0m\u001b[0m\u001b[1m\u001b[38;5;14m|\u001b[0m\n\u001b[0m   \u001b[0m\u001b[0m\u001b[1m\u001b[38;5;14m| \u001b[0m\u001b[0m                   \u001b[0m\u001b[0m\u001b[1m\u001b[38;5;14marguments to this function are incorrect\u001b[0m\n\u001b[0m   \u001b[0m\u001b[0m\u001b[1m\u001b[38;5;14m|\u001b[0m\n\u001b[0m\u001b[1m\u001b[38;5;10mnote\u001b[0m\u001b[0m: associated function defined here\u001b[0m\n\u001b[0m  \u001b[0m\u001b[0m\u001b[1m\u001b[38;5;14m--> \u001b[0m\u001b[0mC:\\Users\\danie\\.cargo\\registry\\src\\github.com-1ecc6299db9ec823\\scraper-0.14.0\\src\\html\\mod.rs:77:12\u001b[0m\n\u001b[0m   \u001b[0m\u001b[0m\u001b[1m\u001b[38;5;14m|\u001b[0m\n\u001b[0m\u001b[1m\u001b[38;5;14m77\u001b[0m\u001b[0m \u001b[0m\u001b[0m\u001b[1m\u001b[38;5;14m|\u001b[0m\u001b[0m \u001b[0m\u001b[0m    pub fn parse_fragment(fragment: &str) -> Self {\u001b[0m\n\u001b[0m   \u001b[0m\u001b[0m\u001b[1m\u001b[38;5;14m| \u001b[0m\u001b[0m           \u001b[0m\u001b[0m\u001b[1m\u001b[38;5;10m^^^^^^^^^^^^^^\u001b[0m\n\n"}
{"message":"mismatched types","code":{"code":"E0308","explanation":"Expected type did not match the received type.\n\nErroneous code examples:\n\n```compile_fail,E0308\nfn plus_one(x: i32) -> i32 {\n    x + 1\n}\n\nplus_one(\"Not a number\");\n//       ^^^^^^^^^^^^^^ expected `i32`, found `&str`\n\nif \"Not a bool\" {\n// ^^^^^^^^^^^^ expected `bool`, found `&str`\n}\n\nlet x: f32 = \"Not a float\";\n//     ---   ^^^^^^^^^^^^^ expected `f32`, found `&str`\n//     |\n//     expected due to this\n```\n\nThis error occurs when an expression was used in a place where the compiler\nexpected an expression of a different type. It can occur in several cases, the\nmost common being when calling a function and passing an argument which has a\ndifferent type than the matching type in the function declaration.\n"},"level":"error","spans":[{"file_name":"modulus-ponens\\src\\main.rs","byte_start":814,"byte_end":832,"line_start":29,"line_end":29,"column_start":46,"column_end":64,"is_primary":true,"text":[{"text":"    let children_fragments = fragment.select(division_selection).next().unwrap();","highlight_start":46,"highlight_end":64}],"label":"expected `&Selector`, found `Document`","suggested_replacement":null,"suggestion_applicability":null,"expansion":null},{"file_name":"modulus-ponens\\src\\main.rs","byte_start":807,"byte_end":813,"line_start":29,"line_end":29,"column_start":39,"column_end":45,"is_primary":false,"text":[{"text":"    let children_fragments = fragment.select(division_selection).next().unwrap();","highlight_start":39,"highlight_end":45}],"label":"arguments to this method are incorrect","suggested_replacement":null,"suggestion_applicability":null,"expansion":null}],"children":[{"message":"associated function defined here","code":null,"level":"note","spans":[{"file_name":"C:\\Users\\danie\\.cargo\\registry\\src\\github.com-1ecc6299db9ec823\\scraper-0.14.0\\src\\html\\mod.rs","byte_start":2485,"byte_end":2491,"line_start":88,"line_end":88,"column_start":12,"column_end":18,"is_primary":true,"text":[{"text":"    pub fn select<'a, 'b>(&'a self, selector: &'b Selector) -> Select<'a, 'b> {","highlight_start":12,"highlight_end":18}],"label":null,"suggested_replacement":null,"suggestion_applicability":null,"expansion":null}],"children":[],"rendered":null}],"rendered":"\u001b[0m\u001b[1m\u001b[38;5;9merror[E0308]\u001b[0m\u001b[0m\u001b[1m\u001b[38;5;15m: mismatched types\u001b[0m\n\u001b[0m  \u001b[0m\u001b[0m\u001b[1m\u001b[38;5;14m--> \u001b[0m\u001b[0mmodulus-ponens\\src\\main.rs:29:46\u001b[0m\n\u001b[0m   \u001b[0m\u001b[0m\u001b[1m\u001b[38;5;14m|\u001b[0m\n\u001b[0m\u001b[1m\u001b[38;5;14m29\u001b[0m\u001b[0m \u001b[0m\u001b[0m\u001b[1m\u001b[38;5;14m|\u001b[0m\u001b[0m \u001b[0m\u001b[0m    let children_fragments = fragment.select(division_selection).next().unwrap();\u001b[0m\n\u001b[0m   \u001b[0m\u001b[0m\u001b[1m\u001b[38;5;14m| \u001b[0m\u001b[0m                                      \u001b[0m\u001b[0m\u001b[1m\u001b[38;5;14m------\u001b[0m\u001b[0m \u001b[0m\u001b[0m\u001b[1m\u001b[38;5;9m^^^^^^^^^^^^^^^^^^\u001b[0m\u001b[0m \u001b[0m\u001b[0m\u001b[1m\u001b[38;5;9mexpected `&Selector`, found `Document`\u001b[0m\n\u001b[0m   \u001b[0m\u001b[0m\u001b[1m\u001b[38;5;14m| \u001b[0m\u001b[0m                                      \u001b[0m\u001b[0m\u001b[1m\u001b[38;5;14m|\u001b[0m\n\u001b[0m   \u001b[0m\u001b[0m\u001b[1m\u001b[38;5;14m| \u001b[0m\u001b[0m                                      \u001b[0m\u001b[0m\u001b[1m\u001b[38;5;14marguments to this method are incorrect\u001b[0m\n\u001b[0m   \u001b[0m\u001b[0m\u001b[1m\u001b[38;5;14m|\u001b[0m\n\u001b[0m\u001b[1m\u001b[38;5;10mnote\u001b[0m\u001b[0m: associated function defined here\u001b[0m\n\u001b[0m  \u001b[0m\u001b[0m\u001b[1m\u001b[38;5;14m--> \u001b[0m\u001b[0mC:\\Users\\danie\\.cargo\\registry\\src\\github.com-1ecc6299db9ec823\\scraper-0.14.0\\src\\html\\mod.rs:88:12\u001b[0m\n\u001b[0m   \u001b[0m\u001b[0m\u001b[1m\u001b[38;5;14m|\u001b[0m\n\u001b[0m\u001b[1m\u001b[38;5;14m88\u001b[0m\u001b[0m \u001b[0m\u001b[0m\u001b[1m\u001b[38;5;14m|\u001b[0m\u001b[0m \u001b[0m\u001b[0m    pub fn select<'a, 'b>(&'a self, selector: &'b Selector) -> Select<'a, 'b> {\u001b[0m\n\u001b[0m   \u001b[0m\u001b[0m\u001b[1m\u001b[38;5;14m| \u001b[0m\u001b[0m           \u001b[0m\u001b[0m\u001b[1m\u001b[38;5;10m^^^^^^\u001b[0m\n\n"}
{"message":"mismatched types","code":{"code":"E0308","explanation":"Expected type did not match the received type.\n\nErroneous code examples:\n\n```compile_fail,E0308\nfn plus_one(x: i32) -> i32 {\n    x + 1\n}\n\nplus_one(\"Not a number\");\n//       ^^^^^^^^^^^^^^ expected `i32`, found `&str`\n\nif \"Not a bool\" {\n// ^^^^^^^^^^^^ expected `bool`, found `&str`\n}\n\nlet x: f32 = \"Not a float\";\n//     ---   ^^^^^^^^^^^^^ expected `f32`, found `&str`\n//     |\n//     expected due to this\n```\n\nThis error occurs when an expression was used in a place where the compiler\nexpected an expression of a different type. It can occur in several cases, the\nmost common being when calling a function and passing an argument which has a\ndifferent type than the matching type in the function declaration.\n"},"level":"error","spans":[{"file_name":"modulus-ponens\\src\\main.rs","byte_start":971,"byte_end":986,"line_start":31,"line_end":31,"column_start":45,"column_end":60,"is_primary":true,"text":[{"text":"    let regex_matcher = exported_class.find(descendant_body);","highlight_start":45,"highlight_end":60}],"label":"expected `&str`, found `Vec<&str>`","suggested_replacement":null,"suggestion_applicability":null,"expansion":null},{"file_name":"modulus-ponens\\src\\main.rs","byte_start":966,"byte_end":970,"line_start":31,"line_end":31,"column_start":40,"column_end":44,"is_primary":false,"text":[{"text":"    let regex_matcher = exported_class.find(descendant_body);","highlight_start":40,"highlight_end":44}],"label":"arguments to this method are incorrect","suggested_replacement":null,"suggestion_applicability":null,"expansion":null}],"children":[{"message":"expected reference `&str`\n      found struct `Vec<&str>`","code":null,"level":"note","spans":[],"children":[],"rendered":null},{"message":"associated function defined here","code":null,"level":"note","spans":[{"file_name":"C:\\Users\\danie\\.cargo\\registry\\src\\github.com-1ecc6299db9ec823\\regex-1.7.1\\src\\re_unicode.rs","byte_start":6794,"byte_end":6798,"line_start":222,"line_end":222,"column_start":12,"column_end":16,"is_primary":true,"text":[{"text":"    pub fn find<'t>(&self, text: &'t str) -> Option<Match<'t>> {","highlight_start":12,"highlight_end":16}],"label":null,"suggested_replacement":null,"suggestion_applicability":null,"expansion":null}],"children":[],"rendered":null}],"rendered":"\u001b[0m\u001b[1m\u001b[38;5;9merror[E0308]\u001b[0m\u001b[0m\u001b[1m\u001b[38;5;15m: mismatched types\u001b[0m\n\u001b[0m   \u001b[0m\u001b[0m\u001b[1m\u001b[38;5;14m--> \u001b[0m\u001b[0mmodulus-ponens\\src\\main.rs:31:45\u001b[0m\n\u001b[0m    \u001b[0m\u001b[0m\u001b[1m\u001b[38;5;14m|\u001b[0m\n\u001b[0m\u001b[1m\u001b[38;5;14m31\u001b[0m\u001b[0m  \u001b[0m\u001b[0m\u001b[1m\u001b[38;5;14m|\u001b[0m\u001b[0m \u001b[0m\u001b[0m    let regex_matcher = exported_class.find(descendant_body);\u001b[0m\n\u001b[0m    \u001b[0m\u001b[0m\u001b[1m\u001b[38;5;14m| \u001b[0m\u001b[0m                                       \u001b[0m\u001b[0m\u001b[1m\u001b[38;5;14m----\u001b[0m\u001b[0m \u001b[0m\u001b[0m\u001b[1m\u001b[38;5;9m^^^^^^^^^^^^^^^\u001b[0m\u001b[0m \u001b[0m\u001b[0m\u001b[1m\u001b[38;5;9mexpected `&str`, found `Vec<&str>`\u001b[0m\n\u001b[0m    \u001b[0m\u001b[0m\u001b[1m\u001b[38;5;14m| \u001b[0m\u001b[0m                                       \u001b[0m\u001b[0m\u001b[1m\u001b[38;5;14m|\u001b[0m\n\u001b[0m    \u001b[0m\u001b[0m\u001b[1m\u001b[38;5;14m| \u001b[0m\u001b[0m                                       \u001b[0m\u001b[0m\u001b[1m\u001b[38;5;14marguments to this method are incorrect\u001b[0m\n\u001b[0m    \u001b[0m\u001b[0m\u001b[1m\u001b[38;5;14m|\u001b[0m\n\u001b[0m    \u001b[0m\u001b[0m\u001b[1m\u001b[38;5;14m= \u001b[0m\u001b[0m\u001b[1m\u001b[38;5;15mnote\u001b[0m\u001b[0m: expected reference `\u001b[0m\u001b[0m\u001b[1m&str\u001b[0m\u001b[0m`\u001b[0m\n\u001b[0m                  found struct `\u001b[0m\u001b[0m\u001b[1mVec<&str>\u001b[0m\u001b[0m`\u001b[0m\n\u001b[0m\u001b[1m\u001b[38;5;10mnote\u001b[0m\u001b[0m: associated function defined here\u001b[0m\n\u001b[0m   \u001b[0m\u001b[0m\u001b[1m\u001b[38;5;14m--> \u001b[0m\u001b[0mC:\\Users\\danie\\.cargo\\registry\\src\\github.com-1ecc6299db9ec823\\regex-1.7.1\\src\\re_unicode.rs:222:12\u001b[0m\n\u001b[0m    \u001b[0m\u001b[0m\u001b[1m\u001b[38;5;14m|\u001b[0m\n\u001b[0m\u001b[1m\u001b[38;5;14m222\u001b[0m\u001b[0m \u001b[0m\u001b[0m\u001b[1m\u001b[38;5;14m|\u001b[0m\u001b[0m \u001b[0m\u001b[0m    pub fn find<'t>(&self, text: &'t str) -> Option<Match<'t>> {\u001b[0m\n\u001b[0m    \u001b[0m\u001b[0m\u001b[1m\u001b[38;5;14m| \u001b[0m\u001b[0m           \u001b[0m\u001b[0m\u001b[1m\u001b[38;5;10m^^^^\u001b[0m\n\n"}
{"message":"no method named `attr` found for struct `ElementRef<'_>` in the current scope","code":{"code":"E0599","explanation":"This error occurs when a method is used on a type which doesn't implement it:\n\nErroneous code example:\n\n```compile_fail,E0599\nstruct Mouth;\n\nlet x = Mouth;\nx.chocolate(); // error: no method named `chocolate` found for type `Mouth`\n               //        in the current scope\n```\n\nIn this case, you need to implement the `chocolate` method to fix the error:\n\n```\nstruct Mouth;\n\nimpl Mouth {\n    fn chocolate(&self) { // We implement the `chocolate` method here.\n        println!(\"Hmmm! I love chocolate!\");\n    }\n}\n\nlet x = Mouth;\nx.chocolate(); // ok!\n```\n"},"level":"error","spans":[{"file_name":"modulus-ponens\\src\\main.rs","byte_start":1249,"byte_end":1253,"line_start":42,"line_end":42,"column_start":28,"column_end":32,"is_primary":true,"text":[{"text":"        children_fragments.attr(exported_class)","highlight_start":28,"highlight_end":32}],"label":"method not found in `ElementRef<'_>`","suggested_replacement":null,"suggestion_applicability":null,"expansion":null}],"children":[],"rendered":"\u001b[0m\u001b[1m\u001b[38;5;9merror[E0599]\u001b[0m\u001b[0m\u001b[1m\u001b[38;5;15m: no method named `attr` found for struct `ElementRef<'_>` in the current scope\u001b[0m\n\u001b[0m  \u001b[0m\u001b[0m\u001b[1m\u001b[38;5;14m--> \u001b[0m\u001b[0mmodulus-ponens\\src\\main.rs:42:28\u001b[0m\n\u001b[0m   \u001b[0m\u001b[0m\u001b[1m\u001b[38;5;14m|\u001b[0m\n\u001b[0m\u001b[1m\u001b[38;5;14m42\u001b[0m\u001b[0m \u001b[0m\u001b[0m\u001b[1m\u001b[38;5;14m|\u001b[0m\u001b[0m \u001b[0m\u001b[0m        children_fragments.attr(exported_class)\u001b[0m\n\u001b[0m   \u001b[0m\u001b[0m\u001b[1m\u001b[38;5;14m| \u001b[0m\u001b[0m                           \u001b[0m\u001b[0m\u001b[1m\u001b[38;5;9m^^^^\u001b[0m\u001b[0m \u001b[0m\u001b[0m\u001b[1m\u001b[38;5;9mmethod not found in `ElementRef<'_>`\u001b[0m\n\n"}
{"message":"aborting due to 7 previous errors","code":null,"level":"error","spans":[],"children":[],"rendered":"\u001b[0m\u001b[1m\u001b[38;5;9merror\u001b[0m\u001b[0m\u001b[1m\u001b[38;5;15m: aborting due to 7 previous errors\u001b[0m\n\n"}
{"message":"Some errors have detailed explanations: E0277, E0308, E0599.","code":null,"level":"failure-note","spans":[],"children":[],"rendered":"\u001b[0m\u001b[1m\u001b[38;5;15mSome errors have detailed explanations: E0277, E0308, E0599.\u001b[0m\n"}
{"message":"For more information about an error, try `rustc --explain E0277`.","code":null,"level":"failure-note","spans":[],"children":[],"rendered":"\u001b[0m\u001b[1m\u001b[38;5;15mFor more information about an error, try `rustc --explain E0277`.\u001b[0m\n"}
