{"message":"found crate `tracing_core` compiled by an incompatible version of rustc","code":{"code":"E0514","explanation":"Dependency compiled with different version of `rustc`.\n\nExample of erroneous code:\n\n`a.rs`\n```ignore (cannot-link-with-other-tests)\n// compiled with stable `rustc`\n\n#[crate_type = \"lib\"]\n```\n\n`b.rs`\n```ignore (cannot-link-with-other-tests)\n// compiled with nightly `rustc`\n\n#[crate_type = \"lib\"]\n\nextern crate a; // error: found crate `a` compiled by an incompatible version\n                //        of rustc\n```\n\nThis error is caused when the version of `rustc` used to compile a crate, as\nstored in the binary's metadata, differs from the version of one of its\ndependencies. Many parts of Rust binaries are considered unstable. For\ninstance, the Rust ABI is not stable between compiler versions. This means that\nthe compiler cannot be sure about *how* to call a function between compiler\nversions, and therefore this error occurs.\n\nThis error can be fixed by:\n * Using [Cargo](../cargo/index.html), the Rust package manager and\n   [Rustup](https://rust-lang.github.io/rustup/), the Rust toolchain installer,\n   automatically fixing this issue.\n * Recompiling the crates with a uniform `rustc` version.\n"},"level":"error","spans":[{"file_name":"C:\\Users\\danie\\.cargo\\registry\\src\\github.com-1ecc6299db9ec823\\tracing-0.1.37\\src\\lib.rs","byte_start":39196,"byte_end":39208,"line_start":938,"line_end":938,"column_start":5,"column_end":17,"is_primary":true,"text":[{"text":"use tracing_core::*;","highlight_start":5,"highlight_end":17}],"label":null,"suggested_replacement":null,"suggestion_applicability":null,"expansion":null}],"children":[{"message":"the following crate versions were found:\ncrate `tracing_core` compiled by rustc 1.69.0-nightly (2773383a3 2023-02-10): \\\\?\\F:\\Sources\\Repos\\dwy-vest\\Dwy-Vest\\target\\debug\\deps\\libtracing_core-82f65f367b395120.rmeta","code":null,"level":"note","spans":[],"children":[],"rendered":null},{"message":"please recompile that crate using this compiler (rustc 1.69.0-nightly (4507fdaaa 2023-02-18)) (consider running `cargo clean` first)","code":null,"level":"help","spans":[],"children":[],"rendered":null}],"rendered":"\u001b[0m\u001b[1m\u001b[38;5;9merror[E0514]\u001b[0m\u001b[0m\u001b[1m\u001b[38;5;15m: found crate `tracing_core` compiled by an incompatible version of rustc\u001b[0m\n\u001b[0m   \u001b[0m\u001b[0m\u001b[1m\u001b[38;5;14m--> \u001b[0m\u001b[0mC:\\Users\\danie\\.cargo\\registry\\src\\github.com-1ecc6299db9ec823\\tracing-0.1.37\\src\\lib.rs:938:5\u001b[0m\n\u001b[0m    \u001b[0m\u001b[0m\u001b[1m\u001b[38;5;14m|\u001b[0m\n\u001b[0m\u001b[1m\u001b[38;5;14m938\u001b[0m\u001b[0m \u001b[0m\u001b[0m\u001b[1m\u001b[38;5;14m|\u001b[0m\u001b[0m \u001b[0m\u001b[0muse tracing_core::*;\u001b[0m\n\u001b[0m    \u001b[0m\u001b[0m\u001b[1m\u001b[38;5;14m| \u001b[0m\u001b[0m    \u001b[0m\u001b[0m\u001b[1m\u001b[38;5;9m^^^^^^^^^^^^\u001b[0m\n\u001b[0m    \u001b[0m\u001b[0m\u001b[1m\u001b[38;5;14m|\u001b[0m\n\u001b[0m    \u001b[0m\u001b[0m\u001b[1m\u001b[38;5;14m= \u001b[0m\u001b[0m\u001b[1m\u001b[38;5;15mnote\u001b[0m\u001b[0m: the following crate versions were found:\u001b[0m\n\u001b[0m            crate `tracing_core` compiled by rustc 1.69.0-nightly (2773383a3 2023-02-10): \\\\?\\F:\\Sources\\Repos\\dwy-vest\\Dwy-Vest\\target\\debug\\deps\\libtracing_core-82f65f367b395120.rmeta\u001b[0m\n\u001b[0m    \u001b[0m\u001b[0m\u001b[1m\u001b[38;5;14m= \u001b[0m\u001b[0m\u001b[1m\u001b[38;5;15mhelp\u001b[0m\u001b[0m: please recompile that crate using this compiler (rustc 1.69.0-nightly (4507fdaaa 2023-02-18)) (consider running `cargo clean` first)\u001b[0m\n\n"}
{"message":"found crate `tracing_core` compiled by an incompatible version of rustc","code":{"code":"E0514","explanation":"Dependency compiled with different version of `rustc`.\n\nExample of erroneous code:\n\n`a.rs`\n```ignore (cannot-link-with-other-tests)\n// compiled with stable `rustc`\n\n#[crate_type = \"lib\"]\n```\n\n`b.rs`\n```ignore (cannot-link-with-other-tests)\n// compiled with nightly `rustc`\n\n#[crate_type = \"lib\"]\n\nextern crate a; // error: found crate `a` compiled by an incompatible version\n                //        of rustc\n```\n\nThis error is caused when the version of `rustc` used to compile a crate, as\nstored in the binary's metadata, differs from the version of one of its\ndependencies. Many parts of Rust binaries are considered unstable. For\ninstance, the Rust ABI is not stable between compiler versions. This means that\nthe compiler cannot be sure about *how* to call a function between compiler\nversions, and therefore this error occurs.\n\nThis error can be fixed by:\n * Using [Cargo](../cargo/index.html), the Rust package manager and\n   [Rustup](https://rust-lang.github.io/rustup/), the Rust toolchain installer,\n   automatically fixing this issue.\n * Recompiling the crates with a uniform `rustc` version.\n"},"level":"error","spans":[{"file_name":"C:\\Users\\danie\\.cargo\\registry\\src\\github.com-1ecc6299db9ec823\\tracing-0.1.37\\src\\dispatcher.rs","byte_start":5174,"byte_end":5186,"line_start":128,"line_end":128,"column_start":9,"column_end":21,"is_primary":true,"text":[{"text":"pub use tracing_core::dispatcher::set_default;","highlight_start":9,"highlight_end":21}],"label":null,"suggested_replacement":null,"suggestion_applicability":null,"expansion":null}],"children":[{"message":"the following crate versions were found:\ncrate `tracing_core` compiled by rustc 1.69.0-nightly (2773383a3 2023-02-10): \\\\?\\F:\\Sources\\Repos\\dwy-vest\\Dwy-Vest\\target\\debug\\deps\\libtracing_core-82f65f367b395120.rmeta","code":null,"level":"note","spans":[],"children":[],"rendered":null},{"message":"please recompile that crate using this compiler (rustc 1.69.0-nightly (4507fdaaa 2023-02-18)) (consider running `cargo clean` first)","code":null,"level":"help","spans":[],"children":[],"rendered":null}],"rendered":"\u001b[0m\u001b[1m\u001b[38;5;9merror[E0514]\u001b[0m\u001b[0m\u001b[1m\u001b[38;5;15m: found crate `tracing_core` compiled by an incompatible version of rustc\u001b[0m\n\u001b[0m   \u001b[0m\u001b[0m\u001b[1m\u001b[38;5;14m--> \u001b[0m\u001b[0mC:\\Users\\danie\\.cargo\\registry\\src\\github.com-1ecc6299db9ec823\\tracing-0.1.37\\src\\dispatcher.rs:128:9\u001b[0m\n\u001b[0m    \u001b[0m\u001b[0m\u001b[1m\u001b[38;5;14m|\u001b[0m\n\u001b[0m\u001b[1m\u001b[38;5;14m128\u001b[0m\u001b[0m \u001b[0m\u001b[0m\u001b[1m\u001b[38;5;14m|\u001b[0m\u001b[0m \u001b[0m\u001b[0mpub use tracing_core::dispatcher::set_default;\u001b[0m\n\u001b[0m    \u001b[0m\u001b[0m\u001b[1m\u001b[38;5;14m| \u001b[0m\u001b[0m        \u001b[0m\u001b[0m\u001b[1m\u001b[38;5;9m^^^^^^^^^^^^\u001b[0m\n\u001b[0m    \u001b[0m\u001b[0m\u001b[1m\u001b[38;5;14m|\u001b[0m\n\u001b[0m    \u001b[0m\u001b[0m\u001b[1m\u001b[38;5;14m= \u001b[0m\u001b[0m\u001b[1m\u001b[38;5;15mnote\u001b[0m\u001b[0m: the following crate versions were found:\u001b[0m\n\u001b[0m            crate `tracing_core` compiled by rustc 1.69.0-nightly (2773383a3 2023-02-10): \\\\?\\F:\\Sources\\Repos\\dwy-vest\\Dwy-Vest\\target\\debug\\deps\\libtracing_core-82f65f367b395120.rmeta\u001b[0m\n\u001b[0m    \u001b[0m\u001b[0m\u001b[1m\u001b[38;5;14m= \u001b[0m\u001b[0m\u001b[1m\u001b[38;5;15mhelp\u001b[0m\u001b[0m: please recompile that crate using this compiler (rustc 1.69.0-nightly (4507fdaaa 2023-02-18)) (consider running `cargo clean` first)\u001b[0m\n\n"}
{"message":"found crate `tracing_core` compiled by an incompatible version of rustc","code":{"code":"E0514","explanation":"Dependency compiled with different version of `rustc`.\n\nExample of erroneous code:\n\n`a.rs`\n```ignore (cannot-link-with-other-tests)\n// compiled with stable `rustc`\n\n#[crate_type = \"lib\"]\n```\n\n`b.rs`\n```ignore (cannot-link-with-other-tests)\n// compiled with nightly `rustc`\n\n#[crate_type = \"lib\"]\n\nextern crate a; // error: found crate `a` compiled by an incompatible version\n                //        of rustc\n```\n\nThis error is caused when the version of `rustc` used to compile a crate, as\nstored in the binary's metadata, differs from the version of one of its\ndependencies. Many parts of Rust binaries are considered unstable. For\ninstance, the Rust ABI is not stable between compiler versions. This means that\nthe compiler cannot be sure about *how* to call a function between compiler\nversions, and therefore this error occurs.\n\nThis error can be fixed by:\n * Using [Cargo](../cargo/index.html), the Rust package manager and\n   [Rustup](https://rust-lang.github.io/rustup/), the Rust toolchain installer,\n   automatically fixing this issue.\n * Recompiling the crates with a uniform `rustc` version.\n"},"level":"error","spans":[{"file_name":"C:\\Users\\danie\\.cargo\\registry\\src\\github.com-1ecc6299db9ec823\\tracing-0.1.37\\src\\dispatcher.rs","byte_start":5292,"byte_end":5304,"line_start":131,"line_end":131,"column_start":9,"column_end":21,"is_primary":true,"text":[{"text":"pub use tracing_core::dispatcher::with_default;","highlight_start":9,"highlight_end":21}],"label":null,"suggested_replacement":null,"suggestion_applicability":null,"expansion":null}],"children":[{"message":"the following crate versions were found:\ncrate `tracing_core` compiled by rustc 1.69.0-nightly (2773383a3 2023-02-10): \\\\?\\F:\\Sources\\Repos\\dwy-vest\\Dwy-Vest\\target\\debug\\deps\\libtracing_core-82f65f367b395120.rmeta","code":null,"level":"note","spans":[],"children":[],"rendered":null},{"message":"please recompile that crate using this compiler (rustc 1.69.0-nightly (4507fdaaa 2023-02-18)) (consider running `cargo clean` first)","code":null,"level":"help","spans":[],"children":[],"rendered":null}],"rendered":"\u001b[0m\u001b[1m\u001b[38;5;9merror[E0514]\u001b[0m\u001b[0m\u001b[1m\u001b[38;5;15m: found crate `tracing_core` compiled by an incompatible version of rustc\u001b[0m\n\u001b[0m   \u001b[0m\u001b[0m\u001b[1m\u001b[38;5;14m--> \u001b[0m\u001b[0mC:\\Users\\danie\\.cargo\\registry\\src\\github.com-1ecc6299db9ec823\\tracing-0.1.37\\src\\dispatcher.rs:131:9\u001b[0m\n\u001b[0m    \u001b[0m\u001b[0m\u001b[1m\u001b[38;5;14m|\u001b[0m\n\u001b[0m\u001b[1m\u001b[38;5;14m131\u001b[0m\u001b[0m \u001b[0m\u001b[0m\u001b[1m\u001b[38;5;14m|\u001b[0m\u001b[0m \u001b[0m\u001b[0mpub use tracing_core::dispatcher::with_default;\u001b[0m\n\u001b[0m    \u001b[0m\u001b[0m\u001b[1m\u001b[38;5;14m| \u001b[0m\u001b[0m        \u001b[0m\u001b[0m\u001b[1m\u001b[38;5;9m^^^^^^^^^^^^\u001b[0m\n\u001b[0m    \u001b[0m\u001b[0m\u001b[1m\u001b[38;5;14m|\u001b[0m\n\u001b[0m    \u001b[0m\u001b[0m\u001b[1m\u001b[38;5;14m= \u001b[0m\u001b[0m\u001b[1m\u001b[38;5;15mnote\u001b[0m\u001b[0m: the following crate versions were found:\u001b[0m\n\u001b[0m            crate `tracing_core` compiled by rustc 1.69.0-nightly (2773383a3 2023-02-10): \\\\?\\F:\\Sources\\Repos\\dwy-vest\\Dwy-Vest\\target\\debug\\deps\\libtracing_core-82f65f367b395120.rmeta\u001b[0m\n\u001b[0m    \u001b[0m\u001b[0m\u001b[1m\u001b[38;5;14m= \u001b[0m\u001b[0m\u001b[1m\u001b[38;5;15mhelp\u001b[0m\u001b[0m: please recompile that crate using this compiler (rustc 1.69.0-nightly (4507fdaaa 2023-02-18)) (consider running `cargo clean` first)\u001b[0m\n\n"}
{"message":"found crate `tracing_core` compiled by an incompatible version of rustc","code":{"code":"E0514","explanation":"Dependency compiled with different version of `rustc`.\n\nExample of erroneous code:\n\n`a.rs`\n```ignore (cannot-link-with-other-tests)\n// compiled with stable `rustc`\n\n#[crate_type = \"lib\"]\n```\n\n`b.rs`\n```ignore (cannot-link-with-other-tests)\n// compiled with nightly `rustc`\n\n#[crate_type = \"lib\"]\n\nextern crate a; // error: found crate `a` compiled by an incompatible version\n                //        of rustc\n```\n\nThis error is caused when the version of `rustc` used to compile a crate, as\nstored in the binary's metadata, differs from the version of one of its\ndependencies. Many parts of Rust binaries are considered unstable. For\ninstance, the Rust ABI is not stable between compiler versions. This means that\nthe compiler cannot be sure about *how* to call a function between compiler\nversions, and therefore this error occurs.\n\nThis error can be fixed by:\n * Using [Cargo](../cargo/index.html), the Rust package manager and\n   [Rustup](https://rust-lang.github.io/rustup/), the Rust toolchain installer,\n   automatically fixing this issue.\n * Recompiling the crates with a uniform `rustc` version.\n"},"level":"error","spans":[{"file_name":"C:\\Users\\danie\\.cargo\\registry\\src\\github.com-1ecc6299db9ec823\\tracing-0.1.37\\src\\dispatcher.rs","byte_start":5411,"byte_end":5423,"line_start":134,"line_end":134,"column_start":9,"column_end":21,"is_primary":true,"text":[{"text":"pub use tracing_core::dispatcher::DefaultGuard;","highlight_start":9,"highlight_end":21}],"label":null,"suggested_replacement":null,"suggestion_applicability":null,"expansion":null}],"children":[{"message":"the following crate versions were found:\ncrate `tracing_core` compiled by rustc 1.69.0-nightly (2773383a3 2023-02-10): \\\\?\\F:\\Sources\\Repos\\dwy-vest\\Dwy-Vest\\target\\debug\\deps\\libtracing_core-82f65f367b395120.rmeta","code":null,"level":"note","spans":[],"children":[],"rendered":null},{"message":"please recompile that crate using this compiler (rustc 1.69.0-nightly (4507fdaaa 2023-02-18)) (consider running `cargo clean` first)","code":null,"level":"help","spans":[],"children":[],"rendered":null}],"rendered":"\u001b[0m\u001b[1m\u001b[38;5;9merror[E0514]\u001b[0m\u001b[0m\u001b[1m\u001b[38;5;15m: found crate `tracing_core` compiled by an incompatible version of rustc\u001b[0m\n\u001b[0m   \u001b[0m\u001b[0m\u001b[1m\u001b[38;5;14m--> \u001b[0m\u001b[0mC:\\Users\\danie\\.cargo\\registry\\src\\github.com-1ecc6299db9ec823\\tracing-0.1.37\\src\\dispatcher.rs:134:9\u001b[0m\n\u001b[0m    \u001b[0m\u001b[0m\u001b[1m\u001b[38;5;14m|\u001b[0m\n\u001b[0m\u001b[1m\u001b[38;5;14m134\u001b[0m\u001b[0m \u001b[0m\u001b[0m\u001b[1m\u001b[38;5;14m|\u001b[0m\u001b[0m \u001b[0m\u001b[0mpub use tracing_core::dispatcher::DefaultGuard;\u001b[0m\n\u001b[0m    \u001b[0m\u001b[0m\u001b[1m\u001b[38;5;14m| \u001b[0m\u001b[0m        \u001b[0m\u001b[0m\u001b[1m\u001b[38;5;9m^^^^^^^^^^^^\u001b[0m\n\u001b[0m    \u001b[0m\u001b[0m\u001b[1m\u001b[38;5;14m|\u001b[0m\n\u001b[0m    \u001b[0m\u001b[0m\u001b[1m\u001b[38;5;14m= \u001b[0m\u001b[0m\u001b[1m\u001b[38;5;15mnote\u001b[0m\u001b[0m: the following crate versions were found:\u001b[0m\n\u001b[0m            crate `tracing_core` compiled by rustc 1.69.0-nightly (2773383a3 2023-02-10): \\\\?\\F:\\Sources\\Repos\\dwy-vest\\Dwy-Vest\\target\\debug\\deps\\libtracing_core-82f65f367b395120.rmeta\u001b[0m\n\u001b[0m    \u001b[0m\u001b[0m\u001b[1m\u001b[38;5;14m= \u001b[0m\u001b[0m\u001b[1m\u001b[38;5;15mhelp\u001b[0m\u001b[0m: please recompile that crate using this compiler (rustc 1.69.0-nightly (4507fdaaa 2023-02-18)) (consider running `cargo clean` first)\u001b[0m\n\n"}
{"message":"found crate `tracing_core` compiled by an incompatible version of rustc","code":{"code":"E0514","explanation":"Dependency compiled with different version of `rustc`.\n\nExample of erroneous code:\n\n`a.rs`\n```ignore (cannot-link-with-other-tests)\n// compiled with stable `rustc`\n\n#[crate_type = \"lib\"]\n```\n\n`b.rs`\n```ignore (cannot-link-with-other-tests)\n// compiled with nightly `rustc`\n\n#[crate_type = \"lib\"]\n\nextern crate a; // error: found crate `a` compiled by an incompatible version\n                //        of rustc\n```\n\nThis error is caused when the version of `rustc` used to compile a crate, as\nstored in the binary's metadata, differs from the version of one of its\ndependencies. Many parts of Rust binaries are considered unstable. For\ninstance, the Rust ABI is not stable between compiler versions. This means that\nthe compiler cannot be sure about *how* to call a function between compiler\nversions, and therefore this error occurs.\n\nThis error can be fixed by:\n * Using [Cargo](../cargo/index.html), the Rust package manager and\n   [Rustup](https://rust-lang.github.io/rustup/), the Rust toolchain installer,\n   automatically fixing this issue.\n * Recompiling the crates with a uniform `rustc` version.\n"},"level":"error","spans":[{"file_name":"C:\\Users\\danie\\.cargo\\registry\\src\\github.com-1ecc6299db9ec823\\tracing-0.1.37\\src\\dispatcher.rs","byte_start":5459,"byte_end":5471,"line_start":135,"line_end":135,"column_start":9,"column_end":21,"is_primary":true,"text":[{"text":"pub use tracing_core::dispatcher::{","highlight_start":9,"highlight_end":21}],"label":null,"suggested_replacement":null,"suggestion_applicability":null,"expansion":null}],"children":[{"message":"the following crate versions were found:\ncrate `tracing_core` compiled by rustc 1.69.0-nightly (2773383a3 2023-02-10): \\\\?\\F:\\Sources\\Repos\\dwy-vest\\Dwy-Vest\\target\\debug\\deps\\libtracing_core-82f65f367b395120.rmeta","code":null,"level":"note","spans":[],"children":[],"rendered":null},{"message":"please recompile that crate using this compiler (rustc 1.69.0-nightly (4507fdaaa 2023-02-18)) (consider running `cargo clean` first)","code":null,"level":"help","spans":[],"children":[],"rendered":null}],"rendered":"\u001b[0m\u001b[1m\u001b[38;5;9merror[E0514]\u001b[0m\u001b[0m\u001b[1m\u001b[38;5;15m: found crate `tracing_core` compiled by an incompatible version of rustc\u001b[0m\n\u001b[0m   \u001b[0m\u001b[0m\u001b[1m\u001b[38;5;14m--> \u001b[0m\u001b[0mC:\\Users\\danie\\.cargo\\registry\\src\\github.com-1ecc6299db9ec823\\tracing-0.1.37\\src\\dispatcher.rs:135:9\u001b[0m\n\u001b[0m    \u001b[0m\u001b[0m\u001b[1m\u001b[38;5;14m|\u001b[0m\n\u001b[0m\u001b[1m\u001b[38;5;14m135\u001b[0m\u001b[0m \u001b[0m\u001b[0m\u001b[1m\u001b[38;5;14m|\u001b[0m\u001b[0m \u001b[0m\u001b[0mpub use tracing_core::dispatcher::{\u001b[0m\n\u001b[0m    \u001b[0m\u001b[0m\u001b[1m\u001b[38;5;14m| \u001b[0m\u001b[0m        \u001b[0m\u001b[0m\u001b[1m\u001b[38;5;9m^^^^^^^^^^^^\u001b[0m\n\u001b[0m    \u001b[0m\u001b[0m\u001b[1m\u001b[38;5;14m|\u001b[0m\n\u001b[0m    \u001b[0m\u001b[0m\u001b[1m\u001b[38;5;14m= \u001b[0m\u001b[0m\u001b[1m\u001b[38;5;15mnote\u001b[0m\u001b[0m: the following crate versions were found:\u001b[0m\n\u001b[0m            crate `tracing_core` compiled by rustc 1.69.0-nightly (2773383a3 2023-02-10): \\\\?\\F:\\Sources\\Repos\\dwy-vest\\Dwy-Vest\\target\\debug\\deps\\libtracing_core-82f65f367b395120.rmeta\u001b[0m\n\u001b[0m    \u001b[0m\u001b[0m\u001b[1m\u001b[38;5;14m= \u001b[0m\u001b[0m\u001b[1m\u001b[38;5;15mhelp\u001b[0m\u001b[0m: please recompile that crate using this compiler (rustc 1.69.0-nightly (4507fdaaa 2023-02-18)) (consider running `cargo clean` first)\u001b[0m\n\n"}
{"message":"found crate `tracing_core` compiled by an incompatible version of rustc","code":{"code":"E0514","explanation":"Dependency compiled with different version of `rustc`.\n\nExample of erroneous code:\n\n`a.rs`\n```ignore (cannot-link-with-other-tests)\n// compiled with stable `rustc`\n\n#[crate_type = \"lib\"]\n```\n\n`b.rs`\n```ignore (cannot-link-with-other-tests)\n// compiled with nightly `rustc`\n\n#[crate_type = \"lib\"]\n\nextern crate a; // error: found crate `a` compiled by an incompatible version\n                //        of rustc\n```\n\nThis error is caused when the version of `rustc` used to compile a crate, as\nstored in the binary's metadata, differs from the version of one of its\ndependencies. Many parts of Rust binaries are considered unstable. For\ninstance, the Rust ABI is not stable between compiler versions. This means that\nthe compiler cannot be sure about *how* to call a function between compiler\nversions, and therefore this error occurs.\n\nThis error can be fixed by:\n * Using [Cargo](../cargo/index.html), the Rust package manager and\n   [Rustup](https://rust-lang.github.io/rustup/), the Rust toolchain installer,\n   automatically fixing this issue.\n * Recompiling the crates with a uniform `rustc` version.\n"},"level":"error","spans":[{"file_name":"C:\\Users\\danie\\.cargo\\registry\\src\\github.com-1ecc6299db9ec823\\tracing-0.1.37\\src\\dispatcher.rs","byte_start":5851,"byte_end":5863,"line_start":145,"line_end":145,"column_start":9,"column_end":21,"is_primary":true,"text":[{"text":"pub use tracing_core::dispatcher::has_been_set;","highlight_start":9,"highlight_end":21}],"label":null,"suggested_replacement":null,"suggestion_applicability":null,"expansion":null}],"children":[{"message":"the following crate versions were found:\ncrate `tracing_core` compiled by rustc 1.69.0-nightly (2773383a3 2023-02-10): \\\\?\\F:\\Sources\\Repos\\dwy-vest\\Dwy-Vest\\target\\debug\\deps\\libtracing_core-82f65f367b395120.rmeta","code":null,"level":"note","spans":[],"children":[],"rendered":null},{"message":"please recompile that crate using this compiler (rustc 1.69.0-nightly (4507fdaaa 2023-02-18)) (consider running `cargo clean` first)","code":null,"level":"help","spans":[],"children":[],"rendered":null}],"rendered":"\u001b[0m\u001b[1m\u001b[38;5;9merror[E0514]\u001b[0m\u001b[0m\u001b[1m\u001b[38;5;15m: found crate `tracing_core` compiled by an incompatible version of rustc\u001b[0m\n\u001b[0m   \u001b[0m\u001b[0m\u001b[1m\u001b[38;5;14m--> \u001b[0m\u001b[0mC:\\Users\\danie\\.cargo\\registry\\src\\github.com-1ecc6299db9ec823\\tracing-0.1.37\\src\\dispatcher.rs:145:9\u001b[0m\n\u001b[0m    \u001b[0m\u001b[0m\u001b[1m\u001b[38;5;14m|\u001b[0m\n\u001b[0m\u001b[1m\u001b[38;5;14m145\u001b[0m\u001b[0m \u001b[0m\u001b[0m\u001b[1m\u001b[38;5;14m|\u001b[0m\u001b[0m \u001b[0m\u001b[0mpub use tracing_core::dispatcher::has_been_set;\u001b[0m\n\u001b[0m    \u001b[0m\u001b[0m\u001b[1m\u001b[38;5;14m| \u001b[0m\u001b[0m        \u001b[0m\u001b[0m\u001b[1m\u001b[38;5;9m^^^^^^^^^^^^\u001b[0m\n\u001b[0m    \u001b[0m\u001b[0m\u001b[1m\u001b[38;5;14m|\u001b[0m\n\u001b[0m    \u001b[0m\u001b[0m\u001b[1m\u001b[38;5;14m= \u001b[0m\u001b[0m\u001b[1m\u001b[38;5;15mnote\u001b[0m\u001b[0m: the following crate versions were found:\u001b[0m\n\u001b[0m            crate `tracing_core` compiled by rustc 1.69.0-nightly (2773383a3 2023-02-10): \\\\?\\F:\\Sources\\Repos\\dwy-vest\\Dwy-Vest\\target\\debug\\deps\\libtracing_core-82f65f367b395120.rmeta\u001b[0m\n\u001b[0m    \u001b[0m\u001b[0m\u001b[1m\u001b[38;5;14m= \u001b[0m\u001b[0m\u001b[1m\u001b[38;5;15mhelp\u001b[0m\u001b[0m: please recompile that crate using this compiler (rustc 1.69.0-nightly (4507fdaaa 2023-02-18)) (consider running `cargo clean` first)\u001b[0m\n\n"}
{"message":"found crate `tracing_core` compiled by an incompatible version of rustc","code":{"code":"E0514","explanation":"Dependency compiled with different version of `rustc`.\n\nExample of erroneous code:\n\n`a.rs`\n```ignore (cannot-link-with-other-tests)\n// compiled with stable `rustc`\n\n#[crate_type = \"lib\"]\n```\n\n`b.rs`\n```ignore (cannot-link-with-other-tests)\n// compiled with nightly `rustc`\n\n#[crate_type = \"lib\"]\n\nextern crate a; // error: found crate `a` compiled by an incompatible version\n                //        of rustc\n```\n\nThis error is caused when the version of `rustc` used to compile a crate, as\nstored in the binary's metadata, differs from the version of one of its\ndependencies. Many parts of Rust binaries are considered unstable. For\ninstance, the Rust ABI is not stable between compiler versions. This means that\nthe compiler cannot be sure about *how* to call a function between compiler\nversions, and therefore this error occurs.\n\nThis error can be fixed by:\n * Using [Cargo](../cargo/index.html), the Rust package manager and\n   [Rustup](https://rust-lang.github.io/rustup/), the Rust toolchain installer,\n   automatically fixing this issue.\n * Recompiling the crates with a uniform `rustc` version.\n"},"level":"error","spans":[{"file_name":"C:\\Users\\danie\\.cargo\\registry\\src\\github.com-1ecc6299db9ec823\\tracing-0.1.37\\src\\field.rs","byte_start":5141,"byte_end":5153,"line_start":114,"line_end":114,"column_start":9,"column_end":21,"is_primary":true,"text":[{"text":"pub use tracing_core::field::*;","highlight_start":9,"highlight_end":21}],"label":null,"suggested_replacement":null,"suggestion_applicability":null,"expansion":null}],"children":[{"message":"the following crate versions were found:\ncrate `tracing_core` compiled by rustc 1.69.0-nightly (2773383a3 2023-02-10): \\\\?\\F:\\Sources\\Repos\\dwy-vest\\Dwy-Vest\\target\\debug\\deps\\libtracing_core-82f65f367b395120.rmeta","code":null,"level":"note","spans":[],"children":[],"rendered":null},{"message":"please recompile that crate using this compiler (rustc 1.69.0-nightly (4507fdaaa 2023-02-18)) (consider running `cargo clean` first)","code":null,"level":"help","spans":[],"children":[],"rendered":null}],"rendered":"\u001b[0m\u001b[1m\u001b[38;5;9merror[E0514]\u001b[0m\u001b[0m\u001b[1m\u001b[38;5;15m: found crate `tracing_core` compiled by an incompatible version of rustc\u001b[0m\n\u001b[0m   \u001b[0m\u001b[0m\u001b[1m\u001b[38;5;14m--> \u001b[0m\u001b[0mC:\\Users\\danie\\.cargo\\registry\\src\\github.com-1ecc6299db9ec823\\tracing-0.1.37\\src\\field.rs:114:9\u001b[0m\n\u001b[0m    \u001b[0m\u001b[0m\u001b[1m\u001b[38;5;14m|\u001b[0m\n\u001b[0m\u001b[1m\u001b[38;5;14m114\u001b[0m\u001b[0m \u001b[0m\u001b[0m\u001b[1m\u001b[38;5;14m|\u001b[0m\u001b[0m \u001b[0m\u001b[0mpub use tracing_core::field::*;\u001b[0m\n\u001b[0m    \u001b[0m\u001b[0m\u001b[1m\u001b[38;5;14m| \u001b[0m\u001b[0m        \u001b[0m\u001b[0m\u001b[1m\u001b[38;5;9m^^^^^^^^^^^^\u001b[0m\n\u001b[0m    \u001b[0m\u001b[0m\u001b[1m\u001b[38;5;14m|\u001b[0m\n\u001b[0m    \u001b[0m\u001b[0m\u001b[1m\u001b[38;5;14m= \u001b[0m\u001b[0m\u001b[1m\u001b[38;5;15mnote\u001b[0m\u001b[0m: the following crate versions were found:\u001b[0m\n\u001b[0m            crate `tracing_core` compiled by rustc 1.69.0-nightly (2773383a3 2023-02-10): \\\\?\\F:\\Sources\\Repos\\dwy-vest\\Dwy-Vest\\target\\debug\\deps\\libtracing_core-82f65f367b395120.rmeta\u001b[0m\n\u001b[0m    \u001b[0m\u001b[0m\u001b[1m\u001b[38;5;14m= \u001b[0m\u001b[0m\u001b[1m\u001b[38;5;15mhelp\u001b[0m\u001b[0m: please recompile that crate using this compiler (rustc 1.69.0-nightly (4507fdaaa 2023-02-18)) (consider running `cargo clean` first)\u001b[0m\n\n"}
{"message":"found crate `tracing_core` compiled by an incompatible version of rustc","code":{"code":"E0514","explanation":"Dependency compiled with different version of `rustc`.\n\nExample of erroneous code:\n\n`a.rs`\n```ignore (cannot-link-with-other-tests)\n// compiled with stable `rustc`\n\n#[crate_type = \"lib\"]\n```\n\n`b.rs`\n```ignore (cannot-link-with-other-tests)\n// compiled with nightly `rustc`\n\n#[crate_type = \"lib\"]\n\nextern crate a; // error: found crate `a` compiled by an incompatible version\n                //        of rustc\n```\n\nThis error is caused when the version of `rustc` used to compile a crate, as\nstored in the binary's metadata, differs from the version of one of its\ndependencies. Many parts of Rust binaries are considered unstable. For\ninstance, the Rust ABI is not stable between compiler versions. This means that\nthe compiler cannot be sure about *how* to call a function between compiler\nversions, and therefore this error occurs.\n\nThis error can be fixed by:\n * Using [Cargo](../cargo/index.html), the Rust package manager and\n   [Rustup](https://rust-lang.github.io/rustup/), the Rust toolchain installer,\n   automatically fixing this issue.\n * Recompiling the crates with a uniform `rustc` version.\n"},"level":"error","spans":[{"file_name":"C:\\Users\\danie\\.cargo\\registry\\src\\github.com-1ecc6299db9ec823\\tracing-0.1.37\\src\\subscriber.rs","byte_start":45,"byte_end":57,"line_start":2,"line_end":2,"column_start":9,"column_end":21,"is_primary":true,"text":[{"text":"pub use tracing_core::subscriber::*;","highlight_start":9,"highlight_end":21}],"label":null,"suggested_replacement":null,"suggestion_applicability":null,"expansion":null}],"children":[{"message":"the following crate versions were found:\ncrate `tracing_core` compiled by rustc 1.69.0-nightly (2773383a3 2023-02-10): \\\\?\\F:\\Sources\\Repos\\dwy-vest\\Dwy-Vest\\target\\debug\\deps\\libtracing_core-82f65f367b395120.rmeta","code":null,"level":"note","spans":[],"children":[],"rendered":null},{"message":"please recompile that crate using this compiler (rustc 1.69.0-nightly (4507fdaaa 2023-02-18)) (consider running `cargo clean` first)","code":null,"level":"help","spans":[],"children":[],"rendered":null}],"rendered":"\u001b[0m\u001b[1m\u001b[38;5;9merror[E0514]\u001b[0m\u001b[0m\u001b[1m\u001b[38;5;15m: found crate `tracing_core` compiled by an incompatible version of rustc\u001b[0m\n\u001b[0m \u001b[0m\u001b[0m\u001b[1m\u001b[38;5;14m--> \u001b[0m\u001b[0mC:\\Users\\danie\\.cargo\\registry\\src\\github.com-1ecc6299db9ec823\\tracing-0.1.37\\src\\subscriber.rs:2:9\u001b[0m\n\u001b[0m  \u001b[0m\u001b[0m\u001b[1m\u001b[38;5;14m|\u001b[0m\n\u001b[0m\u001b[1m\u001b[38;5;14m2\u001b[0m\u001b[0m \u001b[0m\u001b[0m\u001b[1m\u001b[38;5;14m|\u001b[0m\u001b[0m \u001b[0m\u001b[0mpub use tracing_core::subscriber::*;\u001b[0m\n\u001b[0m  \u001b[0m\u001b[0m\u001b[1m\u001b[38;5;14m| \u001b[0m\u001b[0m        \u001b[0m\u001b[0m\u001b[1m\u001b[38;5;9m^^^^^^^^^^^^\u001b[0m\n\u001b[0m  \u001b[0m\u001b[0m\u001b[1m\u001b[38;5;14m|\u001b[0m\n\u001b[0m  \u001b[0m\u001b[0m\u001b[1m\u001b[38;5;14m= \u001b[0m\u001b[0m\u001b[1m\u001b[38;5;15mnote\u001b[0m\u001b[0m: the following crate versions were found:\u001b[0m\n\u001b[0m          crate `tracing_core` compiled by rustc 1.69.0-nightly (2773383a3 2023-02-10): \\\\?\\F:\\Sources\\Repos\\dwy-vest\\Dwy-Vest\\target\\debug\\deps\\libtracing_core-82f65f367b395120.rmeta\u001b[0m\n\u001b[0m  \u001b[0m\u001b[0m\u001b[1m\u001b[38;5;14m= \u001b[0m\u001b[0m\u001b[1m\u001b[38;5;15mhelp\u001b[0m\u001b[0m: please recompile that crate using this compiler (rustc 1.69.0-nightly (4507fdaaa 2023-02-18)) (consider running `cargo clean` first)\u001b[0m\n\n"}
{"message":"found crate `tracing_core` compiled by an incompatible version of rustc","code":{"code":"E0514","explanation":"Dependency compiled with different version of `rustc`.\n\nExample of erroneous code:\n\n`a.rs`\n```ignore (cannot-link-with-other-tests)\n// compiled with stable `rustc`\n\n#[crate_type = \"lib\"]\n```\n\n`b.rs`\n```ignore (cannot-link-with-other-tests)\n// compiled with nightly `rustc`\n\n#[crate_type = \"lib\"]\n\nextern crate a; // error: found crate `a` compiled by an incompatible version\n                //        of rustc\n```\n\nThis error is caused when the version of `rustc` used to compile a crate, as\nstored in the binary's metadata, differs from the version of one of its\ndependencies. Many parts of Rust binaries are considered unstable. For\ninstance, the Rust ABI is not stable between compiler versions. This means that\nthe compiler cannot be sure about *how* to call a function between compiler\nversions, and therefore this error occurs.\n\nThis error can be fixed by:\n * Using [Cargo](../cargo/index.html), the Rust package manager and\n   [Rustup](https://rust-lang.github.io/rustup/), the Rust toolchain installer,\n   automatically fixing this issue.\n * Recompiling the crates with a uniform `rustc` version.\n"},"level":"error","spans":[{"file_name":"C:\\Users\\danie\\.cargo\\registry\\src\\github.com-1ecc6299db9ec823\\tracing-0.1.37\\src\\lib.rs","byte_start":40557,"byte_end":40569,"line_start":987,"line_end":987,"column_start":13,"column_end":25,"is_primary":true,"text":[{"text":"    pub use tracing_core::callsite::DefaultCallsite as MacroCallsite;","highlight_start":13,"highlight_end":25}],"label":null,"suggested_replacement":null,"suggestion_applicability":null,"expansion":null}],"children":[{"message":"the following crate versions were found:\ncrate `tracing_core` compiled by rustc 1.69.0-nightly (2773383a3 2023-02-10): \\\\?\\F:\\Sources\\Repos\\dwy-vest\\Dwy-Vest\\target\\debug\\deps\\libtracing_core-82f65f367b395120.rmeta","code":null,"level":"note","spans":[],"children":[],"rendered":null},{"message":"please recompile that crate using this compiler (rustc 1.69.0-nightly (4507fdaaa 2023-02-18)) (consider running `cargo clean` first)","code":null,"level":"help","spans":[],"children":[],"rendered":null}],"rendered":"\u001b[0m\u001b[1m\u001b[38;5;9merror[E0514]\u001b[0m\u001b[0m\u001b[1m\u001b[38;5;15m: found crate `tracing_core` compiled by an incompatible version of rustc\u001b[0m\n\u001b[0m   \u001b[0m\u001b[0m\u001b[1m\u001b[38;5;14m--> \u001b[0m\u001b[0mC:\\Users\\danie\\.cargo\\registry\\src\\github.com-1ecc6299db9ec823\\tracing-0.1.37\\src\\lib.rs:987:13\u001b[0m\n\u001b[0m    \u001b[0m\u001b[0m\u001b[1m\u001b[38;5;14m|\u001b[0m\n\u001b[0m\u001b[1m\u001b[38;5;14m987\u001b[0m\u001b[0m \u001b[0m\u001b[0m\u001b[1m\u001b[38;5;14m|\u001b[0m\u001b[0m \u001b[0m\u001b[0m    pub use tracing_core::callsite::DefaultCallsite as MacroCallsite;\u001b[0m\n\u001b[0m    \u001b[0m\u001b[0m\u001b[1m\u001b[38;5;14m| \u001b[0m\u001b[0m            \u001b[0m\u001b[0m\u001b[1m\u001b[38;5;9m^^^^^^^^^^^^\u001b[0m\n\u001b[0m    \u001b[0m\u001b[0m\u001b[1m\u001b[38;5;14m|\u001b[0m\n\u001b[0m    \u001b[0m\u001b[0m\u001b[1m\u001b[38;5;14m= \u001b[0m\u001b[0m\u001b[1m\u001b[38;5;15mnote\u001b[0m\u001b[0m: the following crate versions were found:\u001b[0m\n\u001b[0m            crate `tracing_core` compiled by rustc 1.69.0-nightly (2773383a3 2023-02-10): \\\\?\\F:\\Sources\\Repos\\dwy-vest\\Dwy-Vest\\target\\debug\\deps\\libtracing_core-82f65f367b395120.rmeta\u001b[0m\n\u001b[0m    \u001b[0m\u001b[0m\u001b[1m\u001b[38;5;14m= \u001b[0m\u001b[0m\u001b[1m\u001b[38;5;15mhelp\u001b[0m\u001b[0m: please recompile that crate using this compiler (rustc 1.69.0-nightly (4507fdaaa 2023-02-18)) (consider running `cargo clean` first)\u001b[0m\n\n"}
{"message":"found crate `tracing_core` compiled by an incompatible version of rustc","code":{"code":"E0514","explanation":"Dependency compiled with different version of `rustc`.\n\nExample of erroneous code:\n\n`a.rs`\n```ignore (cannot-link-with-other-tests)\n// compiled with stable `rustc`\n\n#[crate_type = \"lib\"]\n```\n\n`b.rs`\n```ignore (cannot-link-with-other-tests)\n// compiled with nightly `rustc`\n\n#[crate_type = \"lib\"]\n\nextern crate a; // error: found crate `a` compiled by an incompatible version\n                //        of rustc\n```\n\nThis error is caused when the version of `rustc` used to compile a crate, as\nstored in the binary's metadata, differs from the version of one of its\ndependencies. Many parts of Rust binaries are considered unstable. For\ninstance, the Rust ABI is not stable between compiler versions. This means that\nthe compiler cannot be sure about *how* to call a function between compiler\nversions, and therefore this error occurs.\n\nThis error can be fixed by:\n * Using [Cargo](../cargo/index.html), the Rust package manager and\n   [Rustup](https://rust-lang.github.io/rustup/), the Rust toolchain installer,\n   automatically fixing this issue.\n * Recompiling the crates with a uniform `rustc` version.\n"},"level":"error","spans":[{"file_name":"C:\\Users\\danie\\.cargo\\registry\\src\\github.com-1ecc6299db9ec823\\tracing-0.1.37\\src\\span.rs","byte_start":13216,"byte_end":13228,"line_start":320,"line_end":320,"column_start":9,"column_end":21,"is_primary":true,"text":[{"text":"pub use tracing_core::span::{Attributes, Id, Record};","highlight_start":9,"highlight_end":21}],"label":null,"suggested_replacement":null,"suggestion_applicability":null,"expansion":null}],"children":[{"message":"the following crate versions were found:\ncrate `tracing_core` compiled by rustc 1.69.0-nightly (2773383a3 2023-02-10): \\\\?\\F:\\Sources\\Repos\\dwy-vest\\Dwy-Vest\\target\\debug\\deps\\libtracing_core-82f65f367b395120.rmeta","code":null,"level":"note","spans":[],"children":[],"rendered":null},{"message":"please recompile that crate using this compiler (rustc 1.69.0-nightly (4507fdaaa 2023-02-18)) (consider running `cargo clean` first)","code":null,"level":"help","spans":[],"children":[],"rendered":null}],"rendered":"\u001b[0m\u001b[1m\u001b[38;5;9merror[E0514]\u001b[0m\u001b[0m\u001b[1m\u001b[38;5;15m: found crate `tracing_core` compiled by an incompatible version of rustc\u001b[0m\n\u001b[0m   \u001b[0m\u001b[0m\u001b[1m\u001b[38;5;14m--> \u001b[0m\u001b[0mC:\\Users\\danie\\.cargo\\registry\\src\\github.com-1ecc6299db9ec823\\tracing-0.1.37\\src\\span.rs:320:9\u001b[0m\n\u001b[0m    \u001b[0m\u001b[0m\u001b[1m\u001b[38;5;14m|\u001b[0m\n\u001b[0m\u001b[1m\u001b[38;5;14m320\u001b[0m\u001b[0m \u001b[0m\u001b[0m\u001b[1m\u001b[38;5;14m|\u001b[0m\u001b[0m \u001b[0m\u001b[0mpub use tracing_core::span::{Attributes, Id, Record};\u001b[0m\n\u001b[0m    \u001b[0m\u001b[0m\u001b[1m\u001b[38;5;14m| \u001b[0m\u001b[0m        \u001b[0m\u001b[0m\u001b[1m\u001b[38;5;9m^^^^^^^^^^^^\u001b[0m\n\u001b[0m    \u001b[0m\u001b[0m\u001b[1m\u001b[38;5;14m|\u001b[0m\n\u001b[0m    \u001b[0m\u001b[0m\u001b[1m\u001b[38;5;14m= \u001b[0m\u001b[0m\u001b[1m\u001b[38;5;15mnote\u001b[0m\u001b[0m: the following crate versions were found:\u001b[0m\n\u001b[0m            crate `tracing_core` compiled by rustc 1.69.0-nightly (2773383a3 2023-02-10): \\\\?\\F:\\Sources\\Repos\\dwy-vest\\Dwy-Vest\\target\\debug\\deps\\libtracing_core-82f65f367b395120.rmeta\u001b[0m\n\u001b[0m    \u001b[0m\u001b[0m\u001b[1m\u001b[38;5;14m= \u001b[0m\u001b[0m\u001b[1m\u001b[38;5;15mhelp\u001b[0m\u001b[0m: please recompile that crate using this compiler (rustc 1.69.0-nightly (4507fdaaa 2023-02-18)) (consider running `cargo clean` first)\u001b[0m\n\n"}
{"message":"found crate `pin_project_lite` compiled by an incompatible version of rustc","code":{"code":"E0514","explanation":"Dependency compiled with different version of `rustc`.\n\nExample of erroneous code:\n\n`a.rs`\n```ignore (cannot-link-with-other-tests)\n// compiled with stable `rustc`\n\n#[crate_type = \"lib\"]\n```\n\n`b.rs`\n```ignore (cannot-link-with-other-tests)\n// compiled with nightly `rustc`\n\n#[crate_type = \"lib\"]\n\nextern crate a; // error: found crate `a` compiled by an incompatible version\n                //        of rustc\n```\n\nThis error is caused when the version of `rustc` used to compile a crate, as\nstored in the binary's metadata, differs from the version of one of its\ndependencies. Many parts of Rust binaries are considered unstable. For\ninstance, the Rust ABI is not stable between compiler versions. This means that\nthe compiler cannot be sure about *how* to call a function between compiler\nversions, and therefore this error occurs.\n\nThis error can be fixed by:\n * Using [Cargo](../cargo/index.html), the Rust package manager and\n   [Rustup](https://rust-lang.github.io/rustup/), the Rust toolchain installer,\n   automatically fixing this issue.\n * Recompiling the crates with a uniform `rustc` version.\n"},"level":"error","spans":[{"file_name":"C:\\Users\\danie\\.cargo\\registry\\src\\github.com-1ecc6299db9ec823\\tracing-0.1.37\\src\\instrument.rs","byte_start":193,"byte_end":209,"line_start":8,"line_end":8,"column_start":5,"column_end":21,"is_primary":true,"text":[{"text":"use pin_project_lite::pin_project;","highlight_start":5,"highlight_end":21}],"label":null,"suggested_replacement":null,"suggestion_applicability":null,"expansion":null}],"children":[{"message":"the following crate versions were found:\ncrate `pin_project_lite` compiled by rustc 1.69.0-nightly (2773383a3 2023-02-10): \\\\?\\F:\\Sources\\Repos\\dwy-vest\\Dwy-Vest\\target\\debug\\deps\\libpin_project_lite-cbd0e9a622ede1d9.rmeta","code":null,"level":"note","spans":[],"children":[],"rendered":null},{"message":"please recompile that crate using this compiler (rustc 1.69.0-nightly (4507fdaaa 2023-02-18)) (consider running `cargo clean` first)","code":null,"level":"help","spans":[],"children":[],"rendered":null}],"rendered":"\u001b[0m\u001b[1m\u001b[38;5;9merror[E0514]\u001b[0m\u001b[0m\u001b[1m\u001b[38;5;15m: found crate `pin_project_lite` compiled by an incompatible version of rustc\u001b[0m\n\u001b[0m \u001b[0m\u001b[0m\u001b[1m\u001b[38;5;14m--> \u001b[0m\u001b[0mC:\\Users\\danie\\.cargo\\registry\\src\\github.com-1ecc6299db9ec823\\tracing-0.1.37\\src\\instrument.rs:8:5\u001b[0m\n\u001b[0m  \u001b[0m\u001b[0m\u001b[1m\u001b[38;5;14m|\u001b[0m\n\u001b[0m\u001b[1m\u001b[38;5;14m8\u001b[0m\u001b[0m \u001b[0m\u001b[0m\u001b[1m\u001b[38;5;14m|\u001b[0m\u001b[0m \u001b[0m\u001b[0muse pin_project_lite::pin_project;\u001b[0m\n\u001b[0m  \u001b[0m\u001b[0m\u001b[1m\u001b[38;5;14m| \u001b[0m\u001b[0m    \u001b[0m\u001b[0m\u001b[1m\u001b[38;5;9m^^^^^^^^^^^^^^^^\u001b[0m\n\u001b[0m  \u001b[0m\u001b[0m\u001b[1m\u001b[38;5;14m|\u001b[0m\n\u001b[0m  \u001b[0m\u001b[0m\u001b[1m\u001b[38;5;14m= \u001b[0m\u001b[0m\u001b[1m\u001b[38;5;15mnote\u001b[0m\u001b[0m: the following crate versions were found:\u001b[0m\n\u001b[0m          crate `pin_project_lite` compiled by rustc 1.69.0-nightly (2773383a3 2023-02-10): \\\\?\\F:\\Sources\\Repos\\dwy-vest\\Dwy-Vest\\target\\debug\\deps\\libpin_project_lite-cbd0e9a622ede1d9.rmeta\u001b[0m\n\u001b[0m  \u001b[0m\u001b[0m\u001b[1m\u001b[38;5;14m= \u001b[0m\u001b[0m\u001b[1m\u001b[38;5;15mhelp\u001b[0m\u001b[0m: please recompile that crate using this compiler (rustc 1.69.0-nightly (4507fdaaa 2023-02-18)) (consider running `cargo clean` first)\u001b[0m\n\n"}
{"message":"found crate `tracing_core` compiled by an incompatible version of rustc","code":{"code":"E0514","explanation":"Dependency compiled with different version of `rustc`.\n\nExample of erroneous code:\n\n`a.rs`\n```ignore (cannot-link-with-other-tests)\n// compiled with stable `rustc`\n\n#[crate_type = \"lib\"]\n```\n\n`b.rs`\n```ignore (cannot-link-with-other-tests)\n// compiled with nightly `rustc`\n\n#[crate_type = \"lib\"]\n\nextern crate a; // error: found crate `a` compiled by an incompatible version\n                //        of rustc\n```\n\nThis error is caused when the version of `rustc` used to compile a crate, as\nstored in the binary's metadata, differs from the version of one of its\ndependencies. Many parts of Rust binaries are considered unstable. For\ninstance, the Rust ABI is not stable between compiler versions. This means that\nthe compiler cannot be sure about *how* to call a function between compiler\nversions, and therefore this error occurs.\n\nThis error can be fixed by:\n * Using [Cargo](../cargo/index.html), the Rust package manager and\n   [Rustup](https://rust-lang.github.io/rustup/), the Rust toolchain installer,\n   automatically fixing this issue.\n * Recompiling the crates with a uniform `rustc` version.\n"},"level":"error","spans":[{"file_name":"C:\\Users\\danie\\.cargo\\registry\\src\\github.com-1ecc6299db9ec823\\tracing-0.1.37\\src\\level_filters.rs","byte_start":2287,"byte_end":2299,"line_start":53,"line_end":53,"column_start":9,"column_end":21,"is_primary":true,"text":[{"text":"pub use tracing_core::{metadata::ParseLevelFilterError, LevelFilter};","highlight_start":9,"highlight_end":21}],"label":null,"suggested_replacement":null,"suggestion_applicability":null,"expansion":null}],"children":[{"message":"the following crate versions were found:\ncrate `tracing_core` compiled by rustc 1.69.0-nightly (2773383a3 2023-02-10): \\\\?\\F:\\Sources\\Repos\\dwy-vest\\Dwy-Vest\\target\\debug\\deps\\libtracing_core-82f65f367b395120.rmeta","code":null,"level":"note","spans":[],"children":[],"rendered":null},{"message":"please recompile that crate using this compiler (rustc 1.69.0-nightly (4507fdaaa 2023-02-18)) (consider running `cargo clean` first)","code":null,"level":"help","spans":[],"children":[],"rendered":null}],"rendered":"\u001b[0m\u001b[1m\u001b[38;5;9merror[E0514]\u001b[0m\u001b[0m\u001b[1m\u001b[38;5;15m: found crate `tracing_core` compiled by an incompatible version of rustc\u001b[0m\n\u001b[0m  \u001b[0m\u001b[0m\u001b[1m\u001b[38;5;14m--> \u001b[0m\u001b[0mC:\\Users\\danie\\.cargo\\registry\\src\\github.com-1ecc6299db9ec823\\tracing-0.1.37\\src\\level_filters.rs:53:9\u001b[0m\n\u001b[0m   \u001b[0m\u001b[0m\u001b[1m\u001b[38;5;14m|\u001b[0m\n\u001b[0m\u001b[1m\u001b[38;5;14m53\u001b[0m\u001b[0m \u001b[0m\u001b[0m\u001b[1m\u001b[38;5;14m|\u001b[0m\u001b[0m \u001b[0m\u001b[0mpub use tracing_core::{metadata::ParseLevelFilterError, LevelFilter};\u001b[0m\n\u001b[0m   \u001b[0m\u001b[0m\u001b[1m\u001b[38;5;14m| \u001b[0m\u001b[0m        \u001b[0m\u001b[0m\u001b[1m\u001b[38;5;9m^^^^^^^^^^^^\u001b[0m\n\u001b[0m   \u001b[0m\u001b[0m\u001b[1m\u001b[38;5;14m|\u001b[0m\n\u001b[0m   \u001b[0m\u001b[0m\u001b[1m\u001b[38;5;14m= \u001b[0m\u001b[0m\u001b[1m\u001b[38;5;15mnote\u001b[0m\u001b[0m: the following crate versions were found:\u001b[0m\n\u001b[0m           crate `tracing_core` compiled by rustc 1.69.0-nightly (2773383a3 2023-02-10): \\\\?\\F:\\Sources\\Repos\\dwy-vest\\Dwy-Vest\\target\\debug\\deps\\libtracing_core-82f65f367b395120.rmeta\u001b[0m\n\u001b[0m   \u001b[0m\u001b[0m\u001b[1m\u001b[38;5;14m= \u001b[0m\u001b[0m\u001b[1m\u001b[38;5;15mhelp\u001b[0m\u001b[0m: please recompile that crate using this compiler (rustc 1.69.0-nightly (4507fdaaa 2023-02-18)) (consider running `cargo clean` first)\u001b[0m\n\n"}
{"message":"found crate `tracing_core` compiled by an incompatible version of rustc","code":{"code":"E0514","explanation":"Dependency compiled with different version of `rustc`.\n\nExample of erroneous code:\n\n`a.rs`\n```ignore (cannot-link-with-other-tests)\n// compiled with stable `rustc`\n\n#[crate_type = \"lib\"]\n```\n\n`b.rs`\n```ignore (cannot-link-with-other-tests)\n// compiled with nightly `rustc`\n\n#[crate_type = \"lib\"]\n\nextern crate a; // error: found crate `a` compiled by an incompatible version\n                //        of rustc\n```\n\nThis error is caused when the version of `rustc` used to compile a crate, as\nstored in the binary's metadata, differs from the version of one of its\ndependencies. Many parts of Rust binaries are considered unstable. For\ninstance, the Rust ABI is not stable between compiler versions. This means that\nthe compiler cannot be sure about *how* to call a function between compiler\nversions, and therefore this error occurs.\n\nThis error can be fixed by:\n * Using [Cargo](../cargo/index.html), the Rust package manager and\n   [Rustup](https://rust-lang.github.io/rustup/), the Rust toolchain installer,\n   automatically fixing this issue.\n * Recompiling the crates with a uniform `rustc` version.\n"},"level":"error","spans":[{"file_name":"C:\\Users\\danie\\.cargo\\registry\\src\\github.com-1ecc6299db9ec823\\tracing-0.1.37\\src\\lib.rs","byte_start":39421,"byte_end":39433,"line_start":948,"line_end":948,"column_start":9,"column_end":21,"is_primary":true,"text":[{"text":"pub use tracing_core::{","highlight_start":9,"highlight_end":21}],"label":null,"suggested_replacement":null,"suggestion_applicability":null,"expansion":null}],"children":[{"message":"the following crate versions were found:\ncrate `tracing_core` compiled by rustc 1.69.0-nightly (2773383a3 2023-02-10): \\\\?\\F:\\Sources\\Repos\\dwy-vest\\Dwy-Vest\\target\\debug\\deps\\libtracing_core-82f65f367b395120.rmeta","code":null,"level":"note","spans":[],"children":[],"rendered":null},{"message":"please recompile that crate using this compiler (rustc 1.69.0-nightly (4507fdaaa 2023-02-18)) (consider running `cargo clean` first)","code":null,"level":"help","spans":[],"children":[],"rendered":null}],"rendered":"\u001b[0m\u001b[1m\u001b[38;5;9merror[E0514]\u001b[0m\u001b[0m\u001b[1m\u001b[38;5;15m: found crate `tracing_core` compiled by an incompatible version of rustc\u001b[0m\n\u001b[0m   \u001b[0m\u001b[0m\u001b[1m\u001b[38;5;14m--> \u001b[0m\u001b[0mC:\\Users\\danie\\.cargo\\registry\\src\\github.com-1ecc6299db9ec823\\tracing-0.1.37\\src\\lib.rs:948:9\u001b[0m\n\u001b[0m    \u001b[0m\u001b[0m\u001b[1m\u001b[38;5;14m|\u001b[0m\n\u001b[0m\u001b[1m\u001b[38;5;14m948\u001b[0m\u001b[0m \u001b[0m\u001b[0m\u001b[1m\u001b[38;5;14m|\u001b[0m\u001b[0m \u001b[0m\u001b[0mpub use tracing_core::{\u001b[0m\n\u001b[0m    \u001b[0m\u001b[0m\u001b[1m\u001b[38;5;14m| \u001b[0m\u001b[0m        \u001b[0m\u001b[0m\u001b[1m\u001b[38;5;9m^^^^^^^^^^^^\u001b[0m\n\u001b[0m    \u001b[0m\u001b[0m\u001b[1m\u001b[38;5;14m|\u001b[0m\n\u001b[0m    \u001b[0m\u001b[0m\u001b[1m\u001b[38;5;14m= \u001b[0m\u001b[0m\u001b[1m\u001b[38;5;15mnote\u001b[0m\u001b[0m: the following crate versions were found:\u001b[0m\n\u001b[0m            crate `tracing_core` compiled by rustc 1.69.0-nightly (2773383a3 2023-02-10): \\\\?\\F:\\Sources\\Repos\\dwy-vest\\Dwy-Vest\\target\\debug\\deps\\libtracing_core-82f65f367b395120.rmeta\u001b[0m\n\u001b[0m    \u001b[0m\u001b[0m\u001b[1m\u001b[38;5;14m= \u001b[0m\u001b[0m\u001b[1m\u001b[38;5;15mhelp\u001b[0m\u001b[0m: please recompile that crate using this compiler (rustc 1.69.0-nightly (4507fdaaa 2023-02-18)) (consider running `cargo clean` first)\u001b[0m\n\n"}
{"message":"found crate `tracing_core` compiled by an incompatible version of rustc","code":{"code":"E0514","explanation":"Dependency compiled with different version of `rustc`.\n\nExample of erroneous code:\n\n`a.rs`\n```ignore (cannot-link-with-other-tests)\n// compiled with stable `rustc`\n\n#[crate_type = \"lib\"]\n```\n\n`b.rs`\n```ignore (cannot-link-with-other-tests)\n// compiled with nightly `rustc`\n\n#[crate_type = \"lib\"]\n\nextern crate a; // error: found crate `a` compiled by an incompatible version\n                //        of rustc\n```\n\nThis error is caused when the version of `rustc` used to compile a crate, as\nstored in the binary's metadata, differs from the version of one of its\ndependencies. Many parts of Rust binaries are considered unstable. For\ninstance, the Rust ABI is not stable between compiler versions. This means that\nthe compiler cannot be sure about *how* to call a function between compiler\nversions, and therefore this error occurs.\n\nThis error can be fixed by:\n * Using [Cargo](../cargo/index.html), the Rust package manager and\n   [Rustup](https://rust-lang.github.io/rustup/), the Rust toolchain installer,\n   automatically fixing this issue.\n * Recompiling the crates with a uniform `rustc` version.\n"},"level":"error","spans":[{"file_name":"C:\\Users\\danie\\.cargo\\registry\\src\\github.com-1ecc6299db9ec823\\tracing-0.1.37\\src\\lib.rs","byte_start":39494,"byte_end":39506,"line_start":952,"line_end":952,"column_start":9,"column_end":21,"is_primary":true,"text":[{"text":"pub use tracing_core::{event, Level, Metadata};","highlight_start":9,"highlight_end":21}],"label":null,"suggested_replacement":null,"suggestion_applicability":null,"expansion":null}],"children":[{"message":"the following crate versions were found:\ncrate `tracing_core` compiled by rustc 1.69.0-nightly (2773383a3 2023-02-10): \\\\?\\F:\\Sources\\Repos\\dwy-vest\\Dwy-Vest\\target\\debug\\deps\\libtracing_core-82f65f367b395120.rmeta","code":null,"level":"note","spans":[],"children":[],"rendered":null},{"message":"please recompile that crate using this compiler (rustc 1.69.0-nightly (4507fdaaa 2023-02-18)) (consider running `cargo clean` first)","code":null,"level":"help","spans":[],"children":[],"rendered":null}],"rendered":"\u001b[0m\u001b[1m\u001b[38;5;9merror[E0514]\u001b[0m\u001b[0m\u001b[1m\u001b[38;5;15m: found crate `tracing_core` compiled by an incompatible version of rustc\u001b[0m\n\u001b[0m   \u001b[0m\u001b[0m\u001b[1m\u001b[38;5;14m--> \u001b[0m\u001b[0mC:\\Users\\danie\\.cargo\\registry\\src\\github.com-1ecc6299db9ec823\\tracing-0.1.37\\src\\lib.rs:952:9\u001b[0m\n\u001b[0m    \u001b[0m\u001b[0m\u001b[1m\u001b[38;5;14m|\u001b[0m\n\u001b[0m\u001b[1m\u001b[38;5;14m952\u001b[0m\u001b[0m \u001b[0m\u001b[0m\u001b[1m\u001b[38;5;14m|\u001b[0m\u001b[0m \u001b[0m\u001b[0mpub use tracing_core::{event, Level, Metadata};\u001b[0m\n\u001b[0m    \u001b[0m\u001b[0m\u001b[1m\u001b[38;5;14m| \u001b[0m\u001b[0m        \u001b[0m\u001b[0m\u001b[1m\u001b[38;5;9m^^^^^^^^^^^^\u001b[0m\n\u001b[0m    \u001b[0m\u001b[0m\u001b[1m\u001b[38;5;14m|\u001b[0m\n\u001b[0m    \u001b[0m\u001b[0m\u001b[1m\u001b[38;5;14m= \u001b[0m\u001b[0m\u001b[1m\u001b[38;5;15mnote\u001b[0m\u001b[0m: the following crate versions were found:\u001b[0m\n\u001b[0m            crate `tracing_core` compiled by rustc 1.69.0-nightly (2773383a3 2023-02-10): \\\\?\\F:\\Sources\\Repos\\dwy-vest\\Dwy-Vest\\target\\debug\\deps\\libtracing_core-82f65f367b395120.rmeta\u001b[0m\n\u001b[0m    \u001b[0m\u001b[0m\u001b[1m\u001b[38;5;14m= \u001b[0m\u001b[0m\u001b[1m\u001b[38;5;15mhelp\u001b[0m\u001b[0m: please recompile that crate using this compiler (rustc 1.69.0-nightly (4507fdaaa 2023-02-18)) (consider running `cargo clean` first)\u001b[0m\n\n"}
{"message":"found crate `tracing_core` compiled by an incompatible version of rustc","code":{"code":"E0514","explanation":"Dependency compiled with different version of `rustc`.\n\nExample of erroneous code:\n\n`a.rs`\n```ignore (cannot-link-with-other-tests)\n// compiled with stable `rustc`\n\n#[crate_type = \"lib\"]\n```\n\n`b.rs`\n```ignore (cannot-link-with-other-tests)\n// compiled with nightly `rustc`\n\n#[crate_type = \"lib\"]\n\nextern crate a; // error: found crate `a` compiled by an incompatible version\n                //        of rustc\n```\n\nThis error is caused when the version of `rustc` used to compile a crate, as\nstored in the binary's metadata, differs from the version of one of its\ndependencies. Many parts of Rust binaries are considered unstable. For\ninstance, the Rust ABI is not stable between compiler versions. This means that\nthe compiler cannot be sure about *how* to call a function between compiler\nversions, and therefore this error occurs.\n\nThis error can be fixed by:\n * Using [Cargo](../cargo/index.html), the Rust package manager and\n   [Rustup](https://rust-lang.github.io/rustup/), the Rust toolchain installer,\n   automatically fixing this issue.\n * Recompiling the crates with a uniform `rustc` version.\n"},"level":"error","spans":[{"file_name":"C:\\Users\\danie\\.cargo\\registry\\src\\github.com-1ecc6299db9ec823\\tracing-0.1.37\\src\\subscriber.rs","byte_start":154,"byte_end":166,"line_start":6,"line_end":6,"column_start":9,"column_end":21,"is_primary":true,"text":[{"text":"pub use tracing_core::dispatcher::DefaultGuard;","highlight_start":9,"highlight_end":21}],"label":null,"suggested_replacement":null,"suggestion_applicability":null,"expansion":null}],"children":[{"message":"the following crate versions were found:\ncrate `tracing_core` compiled by rustc 1.69.0-nightly (2773383a3 2023-02-10): \\\\?\\F:\\Sources\\Repos\\dwy-vest\\Dwy-Vest\\target\\debug\\deps\\libtracing_core-82f65f367b395120.rmeta","code":null,"level":"note","spans":[],"children":[],"rendered":null},{"message":"please recompile that crate using this compiler (rustc 1.69.0-nightly (4507fdaaa 2023-02-18)) (consider running `cargo clean` first)","code":null,"level":"help","spans":[],"children":[],"rendered":null}],"rendered":"\u001b[0m\u001b[1m\u001b[38;5;9merror[E0514]\u001b[0m\u001b[0m\u001b[1m\u001b[38;5;15m: found crate `tracing_core` compiled by an incompatible version of rustc\u001b[0m\n\u001b[0m \u001b[0m\u001b[0m\u001b[1m\u001b[38;5;14m--> \u001b[0m\u001b[0mC:\\Users\\danie\\.cargo\\registry\\src\\github.com-1ecc6299db9ec823\\tracing-0.1.37\\src\\subscriber.rs:6:9\u001b[0m\n\u001b[0m  \u001b[0m\u001b[0m\u001b[1m\u001b[38;5;14m|\u001b[0m\n\u001b[0m\u001b[1m\u001b[38;5;14m6\u001b[0m\u001b[0m \u001b[0m\u001b[0m\u001b[1m\u001b[38;5;14m|\u001b[0m\u001b[0m \u001b[0m\u001b[0mpub use tracing_core::dispatcher::DefaultGuard;\u001b[0m\n\u001b[0m  \u001b[0m\u001b[0m\u001b[1m\u001b[38;5;14m| \u001b[0m\u001b[0m        \u001b[0m\u001b[0m\u001b[1m\u001b[38;5;9m^^^^^^^^^^^^\u001b[0m\n\u001b[0m  \u001b[0m\u001b[0m\u001b[1m\u001b[38;5;14m|\u001b[0m\n\u001b[0m  \u001b[0m\u001b[0m\u001b[1m\u001b[38;5;14m= \u001b[0m\u001b[0m\u001b[1m\u001b[38;5;15mnote\u001b[0m\u001b[0m: the following crate versions were found:\u001b[0m\n\u001b[0m          crate `tracing_core` compiled by rustc 1.69.0-nightly (2773383a3 2023-02-10): \\\\?\\F:\\Sources\\Repos\\dwy-vest\\Dwy-Vest\\target\\debug\\deps\\libtracing_core-82f65f367b395120.rmeta\u001b[0m\n\u001b[0m  \u001b[0m\u001b[0m\u001b[1m\u001b[38;5;14m= \u001b[0m\u001b[0m\u001b[1m\u001b[38;5;15mhelp\u001b[0m\u001b[0m: please recompile that crate using this compiler (rustc 1.69.0-nightly (4507fdaaa 2023-02-18)) (consider running `cargo clean` first)\u001b[0m\n\n"}
{"message":"found crate `tracing_core` compiled by an incompatible version of rustc","code":{"code":"E0514","explanation":"Dependency compiled with different version of `rustc`.\n\nExample of erroneous code:\n\n`a.rs`\n```ignore (cannot-link-with-other-tests)\n// compiled with stable `rustc`\n\n#[crate_type = \"lib\"]\n```\n\n`b.rs`\n```ignore (cannot-link-with-other-tests)\n// compiled with nightly `rustc`\n\n#[crate_type = \"lib\"]\n\nextern crate a; // error: found crate `a` compiled by an incompatible version\n                //        of rustc\n```\n\nThis error is caused when the version of `rustc` used to compile a crate, as\nstored in the binary's metadata, differs from the version of one of its\ndependencies. Many parts of Rust binaries are considered unstable. For\ninstance, the Rust ABI is not stable between compiler versions. This means that\nthe compiler cannot be sure about *how* to call a function between compiler\nversions, and therefore this error occurs.\n\nThis error can be fixed by:\n * Using [Cargo](../cargo/index.html), the Rust package manager and\n   [Rustup](https://rust-lang.github.io/rustup/), the Rust toolchain installer,\n   automatically fixing this issue.\n * Recompiling the crates with a uniform `rustc` version.\n"},"level":"error","spans":[{"file_name":"C:\\Users\\danie\\.cargo\\registry\\src\\github.com-1ecc6299db9ec823\\tracing-0.1.37\\src\\subscriber.rs","byte_start":2288,"byte_end":2300,"line_start":65,"line_end":65,"column_start":9,"column_end":21,"is_primary":true,"text":[{"text":"pub use tracing_core::dispatcher::SetGlobalDefaultError;","highlight_start":9,"highlight_end":21}],"label":null,"suggested_replacement":null,"suggestion_applicability":null,"expansion":null}],"children":[{"message":"the following crate versions were found:\ncrate `tracing_core` compiled by rustc 1.69.0-nightly (2773383a3 2023-02-10): \\\\?\\F:\\Sources\\Repos\\dwy-vest\\Dwy-Vest\\target\\debug\\deps\\libtracing_core-82f65f367b395120.rmeta","code":null,"level":"note","spans":[],"children":[],"rendered":null},{"message":"please recompile that crate using this compiler (rustc 1.69.0-nightly (4507fdaaa 2023-02-18)) (consider running `cargo clean` first)","code":null,"level":"help","spans":[],"children":[],"rendered":null}],"rendered":"\u001b[0m\u001b[1m\u001b[38;5;9merror[E0514]\u001b[0m\u001b[0m\u001b[1m\u001b[38;5;15m: found crate `tracing_core` compiled by an incompatible version of rustc\u001b[0m\n\u001b[0m  \u001b[0m\u001b[0m\u001b[1m\u001b[38;5;14m--> \u001b[0m\u001b[0mC:\\Users\\danie\\.cargo\\registry\\src\\github.com-1ecc6299db9ec823\\tracing-0.1.37\\src\\subscriber.rs:65:9\u001b[0m\n\u001b[0m   \u001b[0m\u001b[0m\u001b[1m\u001b[38;5;14m|\u001b[0m\n\u001b[0m\u001b[1m\u001b[38;5;14m65\u001b[0m\u001b[0m \u001b[0m\u001b[0m\u001b[1m\u001b[38;5;14m|\u001b[0m\u001b[0m \u001b[0m\u001b[0mpub use tracing_core::dispatcher::SetGlobalDefaultError;\u001b[0m\n\u001b[0m   \u001b[0m\u001b[0m\u001b[1m\u001b[38;5;14m| \u001b[0m\u001b[0m        \u001b[0m\u001b[0m\u001b[1m\u001b[38;5;9m^^^^^^^^^^^^\u001b[0m\n\u001b[0m   \u001b[0m\u001b[0m\u001b[1m\u001b[38;5;14m|\u001b[0m\n\u001b[0m   \u001b[0m\u001b[0m\u001b[1m\u001b[38;5;14m= \u001b[0m\u001b[0m\u001b[1m\u001b[38;5;15mnote\u001b[0m\u001b[0m: the following crate versions were found:\u001b[0m\n\u001b[0m           crate `tracing_core` compiled by rustc 1.69.0-nightly (2773383a3 2023-02-10): \\\\?\\F:\\Sources\\Repos\\dwy-vest\\Dwy-Vest\\target\\debug\\deps\\libtracing_core-82f65f367b395120.rmeta\u001b[0m\n\u001b[0m   \u001b[0m\u001b[0m\u001b[1m\u001b[38;5;14m= \u001b[0m\u001b[0m\u001b[1m\u001b[38;5;15mhelp\u001b[0m\u001b[0m: please recompile that crate using this compiler (rustc 1.69.0-nightly (4507fdaaa 2023-02-18)) (consider running `cargo clean` first)\u001b[0m\n\n"}
{"message":"unresolved imports `self::dispatcher::Dispatch`, `self::event`, `self::field::Value`, `self::subscriber::Subscriber`, `self::span::Id`, `tracing_core::callsite`, `tracing_core::callsite::Callsite`, `tracing_core::metadata`, `tracing_core::event`, `tracing_core::Level`, `tracing_core::Metadata`, `crate::Metadata`, `crate::dispatcher::Dispatch`, `crate::dispatcher::Dispatch`, `crate::field`, `crate::Metadata`, `tracing_core::dispatcher::DefaultGuard`, `tracing_core::dispatcher::SetGlobalDefaultError`, `crate::callsite::Callsite`","code":{"code":"E0432","explanation":"An import was unresolved.\n\nErroneous code example:\n\n```compile_fail,E0432\nuse something::Foo; // error: unresolved import `something::Foo`.\n```\n\nIn Rust 2015, paths in `use` statements are relative to the crate root. To\nimport items relative to the current and parent modules, use the `self::` and\n`super::` prefixes, respectively.\n\nIn Rust 2018 or later, paths in `use` statements are relative to the current\nmodule unless they begin with the name of a crate or a literal `crate::`, in\nwhich case they start from the crate root. As in Rust 2015 code, the `self::`\nand `super::` prefixes refer to the current and parent modules respectively.\n\nAlso verify that you didn't misspell the import name and that the import exists\nin the module from where you tried to import it. Example:\n\n```\nuse self::something::Foo; // Ok.\n\nmod something {\n    pub struct Foo;\n}\n# fn main() {}\n```\n\nIf you tried to use a module from an external crate and are using Rust 2015,\nyou may have missed the `extern crate` declaration (which is usually placed in\nthe crate root):\n\n```edition2015\nextern crate core; // Required to use the `core` crate in Rust 2015.\n\nuse core::any;\n# fn main() {}\n```\n\nSince Rust 2018 the `extern crate` declaration is not required and\nyou can instead just `use` it:\n\n```edition2018\nuse core::any; // No extern crate required in Rust 2018.\n# fn main() {}\n```\n"},"level":"error","spans":[{"file_name":"C:\\Users\\danie\\.cargo\\registry\\src\\github.com-1ecc6299db9ec823\\tracing-0.1.37\\src\\lib.rs","byte_start":39304,"byte_end":39309,"line_start":942,"line_end":942,"column_start":38,"column_end":43,"is_primary":true,"text":[{"text":"pub use self::{dispatcher::Dispatch, event::Event, field::Value, subscriber::Subscriber};","highlight_start":38,"highlight_end":43}],"label":"could not find `event` in the crate root","suggested_replacement":null,"suggestion_applicability":null,"expansion":null},{"file_name":"C:\\Users\\danie\\.cargo\\registry\\src\\github.com-1ecc6299db9ec823\\tracing-0.1.37\\src\\lib.rs","byte_start":39318,"byte_end":39330,"line_start":942,"line_end":942,"column_start":52,"column_end":64,"is_primary":true,"text":[{"text":"pub use self::{dispatcher::Dispatch, event::Event, field::Value, subscriber::Subscriber};","highlight_start":52,"highlight_end":64}],"label":"no `Value` in `field`","suggested_replacement":null,"suggestion_applicability":null,"expansion":null},{"file_name":"C:\\Users\\danie\\.cargo\\registry\\src\\github.com-1ecc6299db9ec823\\tracing-0.1.37\\src\\lib.rs","byte_start":39332,"byte_end":39354,"line_start":942,"line_end":942,"column_start":66,"column_end":88,"is_primary":true,"text":[{"text":"pub use self::{dispatcher::Dispatch, event::Event, field::Value, subscriber::Subscriber};","highlight_start":66,"highlight_end":88}],"label":"no `Subscriber` in `subscriber`","suggested_replacement":null,"suggestion_applicability":null,"expansion":null},{"file_name":"C:\\Users\\danie\\.cargo\\registry\\src\\github.com-1ecc6299db9ec823\\tracing-0.1.37\\src\\lib.rs","byte_start":39282,"byte_end":39302,"line_start":942,"line_end":942,"column_start":16,"column_end":36,"is_primary":true,"text":[{"text":"pub use self::{dispatcher::Dispatch, event::Event, field::Value, subscriber::Subscriber};","highlight_start":16,"highlight_end":36}],"label":null,"suggested_replacement":null,"suggestion_applicability":null,"expansion":null},{"file_name":"C:\\Users\\danie\\.cargo\\registry\\src\\github.com-1ecc6299db9ec823\\tracing-0.1.37\\src\\lib.rs","byte_start":39381,"byte_end":39395,"line_start":945,"line_end":945,"column_start":9,"column_end":23,"is_primary":true,"text":[{"text":"pub use self::span::Id;","highlight_start":9,"highlight_end":23}],"label":null,"suggested_replacement":null,"suggestion_applicability":null,"expansion":null},{"file_name":"C:\\Users\\danie\\.cargo\\registry\\src\\github.com-1ecc6299db9ec823\\tracing-0.1.37\\src\\lib.rs","byte_start":39452,"byte_end":39456,"line_start":949,"line_end":949,"column_start":16,"column_end":20,"is_primary":true,"text":[{"text":"    callsite::{self, Callsite},","highlight_start":16,"highlight_end":20}],"label":null,"suggested_replacement":null,"suggestion_applicability":null,"expansion":null},{"file_name":"C:\\Users\\danie\\.cargo\\registry\\src\\github.com-1ecc6299db9ec823\\tracing-0.1.37\\src\\lib.rs","byte_start":39458,"byte_end":39466,"line_start":949,"line_end":949,"column_start":22,"column_end":30,"is_primary":true,"text":[{"text":"    callsite::{self, Callsite},","highlight_start":22,"highlight_end":30}],"label":null,"suggested_replacement":null,"suggestion_applicability":null,"expansion":null},{"file_name":"C:\\Users\\danie\\.cargo\\registry\\src\\github.com-1ecc6299db9ec823\\tracing-0.1.37\\src\\lib.rs","byte_start":39473,"byte_end":39481,"line_start":950,"line_end":950,"column_start":5,"column_end":13,"is_primary":true,"text":[{"text":"    metadata,","highlight_start":5,"highlight_end":13}],"label":null,"suggested_replacement":null,"suggestion_applicability":null,"expansion":null},{"file_name":"C:\\Users\\danie\\.cargo\\registry\\src\\github.com-1ecc6299db9ec823\\tracing-0.1.37\\src\\lib.rs","byte_start":39509,"byte_end":39514,"line_start":952,"line_end":952,"column_start":24,"column_end":29,"is_primary":true,"text":[{"text":"pub use tracing_core::{event, Level, Metadata};","highlight_start":24,"highlight_end":29}],"label":null,"suggested_replacement":null,"suggestion_applicability":null,"expansion":null},{"file_name":"C:\\Users\\danie\\.cargo\\registry\\src\\github.com-1ecc6299db9ec823\\tracing-0.1.37\\src\\lib.rs","byte_start":39516,"byte_end":39521,"line_start":952,"line_end":952,"column_start":31,"column_end":36,"is_primary":true,"text":[{"text":"pub use tracing_core::{event, Level, Metadata};","highlight_start":31,"highlight_end":36}],"label":null,"suggested_replacement":null,"suggestion_applicability":null,"expansion":null},{"file_name":"C:\\Users\\danie\\.cargo\\registry\\src\\github.com-1ecc6299db9ec823\\tracing-0.1.37\\src\\lib.rs","byte_start":39523,"byte_end":39531,"line_start":952,"line_end":952,"column_start":38,"column_end":46,"is_primary":true,"text":[{"text":"pub use tracing_core::{event, Level, Metadata};","highlight_start":38,"highlight_end":46}],"label":null,"suggested_replacement":null,"suggestion_applicability":null,"expansion":null},{"file_name":"C:\\Users\\danie\\.cargo\\registry\\src\\github.com-1ecc6299db9ec823\\tracing-0.1.37\\src\\lib.rs","byte_start":39978,"byte_end":40003,"line_start":975,"line_end":975,"column_start":13,"column_end":38,"is_primary":true,"text":[{"text":"    pub use crate::callsite::Callsite;","highlight_start":13,"highlight_end":38}],"label":null,"suggested_replacement":null,"suggestion_applicability":null,"expansion":null},{"file_name":"C:\\Users\\danie\\.cargo\\registry\\src\\github.com-1ecc6299db9ec823\\tracing-0.1.37\\src\\field.rs","byte_start":5170,"byte_end":5185,"line_start":116,"line_end":116,"column_start":5,"column_end":20,"is_primary":true,"text":[{"text":"use crate::Metadata;","highlight_start":5,"highlight_end":20}],"label":null,"suggested_replacement":null,"suggestion_applicability":null,"expansion":null},{"file_name":"C:\\Users\\danie\\.cargo\\registry\\src\\github.com-1ecc6299db9ec823\\tracing-0.1.37\\src\\instrument.rs","byte_start":159,"byte_end":167,"line_start":5,"line_end":5,"column_start":24,"column_end":32,"is_primary":true,"text":[{"text":"    dispatcher::{self, Dispatch},","highlight_start":24,"highlight_end":32}],"label":null,"suggested_replacement":null,"suggestion_applicability":null,"expansion":null},{"file_name":"C:\\Users\\danie\\.cargo\\registry\\src\\github.com-1ecc6299db9ec823\\tracing-0.1.37\\src\\span.rs","byte_start":13413,"byte_end":13421,"line_start":330,"line_end":330,"column_start":24,"column_end":32,"is_primary":true,"text":[{"text":"    dispatcher::{self, Dispatch},","highlight_start":24,"highlight_end":32}],"label":null,"suggested_replacement":null,"suggestion_applicability":null,"expansion":null},{"file_name":"C:\\Users\\danie\\.cargo\\registry\\src\\github.com-1ecc6299db9ec823\\tracing-0.1.37\\src\\span.rs","byte_start":13428,"byte_end":13433,"line_start":331,"line_end":331,"column_start":5,"column_end":10,"is_primary":true,"text":[{"text":"    field, Metadata,","highlight_start":5,"highlight_end":10}],"label":null,"suggested_replacement":null,"suggestion_applicability":null,"expansion":null},{"file_name":"C:\\Users\\danie\\.cargo\\registry\\src\\github.com-1ecc6299db9ec823\\tracing-0.1.37\\src\\span.rs","byte_start":13435,"byte_end":13443,"line_start":331,"line_end":331,"column_start":12,"column_end":20,"is_primary":true,"text":[{"text":"    field, Metadata,","highlight_start":12,"highlight_end":20}],"label":null,"suggested_replacement":null,"suggestion_applicability":null,"expansion":null},{"file_name":"C:\\Users\\danie\\.cargo\\registry\\src\\github.com-1ecc6299db9ec823\\tracing-0.1.37\\src\\subscriber.rs","byte_start":154,"byte_end":192,"line_start":6,"line_end":6,"column_start":9,"column_end":47,"is_primary":true,"text":[{"text":"pub use tracing_core::dispatcher::DefaultGuard;","highlight_start":9,"highlight_end":47}],"label":null,"suggested_replacement":null,"suggestion_applicability":null,"expansion":null},{"file_name":"C:\\Users\\danie\\.cargo\\registry\\src\\github.com-1ecc6299db9ec823\\tracing-0.1.37\\src\\subscriber.rs","byte_start":2288,"byte_end":2335,"line_start":65,"line_end":65,"column_start":9,"column_end":56,"is_primary":true,"text":[{"text":"pub use tracing_core::dispatcher::SetGlobalDefaultError;","highlight_start":9,"highlight_end":56}],"label":null,"suggested_replacement":null,"suggestion_applicability":null,"expansion":null}],"children":[],"rendered":"\u001b[0m\u001b[1m\u001b[38;5;9merror[E0432]\u001b[0m\u001b[0m\u001b[1m\u001b[38;5;15m: unresolved imports `self::dispatcher::Dispatch`, `self::event`, `self::field::Value`, `self::subscriber::Subscriber`, `self::span::Id`, `tracing_core::callsite`, `tracing_core::callsite::Callsite`, `tracing_core::metadata`, `tracing_core::event`, `tracing_core::Level`, `tracing_core::Metadata`, `crate::Metadata`, `crate::dispatcher::Dispatch`, `crate::dispatcher::Dispatch`, `crate::field`, `crate::Metadata`, `tracing_core::dispatcher::DefaultGuard`, `tracing_core::dispatcher::SetGlobalDefaultError`, `crate::callsite::Callsite`\u001b[0m\n\u001b[0m   \u001b[0m\u001b[0m\u001b[1m\u001b[38;5;14m--> \u001b[0m\u001b[0mC:\\Users\\danie\\.cargo\\registry\\src\\github.com-1ecc6299db9ec823\\tracing-0.1.37\\src\\lib.rs:942:16\u001b[0m\n\u001b[0m    \u001b[0m\u001b[0m\u001b[1m\u001b[38;5;14m|\u001b[0m\n\u001b[0m\u001b[1m\u001b[38;5;14m942\u001b[0m\u001b[0m \u001b[0m\u001b[0m\u001b[1m\u001b[38;5;14m|\u001b[0m\u001b[0m \u001b[0m\u001b[0mpub use self::{dispatcher::Dispatch, event::Event, field::Value, subscriber::Subscriber};\u001b[0m\n\u001b[0m    \u001b[0m\u001b[0m\u001b[1m\u001b[38;5;14m| \u001b[0m\u001b[0m               \u001b[0m\u001b[0m\u001b[1m\u001b[38;5;9m^^^^^^^^^^^^^^^^^^^^\u001b[0m\u001b[0m  \u001b[0m\u001b[0m\u001b[1m\u001b[38;5;9m^^^^^\u001b[0m\u001b[0m         \u001b[0m\u001b[0m\u001b[1m\u001b[38;5;9m^^^^^^^^^^^^\u001b[0m\u001b[0m  \u001b[0m\u001b[0m\u001b[1m\u001b[38;5;9m^^^^^^^^^^^^^^^^^^^^^^\u001b[0m\u001b[0m \u001b[0m\u001b[0m\u001b[1m\u001b[38;5;9mno `Subscriber` in `subscriber`\u001b[0m\n\u001b[0m    \u001b[0m\u001b[0m\u001b[1m\u001b[38;5;14m| \u001b[0m\u001b[0m                                     \u001b[0m\u001b[0m\u001b[1m\u001b[38;5;9m|\u001b[0m\u001b[0m             \u001b[0m\u001b[0m\u001b[1m\u001b[38;5;9m|\u001b[0m\n\u001b[0m    \u001b[0m\u001b[0m\u001b[1m\u001b[38;5;14m| \u001b[0m\u001b[0m                                     \u001b[0m\u001b[0m\u001b[1m\u001b[38;5;9m|\u001b[0m\u001b[0m             \u001b[0m\u001b[0m\u001b[1m\u001b[38;5;9mno `Value` in `field`\u001b[0m\n\u001b[0m    \u001b[0m\u001b[0m\u001b[1m\u001b[38;5;14m| \u001b[0m\u001b[0m                                     \u001b[0m\u001b[0m\u001b[1m\u001b[38;5;9mcould not find `event` in the crate root\u001b[0m\n\u001b[0m\u001b[1m\u001b[38;5;14m...\u001b[0m\n\u001b[0m\u001b[1m\u001b[38;5;14m945\u001b[0m\u001b[0m \u001b[0m\u001b[0m\u001b[1m\u001b[38;5;14m|\u001b[0m\u001b[0m \u001b[0m\u001b[0mpub use self::span::Id;\u001b[0m\n\u001b[0m    \u001b[0m\u001b[0m\u001b[1m\u001b[38;5;14m| \u001b[0m\u001b[0m        \u001b[0m\u001b[0m\u001b[1m\u001b[38;5;9m^^^^^^^^^^^^^^\u001b[0m\n\u001b[0m\u001b[1m\u001b[38;5;14m...\u001b[0m\n\u001b[0m\u001b[1m\u001b[38;5;14m949\u001b[0m\u001b[0m \u001b[0m\u001b[0m\u001b[1m\u001b[38;5;14m|\u001b[0m\u001b[0m \u001b[0m\u001b[0m    callsite::{self, Callsite},\u001b[0m\n\u001b[0m    \u001b[0m\u001b[0m\u001b[1m\u001b[38;5;14m| \u001b[0m\u001b[0m               \u001b[0m\u001b[0m\u001b[1m\u001b[38;5;9m^^^^\u001b[0m\u001b[0m  \u001b[0m\u001b[0m\u001b[1m\u001b[38;5;9m^^^^^^^^\u001b[0m\n\u001b[0m\u001b[1m\u001b[38;5;14m950\u001b[0m\u001b[0m \u001b[0m\u001b[0m\u001b[1m\u001b[38;5;14m|\u001b[0m\u001b[0m \u001b[0m\u001b[0m    metadata,\u001b[0m\n\u001b[0m    \u001b[0m\u001b[0m\u001b[1m\u001b[38;5;14m| \u001b[0m\u001b[0m    \u001b[0m\u001b[0m\u001b[1m\u001b[38;5;9m^^^^^^^^\u001b[0m\n\u001b[0m\u001b[1m\u001b[38;5;14m951\u001b[0m\u001b[0m \u001b[0m\u001b[0m\u001b[1m\u001b[38;5;14m|\u001b[0m\u001b[0m \u001b[0m\u001b[0m};\u001b[0m\n\u001b[0m\u001b[1m\u001b[38;5;14m952\u001b[0m\u001b[0m \u001b[0m\u001b[0m\u001b[1m\u001b[38;5;14m|\u001b[0m\u001b[0m \u001b[0m\u001b[0mpub use tracing_core::{event, Level, Metadata};\u001b[0m\n\u001b[0m    \u001b[0m\u001b[0m\u001b[1m\u001b[38;5;14m| \u001b[0m\u001b[0m                       \u001b[0m\u001b[0m\u001b[1m\u001b[38;5;9m^^^^^\u001b[0m\u001b[0m  \u001b[0m\u001b[0m\u001b[1m\u001b[38;5;9m^^^^^\u001b[0m\u001b[0m  \u001b[0m\u001b[0m\u001b[1m\u001b[38;5;9m^^^^^^^^\u001b[0m\n\u001b[0m\u001b[1m\u001b[38;5;14m...\u001b[0m\n\u001b[0m\u001b[1m\u001b[38;5;14m975\u001b[0m\u001b[0m \u001b[0m\u001b[0m\u001b[1m\u001b[38;5;14m|\u001b[0m\u001b[0m \u001b[0m\u001b[0m    pub use crate::callsite::Callsite;\u001b[0m\n\u001b[0m    \u001b[0m\u001b[0m\u001b[1m\u001b[38;5;14m| \u001b[0m\u001b[0m            \u001b[0m\u001b[0m\u001b[1m\u001b[38;5;9m^^^^^^^^^^^^^^^^^^^^^^^^^\u001b[0m\n\u001b[0m    \u001b[0m\u001b[0m\u001b[1m\u001b[38;5;14m|\u001b[0m\n\u001b[0m   \u001b[0m\u001b[0m\u001b[1m\u001b[38;5;14m::: \u001b[0m\u001b[0mC:\\Users\\danie\\.cargo\\registry\\src\\github.com-1ecc6299db9ec823\\tracing-0.1.37\\src\\field.rs:116:5\u001b[0m\n\u001b[0m    \u001b[0m\u001b[0m\u001b[1m\u001b[38;5;14m|\u001b[0m\n\u001b[0m\u001b[1m\u001b[38;5;14m116\u001b[0m\u001b[0m \u001b[0m\u001b[0m\u001b[1m\u001b[38;5;14m|\u001b[0m\u001b[0m \u001b[0m\u001b[0muse crate::Metadata;\u001b[0m\n\u001b[0m    \u001b[0m\u001b[0m\u001b[1m\u001b[38;5;14m| \u001b[0m\u001b[0m    \u001b[0m\u001b[0m\u001b[1m\u001b[38;5;9m^^^^^^^^^^^^^^^\u001b[0m\n\u001b[0m    \u001b[0m\u001b[0m\u001b[1m\u001b[38;5;14m|\u001b[0m\n\u001b[0m   \u001b[0m\u001b[0m\u001b[1m\u001b[38;5;14m::: \u001b[0m\u001b[0mC:\\Users\\danie\\.cargo\\registry\\src\\github.com-1ecc6299db9ec823\\tracing-0.1.37\\src\\instrument.rs:5:24\u001b[0m\n\u001b[0m    \u001b[0m\u001b[0m\u001b[1m\u001b[38;5;14m|\u001b[0m\n\u001b[0m\u001b[1m\u001b[38;5;14m5\u001b[0m\u001b[0m   \u001b[0m\u001b[0m\u001b[1m\u001b[38;5;14m|\u001b[0m\u001b[0m \u001b[0m\u001b[0m    dispatcher::{self, Dispatch},\u001b[0m\n\u001b[0m    \u001b[0m\u001b[0m\u001b[1m\u001b[38;5;14m| \u001b[0m\u001b[0m                       \u001b[0m\u001b[0m\u001b[1m\u001b[38;5;9m^^^^^^^^\u001b[0m\n\u001b[0m    \u001b[0m\u001b[0m\u001b[1m\u001b[38;5;14m|\u001b[0m\n\u001b[0m   \u001b[0m\u001b[0m\u001b[1m\u001b[38;5;14m::: \u001b[0m\u001b[0mC:\\Users\\danie\\.cargo\\registry\\src\\github.com-1ecc6299db9ec823\\tracing-0.1.37\\src\\span.rs:330:24\u001b[0m\n\u001b[0m    \u001b[0m\u001b[0m\u001b[1m\u001b[38;5;14m|\u001b[0m\n\u001b[0m\u001b[1m\u001b[38;5;14m330\u001b[0m\u001b[0m \u001b[0m\u001b[0m\u001b[1m\u001b[38;5;14m|\u001b[0m\u001b[0m \u001b[0m\u001b[0m    dispatcher::{self, Dispatch},\u001b[0m\n\u001b[0m    \u001b[0m\u001b[0m\u001b[1m\u001b[38;5;14m| \u001b[0m\u001b[0m                       \u001b[0m\u001b[0m\u001b[1m\u001b[38;5;9m^^^^^^^^\u001b[0m\n\u001b[0m\u001b[1m\u001b[38;5;14m331\u001b[0m\u001b[0m \u001b[0m\u001b[0m\u001b[1m\u001b[38;5;14m|\u001b[0m\u001b[0m \u001b[0m\u001b[0m    field, Metadata,\u001b[0m\n\u001b[0m    \u001b[0m\u001b[0m\u001b[1m\u001b[38;5;14m| \u001b[0m\u001b[0m    \u001b[0m\u001b[0m\u001b[1m\u001b[38;5;9m^^^^^\u001b[0m\u001b[0m  \u001b[0m\u001b[0m\u001b[1m\u001b[38;5;9m^^^^^^^^\u001b[0m\n\u001b[0m    \u001b[0m\u001b[0m\u001b[1m\u001b[38;5;14m|\u001b[0m\n\u001b[0m   \u001b[0m\u001b[0m\u001b[1m\u001b[38;5;14m::: \u001b[0m\u001b[0mC:\\Users\\danie\\.cargo\\registry\\src\\github.com-1ecc6299db9ec823\\tracing-0.1.37\\src\\subscriber.rs:6:9\u001b[0m\n\u001b[0m    \u001b[0m\u001b[0m\u001b[1m\u001b[38;5;14m|\u001b[0m\n\u001b[0m\u001b[1m\u001b[38;5;14m6\u001b[0m\u001b[0m   \u001b[0m\u001b[0m\u001b[1m\u001b[38;5;14m|\u001b[0m\u001b[0m \u001b[0m\u001b[0mpub use tracing_core::dispatcher::DefaultGuard;\u001b[0m\n\u001b[0m    \u001b[0m\u001b[0m\u001b[1m\u001b[38;5;14m| \u001b[0m\u001b[0m        \u001b[0m\u001b[0m\u001b[1m\u001b[38;5;9m^^^^^^^^^^^^^^^^^^^^^^^^^^^^^^^^^^^^^^\u001b[0m\n\u001b[0m\u001b[1m\u001b[38;5;14m...\u001b[0m\n\u001b[0m\u001b[1m\u001b[38;5;14m65\u001b[0m\u001b[0m  \u001b[0m\u001b[0m\u001b[1m\u001b[38;5;14m|\u001b[0m\u001b[0m \u001b[0m\u001b[0mpub use tracing_core::dispatcher::SetGlobalDefaultError;\u001b[0m\n\u001b[0m    \u001b[0m\u001b[0m\u001b[1m\u001b[38;5;14m| \u001b[0m\u001b[0m        \u001b[0m\u001b[0m\u001b[1m\u001b[38;5;9m^^^^^^^^^^^^^^^^^^^^^^^^^^^^^^^^^^^^^^^^^^^^^^^\u001b[0m\n\n"}
{"message":"unresolved imports `crate::subscriber::Interest`, `crate::Metadata`","code":{"code":"E0432","explanation":"An import was unresolved.\n\nErroneous code example:\n\n```compile_fail,E0432\nuse something::Foo; // error: unresolved import `something::Foo`.\n```\n\nIn Rust 2015, paths in `use` statements are relative to the crate root. To\nimport items relative to the current and parent modules, use the `self::` and\n`super::` prefixes, respectively.\n\nIn Rust 2018 or later, paths in `use` statements are relative to the current\nmodule unless they begin with the name of a crate or a literal `crate::`, in\nwhich case they start from the crate root. As in Rust 2015 code, the `self::`\nand `super::` prefixes refer to the current and parent modules respectively.\n\nAlso verify that you didn't misspell the import name and that the import exists\nin the module from where you tried to import it. Example:\n\n```\nuse self::something::Foo; // Ok.\n\nmod something {\n    pub struct Foo;\n}\n# fn main() {}\n```\n\nIf you tried to use a module from an external crate and are using Rust 2015,\nyou may have missed the `extern crate` declaration (which is usually placed in\nthe crate root):\n\n```edition2015\nextern crate core; // Required to use the `core` crate in Rust 2015.\n\nuse core::any;\n# fn main() {}\n```\n\nSince Rust 2018 the `extern crate` declaration is not required and\nyou can instead just `use` it:\n\n```edition2018\nuse core::any; // No extern crate required in Rust 2018.\n# fn main() {}\n```\n"},"level":"error","spans":[{"file_name":"C:\\Users\\danie\\.cargo\\registry\\src\\github.com-1ecc6299db9ec823\\tracing-0.1.37\\src\\lib.rs","byte_start":40021,"byte_end":40041,"line_start":976,"line_end":976,"column_start":17,"column_end":37,"is_primary":true,"text":[{"text":"    use crate::{subscriber::Interest, Metadata};","highlight_start":17,"highlight_end":37}],"label":"no `Interest` in `subscriber`","suggested_replacement":null,"suggestion_applicability":null,"expansion":null},{"file_name":"C:\\Users\\danie\\.cargo\\registry\\src\\github.com-1ecc6299db9ec823\\tracing-0.1.37\\src\\lib.rs","byte_start":40043,"byte_end":40051,"line_start":976,"line_end":976,"column_start":39,"column_end":47,"is_primary":true,"text":[{"text":"    use crate::{subscriber::Interest, Metadata};","highlight_start":39,"highlight_end":47}],"label":null,"suggested_replacement":null,"suggestion_applicability":null,"expansion":null}],"children":[],"rendered":"\u001b[0m\u001b[1m\u001b[38;5;9merror[E0432]\u001b[0m\u001b[0m\u001b[1m\u001b[38;5;15m: unresolved imports `crate::subscriber::Interest`, `crate::Metadata`\u001b[0m\n\u001b[0m   \u001b[0m\u001b[0m\u001b[1m\u001b[38;5;14m--> \u001b[0m\u001b[0mC:\\Users\\danie\\.cargo\\registry\\src\\github.com-1ecc6299db9ec823\\tracing-0.1.37\\src\\lib.rs:976:17\u001b[0m\n\u001b[0m    \u001b[0m\u001b[0m\u001b[1m\u001b[38;5;14m|\u001b[0m\n\u001b[0m\u001b[1m\u001b[38;5;14m976\u001b[0m\u001b[0m \u001b[0m\u001b[0m\u001b[1m\u001b[38;5;14m|\u001b[0m\u001b[0m \u001b[0m\u001b[0m    use crate::{subscriber::Interest, Metadata};\u001b[0m\n\u001b[0m    \u001b[0m\u001b[0m\u001b[1m\u001b[38;5;14m| \u001b[0m\u001b[0m                \u001b[0m\u001b[0m\u001b[1m\u001b[38;5;9m^^^^^^^^^^^^^^^^^^^^\u001b[0m\u001b[0m  \u001b[0m\u001b[0m\u001b[1m\u001b[38;5;9m^^^^^^^^\u001b[0m\n\u001b[0m    \u001b[0m\u001b[0m\u001b[1m\u001b[38;5;14m| \u001b[0m\u001b[0m                \u001b[0m\u001b[0m\u001b[1m\u001b[38;5;9m|\u001b[0m\n\u001b[0m    \u001b[0m\u001b[0m\u001b[1m\u001b[38;5;14m| \u001b[0m\u001b[0m                \u001b[0m\u001b[0m\u001b[1m\u001b[38;5;9mno `Interest` in `subscriber`\u001b[0m\n\n"}
{"message":"found crate `cfg_if` compiled by an incompatible version of rustc","code":{"code":"E0514","explanation":"Dependency compiled with different version of `rustc`.\n\nExample of erroneous code:\n\n`a.rs`\n```ignore (cannot-link-with-other-tests)\n// compiled with stable `rustc`\n\n#[crate_type = \"lib\"]\n```\n\n`b.rs`\n```ignore (cannot-link-with-other-tests)\n// compiled with nightly `rustc`\n\n#[crate_type = \"lib\"]\n\nextern crate a; // error: found crate `a` compiled by an incompatible version\n                //        of rustc\n```\n\nThis error is caused when the version of `rustc` used to compile a crate, as\nstored in the binary's metadata, differs from the version of one of its\ndependencies. Many parts of Rust binaries are considered unstable. For\ninstance, the Rust ABI is not stable between compiler versions. This means that\nthe compiler cannot be sure about *how* to call a function between compiler\nversions, and therefore this error occurs.\n\nThis error can be fixed by:\n * Using [Cargo](../cargo/index.html), the Rust package manager and\n   [Rustup](https://rust-lang.github.io/rustup/), the Rust toolchain installer,\n   automatically fixing this issue.\n * Recompiling the crates with a uniform `rustc` version.\n"},"level":"error","spans":[{"file_name":"C:\\Users\\danie\\.cargo\\registry\\src\\github.com-1ecc6299db9ec823\\tracing-0.1.37\\src\\level_filters.rs","byte_start":2886,"byte_end":2892,"line_start":68,"line_end":68,"column_start":1,"column_end":7,"is_primary":true,"text":[{"text":"cfg_if::cfg_if! {","highlight_start":1,"highlight_end":7}],"label":null,"suggested_replacement":null,"suggestion_applicability":null,"expansion":null}],"children":[{"message":"the following crate versions were found:\ncrate `cfg_if` compiled by rustc 1.69.0-nightly (2773383a3 2023-02-10): \\\\?\\F:\\Sources\\Repos\\dwy-vest\\Dwy-Vest\\target\\debug\\deps\\libcfg_if-7c477a85dc09cdc2.rmeta","code":null,"level":"note","spans":[],"children":[],"rendered":null},{"message":"please recompile that crate using this compiler (rustc 1.69.0-nightly (4507fdaaa 2023-02-18)) (consider running `cargo clean` first)","code":null,"level":"help","spans":[],"children":[],"rendered":null}],"rendered":"\u001b[0m\u001b[1m\u001b[38;5;9merror[E0514]\u001b[0m\u001b[0m\u001b[1m\u001b[38;5;15m: found crate `cfg_if` compiled by an incompatible version of rustc\u001b[0m\n\u001b[0m  \u001b[0m\u001b[0m\u001b[1m\u001b[38;5;14m--> \u001b[0m\u001b[0mC:\\Users\\danie\\.cargo\\registry\\src\\github.com-1ecc6299db9ec823\\tracing-0.1.37\\src\\level_filters.rs:68:1\u001b[0m\n\u001b[0m   \u001b[0m\u001b[0m\u001b[1m\u001b[38;5;14m|\u001b[0m\n\u001b[0m\u001b[1m\u001b[38;5;14m68\u001b[0m\u001b[0m \u001b[0m\u001b[0m\u001b[1m\u001b[38;5;14m|\u001b[0m\u001b[0m \u001b[0m\u001b[0mcfg_if::cfg_if! {\u001b[0m\n\u001b[0m   \u001b[0m\u001b[0m\u001b[1m\u001b[38;5;14m| \u001b[0m\u001b[0m\u001b[1m\u001b[38;5;9m^^^^^^\u001b[0m\n\u001b[0m   \u001b[0m\u001b[0m\u001b[1m\u001b[38;5;14m|\u001b[0m\n\u001b[0m   \u001b[0m\u001b[0m\u001b[1m\u001b[38;5;14m= \u001b[0m\u001b[0m\u001b[1m\u001b[38;5;15mnote\u001b[0m\u001b[0m: the following crate versions were found:\u001b[0m\n\u001b[0m           crate `cfg_if` compiled by rustc 1.69.0-nightly (2773383a3 2023-02-10): \\\\?\\F:\\Sources\\Repos\\dwy-vest\\Dwy-Vest\\target\\debug\\deps\\libcfg_if-7c477a85dc09cdc2.rmeta\u001b[0m\n\u001b[0m   \u001b[0m\u001b[0m\u001b[1m\u001b[38;5;14m= \u001b[0m\u001b[0m\u001b[1m\u001b[38;5;15mhelp\u001b[0m\u001b[0m: please recompile that crate using this compiler (rustc 1.69.0-nightly (4507fdaaa 2023-02-18)) (consider running `cargo clean` first)\u001b[0m\n\n"}
{"message":"cannot determine resolution for the macro `cfg_if::cfg_if`","code":null,"level":"error","spans":[{"file_name":"C:\\Users\\danie\\.cargo\\registry\\src\\github.com-1ecc6299db9ec823\\tracing-0.1.37\\src\\level_filters.rs","byte_start":2886,"byte_end":2900,"line_start":68,"line_end":68,"column_start":1,"column_end":15,"is_primary":true,"text":[{"text":"cfg_if::cfg_if! {","highlight_start":1,"highlight_end":15}],"label":null,"suggested_replacement":null,"suggestion_applicability":null,"expansion":null}],"children":[{"message":"import resolution is stuck, try simplifying macro imports","code":null,"level":"note","spans":[],"children":[],"rendered":null}],"rendered":"\u001b[0m\u001b[1m\u001b[38;5;9merror\u001b[0m\u001b[0m\u001b[1m\u001b[38;5;15m: cannot determine resolution for the macro `cfg_if::cfg_if`\u001b[0m\n\u001b[0m  \u001b[0m\u001b[0m\u001b[1m\u001b[38;5;14m--> \u001b[0m\u001b[0mC:\\Users\\danie\\.cargo\\registry\\src\\github.com-1ecc6299db9ec823\\tracing-0.1.37\\src\\level_filters.rs:68:1\u001b[0m\n\u001b[0m   \u001b[0m\u001b[0m\u001b[1m\u001b[38;5;14m|\u001b[0m\n\u001b[0m\u001b[1m\u001b[38;5;14m68\u001b[0m\u001b[0m \u001b[0m\u001b[0m\u001b[1m\u001b[38;5;14m|\u001b[0m\u001b[0m \u001b[0m\u001b[0mcfg_if::cfg_if! {\u001b[0m\n\u001b[0m   \u001b[0m\u001b[0m\u001b[1m\u001b[38;5;14m| \u001b[0m\u001b[0m\u001b[1m\u001b[38;5;9m^^^^^^^^^^^^^^\u001b[0m\n\u001b[0m   \u001b[0m\u001b[0m\u001b[1m\u001b[38;5;14m|\u001b[0m\n\u001b[0m   \u001b[0m\u001b[0m\u001b[1m\u001b[38;5;14m= \u001b[0m\u001b[0m\u001b[1m\u001b[38;5;15mnote\u001b[0m\u001b[0m: import resolution is stuck, try simplifying macro imports\u001b[0m\n\n"}
{"message":"cannot determine resolution for the macro `pin_project`","code":null,"level":"error","spans":[{"file_name":"C:\\Users\\danie\\.cargo\\registry\\src\\github.com-1ecc6299db9ec823\\tracing-0.1.37\\src\\instrument.rs","byte_start":7680,"byte_end":7691,"line_start":229,"line_end":229,"column_start":1,"column_end":12,"is_primary":true,"text":[{"text":"pin_project! {","highlight_start":1,"highlight_end":12}],"label":null,"suggested_replacement":null,"suggestion_applicability":null,"expansion":null}],"children":[{"message":"import resolution is stuck, try simplifying macro imports","code":null,"level":"note","spans":[],"children":[],"rendered":null}],"rendered":"\u001b[0m\u001b[1m\u001b[38;5;9merror\u001b[0m\u001b[0m\u001b[1m\u001b[38;5;15m: cannot determine resolution for the macro `pin_project`\u001b[0m\n\u001b[0m   \u001b[0m\u001b[0m\u001b[1m\u001b[38;5;14m--> \u001b[0m\u001b[0mC:\\Users\\danie\\.cargo\\registry\\src\\github.com-1ecc6299db9ec823\\tracing-0.1.37\\src\\instrument.rs:229:1\u001b[0m\n\u001b[0m    \u001b[0m\u001b[0m\u001b[1m\u001b[38;5;14m|\u001b[0m\n\u001b[0m\u001b[1m\u001b[38;5;14m229\u001b[0m\u001b[0m \u001b[0m\u001b[0m\u001b[1m\u001b[38;5;14m|\u001b[0m\u001b[0m \u001b[0m\u001b[0mpin_project! {\u001b[0m\n\u001b[0m    \u001b[0m\u001b[0m\u001b[1m\u001b[38;5;14m| \u001b[0m\u001b[0m\u001b[1m\u001b[38;5;9m^^^^^^^^^^^\u001b[0m\n\u001b[0m    \u001b[0m\u001b[0m\u001b[1m\u001b[38;5;14m|\u001b[0m\n\u001b[0m    \u001b[0m\u001b[0m\u001b[1m\u001b[38;5;14m= \u001b[0m\u001b[0m\u001b[1m\u001b[38;5;15mnote\u001b[0m\u001b[0m: import resolution is stuck, try simplifying macro imports\u001b[0m\n\n"}
{"message":"cannot determine resolution for the macro `pin_project`","code":null,"level":"error","spans":[{"file_name":"C:\\Users\\danie\\.cargo\\registry\\src\\github.com-1ecc6299db9ec823\\tracing-0.1.37\\src\\instrument.rs","byte_start":8255,"byte_end":8266,"line_start":247,"line_end":247,"column_start":1,"column_end":12,"is_primary":true,"text":[{"text":"pin_project! {","highlight_start":1,"highlight_end":12}],"label":null,"suggested_replacement":null,"suggestion_applicability":null,"expansion":null}],"children":[{"message":"import resolution is stuck, try simplifying macro imports","code":null,"level":"note","spans":[],"children":[],"rendered":null}],"rendered":"\u001b[0m\u001b[1m\u001b[38;5;9merror\u001b[0m\u001b[0m\u001b[1m\u001b[38;5;15m: cannot determine resolution for the macro `pin_project`\u001b[0m\n\u001b[0m   \u001b[0m\u001b[0m\u001b[1m\u001b[38;5;14m--> \u001b[0m\u001b[0mC:\\Users\\danie\\.cargo\\registry\\src\\github.com-1ecc6299db9ec823\\tracing-0.1.37\\src\\instrument.rs:247:1\u001b[0m\n\u001b[0m    \u001b[0m\u001b[0m\u001b[1m\u001b[38;5;14m|\u001b[0m\n\u001b[0m\u001b[1m\u001b[38;5;14m247\u001b[0m\u001b[0m \u001b[0m\u001b[0m\u001b[1m\u001b[38;5;14m|\u001b[0m\u001b[0m \u001b[0m\u001b[0mpin_project! {\u001b[0m\n\u001b[0m    \u001b[0m\u001b[0m\u001b[1m\u001b[38;5;14m| \u001b[0m\u001b[0m\u001b[1m\u001b[38;5;9m^^^^^^^^^^^\u001b[0m\n\u001b[0m    \u001b[0m\u001b[0m\u001b[1m\u001b[38;5;14m|\u001b[0m\n\u001b[0m    \u001b[0m\u001b[0m\u001b[1m\u001b[38;5;14m= \u001b[0m\u001b[0m\u001b[1m\u001b[38;5;15mnote\u001b[0m\u001b[0m: import resolution is stuck, try simplifying macro imports\u001b[0m\n\n"}
{"message":"cannot find type `Field` in this scope","code":{"code":"E0412","explanation":"A used type name is not in scope.\n\nErroneous code examples:\n\n```compile_fail,E0412\nimpl Something {} // error: type name `Something` is not in scope\n\n// or:\n\ntrait Foo {\n    fn bar(N); // error: type name `N` is not in scope\n}\n\n// or:\n\nfn foo(x: T) {} // type name `T` is not in scope\n```\n\nTo fix this error, please verify you didn't misspell the type name, you did\ndeclare it or imported it into the scope. Examples:\n\n```\nstruct Something;\n\nimpl Something {} // ok!\n\n// or:\n\ntrait Foo {\n    type N;\n\n    fn bar(_: Self::N); // ok!\n}\n\n// or:\n\nfn foo<T>(x: T) {} // ok!\n```\n\nAnother case that causes this error is when a type is imported into a parent\nmodule. To fix this, you can follow the suggestion and use File directly or\n`use super::File;` which will import the types from the parent namespace. An\nexample that causes this error is below:\n\n```compile_fail,E0412\nuse std::fs::File;\n\nmod foo {\n    fn some_function(f: File) {}\n}\n```\n\n```\nuse std::fs::File;\n\nmod foo {\n    // either\n    use super::File;\n    // or\n    // use std::fs::File;\n    fn foo(f: File) {}\n}\n# fn main() {} // don't insert it for us; that'll break imports\n```\n"},"level":"error","spans":[{"file_name":"C:\\Users\\danie\\.cargo\\registry\\src\\github.com-1ecc6299db9ec823\\tracing-0.1.37\\src\\field.rs","byte_start":6094,"byte_end":6099,"line_start":134,"line_end":134,"column_start":59,"column_end":64,"is_primary":true,"text":[{"text":"    fn as_field(&self, metadata: &Metadata<'_>) -> Option<Field>;","highlight_start":59,"highlight_end":64}],"label":"not found in this scope","suggested_replacement":null,"suggestion_applicability":null,"expansion":null}],"children":[{"message":"you might be missing a type parameter","code":null,"level":"help","spans":[{"file_name":"C:\\Users\\danie\\.cargo\\registry\\src\\github.com-1ecc6299db9ec823\\tracing-0.1.37\\src\\field.rs","byte_start":5810,"byte_end":5810,"line_start":129,"line_end":129,"column_start":18,"column_end":18,"is_primary":true,"text":[{"text":"pub trait AsField: crate::sealed::Sealed {","highlight_start":18,"highlight_end":18}],"label":null,"suggested_replacement":"<Field>","suggestion_applicability":"MaybeIncorrect","expansion":null}],"children":[],"rendered":null}],"rendered":"\u001b[0m\u001b[1m\u001b[38;5;9merror[E0412]\u001b[0m\u001b[0m\u001b[1m\u001b[38;5;15m: cannot find type `Field` in this scope\u001b[0m\n\u001b[0m   \u001b[0m\u001b[0m\u001b[1m\u001b[38;5;14m--> \u001b[0m\u001b[0mC:\\Users\\danie\\.cargo\\registry\\src\\github.com-1ecc6299db9ec823\\tracing-0.1.37\\src\\field.rs:134:59\u001b[0m\n\u001b[0m    \u001b[0m\u001b[0m\u001b[1m\u001b[38;5;14m|\u001b[0m\n\u001b[0m\u001b[1m\u001b[38;5;14m134\u001b[0m\u001b[0m \u001b[0m\u001b[0m\u001b[1m\u001b[38;5;14m|\u001b[0m\u001b[0m \u001b[0m\u001b[0m    fn as_field(&self, metadata: &Metadata<'_>) -> Option<Field>;\u001b[0m\n\u001b[0m    \u001b[0m\u001b[0m\u001b[1m\u001b[38;5;14m| \u001b[0m\u001b[0m                                                          \u001b[0m\u001b[0m\u001b[1m\u001b[38;5;9m^^^^^\u001b[0m\u001b[0m \u001b[0m\u001b[0m\u001b[1m\u001b[38;5;9mnot found in this scope\u001b[0m\n\u001b[0m    \u001b[0m\u001b[0m\u001b[1m\u001b[38;5;14m|\u001b[0m\n\u001b[0m\u001b[1m\u001b[38;5;14mhelp\u001b[0m\u001b[0m: you might be missing a type parameter\u001b[0m\n\u001b[0m    \u001b[0m\u001b[0m\u001b[1m\u001b[38;5;14m|\u001b[0m\n\u001b[0m\u001b[1m\u001b[38;5;14m129\u001b[0m\u001b[0m \u001b[0m\u001b[0m\u001b[1m\u001b[38;5;14m| \u001b[0m\u001b[0mpub trait AsField\u001b[0m\u001b[0m\u001b[38;5;10m<Field>\u001b[0m\u001b[0m: crate::sealed::Sealed {\u001b[0m\n\u001b[0m    \u001b[0m\u001b[0m\u001b[1m\u001b[38;5;14m|\u001b[0m\u001b[0m                  \u001b[0m\u001b[0m\u001b[38;5;10m+++++++\u001b[0m\n\n"}
{"message":"cannot find type `Field` in this scope","code":{"code":"E0412","explanation":"A used type name is not in scope.\n\nErroneous code examples:\n\n```compile_fail,E0412\nimpl Something {} // error: type name `Something` is not in scope\n\n// or:\n\ntrait Foo {\n    fn bar(N); // error: type name `N` is not in scope\n}\n\n// or:\n\nfn foo(x: T) {} // type name `T` is not in scope\n```\n\nTo fix this error, please verify you didn't misspell the type name, you did\ndeclare it or imported it into the scope. Examples:\n\n```\nstruct Something;\n\nimpl Something {} // ok!\n\n// or:\n\ntrait Foo {\n    type N;\n\n    fn bar(_: Self::N); // ok!\n}\n\n// or:\n\nfn foo<T>(x: T) {} // ok!\n```\n\nAnother case that causes this error is when a type is imported into a parent\nmodule. To fix this, you can follow the suggestion and use File directly or\n`use super::File;` which will import the types from the parent namespace. An\nexample that causes this error is below:\n\n```compile_fail,E0412\nuse std::fs::File;\n\nmod foo {\n    fn some_function(f: File) {}\n}\n```\n\n```\nuse std::fs::File;\n\nmod foo {\n    // either\n    use super::File;\n    // or\n    // use std::fs::File;\n    fn foo(f: File) {}\n}\n# fn main() {} // don't insert it for us; that'll break imports\n```\n"},"level":"error","spans":[{"file_name":"C:\\Users\\danie\\.cargo\\registry\\src\\github.com-1ecc6299db9ec823\\tracing-0.1.37\\src\\field.rs","byte_start":6151,"byte_end":6156,"line_start":139,"line_end":139,"column_start":18,"column_end":23,"is_primary":true,"text":[{"text":"impl AsField for Field {","highlight_start":18,"highlight_end":23}],"label":"not found in this scope","suggested_replacement":null,"suggestion_applicability":null,"expansion":null}],"children":[],"rendered":"\u001b[0m\u001b[1m\u001b[38;5;9merror[E0412]\u001b[0m\u001b[0m\u001b[1m\u001b[38;5;15m: cannot find type `Field` in this scope\u001b[0m\n\u001b[0m   \u001b[0m\u001b[0m\u001b[1m\u001b[38;5;14m--> \u001b[0m\u001b[0mC:\\Users\\danie\\.cargo\\registry\\src\\github.com-1ecc6299db9ec823\\tracing-0.1.37\\src\\field.rs:139:18\u001b[0m\n\u001b[0m    \u001b[0m\u001b[0m\u001b[1m\u001b[38;5;14m|\u001b[0m\n\u001b[0m\u001b[1m\u001b[38;5;14m139\u001b[0m\u001b[0m \u001b[0m\u001b[0m\u001b[1m\u001b[38;5;14m|\u001b[0m\u001b[0m \u001b[0m\u001b[0mimpl AsField for Field {\u001b[0m\n\u001b[0m    \u001b[0m\u001b[0m\u001b[1m\u001b[38;5;14m| \u001b[0m\u001b[0m                 \u001b[0m\u001b[0m\u001b[1m\u001b[38;5;9m^^^^^\u001b[0m\u001b[0m \u001b[0m\u001b[0m\u001b[1m\u001b[38;5;9mnot found in this scope\u001b[0m\n\n"}
{"message":"cannot find type `Field` in this scope","code":{"code":"E0412","explanation":"A used type name is not in scope.\n\nErroneous code examples:\n\n```compile_fail,E0412\nimpl Something {} // error: type name `Something` is not in scope\n\n// or:\n\ntrait Foo {\n    fn bar(N); // error: type name `N` is not in scope\n}\n\n// or:\n\nfn foo(x: T) {} // type name `T` is not in scope\n```\n\nTo fix this error, please verify you didn't misspell the type name, you did\ndeclare it or imported it into the scope. Examples:\n\n```\nstruct Something;\n\nimpl Something {} // ok!\n\n// or:\n\ntrait Foo {\n    type N;\n\n    fn bar(_: Self::N); // ok!\n}\n\n// or:\n\nfn foo<T>(x: T) {} // ok!\n```\n\nAnother case that causes this error is when a type is imported into a parent\nmodule. To fix this, you can follow the suggestion and use File directly or\n`use super::File;` which will import the types from the parent namespace. An\nexample that causes this error is below:\n\n```compile_fail,E0412\nuse std::fs::File;\n\nmod foo {\n    fn some_function(f: File) {}\n}\n```\n\n```\nuse std::fs::File;\n\nmod foo {\n    // either\n    use super::File;\n    // or\n    // use std::fs::File;\n    fn foo(f: File) {}\n}\n# fn main() {} // don't insert it for us; that'll break imports\n```\n"},"level":"error","spans":[{"file_name":"C:\\Users\\danie\\.cargo\\registry\\src\\github.com-1ecc6299db9ec823\\tracing-0.1.37\\src\\field.rs","byte_start":6231,"byte_end":6236,"line_start":141,"line_end":141,"column_start":59,"column_end":64,"is_primary":true,"text":[{"text":"    fn as_field(&self, metadata: &Metadata<'_>) -> Option<Field> {","highlight_start":59,"highlight_end":64}],"label":"not found in this scope","suggested_replacement":null,"suggestion_applicability":null,"expansion":null}],"children":[{"message":"you might be missing a type parameter","code":null,"level":"help","spans":[{"file_name":"C:\\Users\\danie\\.cargo\\registry\\src\\github.com-1ecc6299db9ec823\\tracing-0.1.37\\src\\field.rs","byte_start":6138,"byte_end":6138,"line_start":139,"line_end":139,"column_start":5,"column_end":5,"is_primary":true,"text":[{"text":"impl AsField for Field {","highlight_start":5,"highlight_end":5}],"label":null,"suggested_replacement":"<Field>","suggestion_applicability":"MaybeIncorrect","expansion":null}],"children":[],"rendered":null}],"rendered":"\u001b[0m\u001b[1m\u001b[38;5;9merror[E0412]\u001b[0m\u001b[0m\u001b[1m\u001b[38;5;15m: cannot find type `Field` in this scope\u001b[0m\n\u001b[0m   \u001b[0m\u001b[0m\u001b[1m\u001b[38;5;14m--> \u001b[0m\u001b[0mC:\\Users\\danie\\.cargo\\registry\\src\\github.com-1ecc6299db9ec823\\tracing-0.1.37\\src\\field.rs:141:59\u001b[0m\n\u001b[0m    \u001b[0m\u001b[0m\u001b[1m\u001b[38;5;14m|\u001b[0m\n\u001b[0m\u001b[1m\u001b[38;5;14m141\u001b[0m\u001b[0m \u001b[0m\u001b[0m\u001b[1m\u001b[38;5;14m|\u001b[0m\u001b[0m \u001b[0m\u001b[0m    fn as_field(&self, metadata: &Metadata<'_>) -> Option<Field> {\u001b[0m\n\u001b[0m    \u001b[0m\u001b[0m\u001b[1m\u001b[38;5;14m| \u001b[0m\u001b[0m                                                          \u001b[0m\u001b[0m\u001b[1m\u001b[38;5;9m^^^^^\u001b[0m\u001b[0m \u001b[0m\u001b[0m\u001b[1m\u001b[38;5;9mnot found in this scope\u001b[0m\n\u001b[0m    \u001b[0m\u001b[0m\u001b[1m\u001b[38;5;14m|\u001b[0m\n\u001b[0m\u001b[1m\u001b[38;5;14mhelp\u001b[0m\u001b[0m: you might be missing a type parameter\u001b[0m\n\u001b[0m    \u001b[0m\u001b[0m\u001b[1m\u001b[38;5;14m|\u001b[0m\n\u001b[0m\u001b[1m\u001b[38;5;14m139\u001b[0m\u001b[0m \u001b[0m\u001b[0m\u001b[1m\u001b[38;5;14m| \u001b[0m\u001b[0mimpl\u001b[0m\u001b[0m\u001b[38;5;10m<Field>\u001b[0m\u001b[0m AsField for Field {\u001b[0m\n\u001b[0m    \u001b[0m\u001b[0m\u001b[1m\u001b[38;5;14m|\u001b[0m\u001b[0m     \u001b[0m\u001b[0m\u001b[38;5;10m+++++++\u001b[0m\n\n"}
{"message":"cannot find type `Field` in this scope","code":{"code":"E0412","explanation":"A used type name is not in scope.\n\nErroneous code examples:\n\n```compile_fail,E0412\nimpl Something {} // error: type name `Something` is not in scope\n\n// or:\n\ntrait Foo {\n    fn bar(N); // error: type name `N` is not in scope\n}\n\n// or:\n\nfn foo(x: T) {} // type name `T` is not in scope\n```\n\nTo fix this error, please verify you didn't misspell the type name, you did\ndeclare it or imported it into the scope. Examples:\n\n```\nstruct Something;\n\nimpl Something {} // ok!\n\n// or:\n\ntrait Foo {\n    type N;\n\n    fn bar(_: Self::N); // ok!\n}\n\n// or:\n\nfn foo<T>(x: T) {} // ok!\n```\n\nAnother case that causes this error is when a type is imported into a parent\nmodule. To fix this, you can follow the suggestion and use File directly or\n`use super::File;` which will import the types from the parent namespace. An\nexample that causes this error is below:\n\n```compile_fail,E0412\nuse std::fs::File;\n\nmod foo {\n    fn some_function(f: File) {}\n}\n```\n\n```\nuse std::fs::File;\n\nmod foo {\n    // either\n    use super::File;\n    // or\n    // use std::fs::File;\n    fn foo(f: File) {}\n}\n# fn main() {} // don't insert it for us; that'll break imports\n```\n"},"level":"error","spans":[{"file_name":"C:\\Users\\danie\\.cargo\\registry\\src\\github.com-1ecc6299db9ec823\\tracing-0.1.37\\src\\field.rs","byte_start":6401,"byte_end":6406,"line_start":150,"line_end":150,"column_start":26,"column_end":31,"is_primary":true,"text":[{"text":"impl<'a> AsField for &'a Field {","highlight_start":26,"highlight_end":31}],"label":"not found in this scope","suggested_replacement":null,"suggestion_applicability":null,"expansion":null}],"children":[],"rendered":"\u001b[0m\u001b[1m\u001b[38;5;9merror[E0412]\u001b[0m\u001b[0m\u001b[1m\u001b[38;5;15m: cannot find type `Field` in this scope\u001b[0m\n\u001b[0m   \u001b[0m\u001b[0m\u001b[1m\u001b[38;5;14m--> \u001b[0m\u001b[0mC:\\Users\\danie\\.cargo\\registry\\src\\github.com-1ecc6299db9ec823\\tracing-0.1.37\\src\\field.rs:150:26\u001b[0m\n\u001b[0m    \u001b[0m\u001b[0m\u001b[1m\u001b[38;5;14m|\u001b[0m\n\u001b[0m\u001b[1m\u001b[38;5;14m150\u001b[0m\u001b[0m \u001b[0m\u001b[0m\u001b[1m\u001b[38;5;14m|\u001b[0m\u001b[0m \u001b[0m\u001b[0mimpl<'a> AsField for &'a Field {\u001b[0m\n\u001b[0m    \u001b[0m\u001b[0m\u001b[1m\u001b[38;5;14m| \u001b[0m\u001b[0m                         \u001b[0m\u001b[0m\u001b[1m\u001b[38;5;9m^^^^^\u001b[0m\u001b[0m \u001b[0m\u001b[0m\u001b[1m\u001b[38;5;9mnot found in this scope\u001b[0m\n\n"}
{"message":"cannot find type `Field` in this scope","code":{"code":"E0412","explanation":"A used type name is not in scope.\n\nErroneous code examples:\n\n```compile_fail,E0412\nimpl Something {} // error: type name `Something` is not in scope\n\n// or:\n\ntrait Foo {\n    fn bar(N); // error: type name `N` is not in scope\n}\n\n// or:\n\nfn foo(x: T) {} // type name `T` is not in scope\n```\n\nTo fix this error, please verify you didn't misspell the type name, you did\ndeclare it or imported it into the scope. Examples:\n\n```\nstruct Something;\n\nimpl Something {} // ok!\n\n// or:\n\ntrait Foo {\n    type N;\n\n    fn bar(_: Self::N); // ok!\n}\n\n// or:\n\nfn foo<T>(x: T) {} // ok!\n```\n\nAnother case that causes this error is when a type is imported into a parent\nmodule. To fix this, you can follow the suggestion and use File directly or\n`use super::File;` which will import the types from the parent namespace. An\nexample that causes this error is below:\n\n```compile_fail,E0412\nuse std::fs::File;\n\nmod foo {\n    fn some_function(f: File) {}\n}\n```\n\n```\nuse std::fs::File;\n\nmod foo {\n    // either\n    use super::File;\n    // or\n    // use std::fs::File;\n    fn foo(f: File) {}\n}\n# fn main() {} // don't insert it for us; that'll break imports\n```\n"},"level":"error","spans":[{"file_name":"C:\\Users\\danie\\.cargo\\registry\\src\\github.com-1ecc6299db9ec823\\tracing-0.1.37\\src\\field.rs","byte_start":6481,"byte_end":6486,"line_start":152,"line_end":152,"column_start":59,"column_end":64,"is_primary":true,"text":[{"text":"    fn as_field(&self, metadata: &Metadata<'_>) -> Option<Field> {","highlight_start":59,"highlight_end":64}],"label":"not found in this scope","suggested_replacement":null,"suggestion_applicability":null,"expansion":null}],"children":[{"message":"you might be missing a type parameter","code":null,"level":"help","spans":[{"file_name":"C:\\Users\\danie\\.cargo\\registry\\src\\github.com-1ecc6299db9ec823\\tracing-0.1.37\\src\\field.rs","byte_start":6383,"byte_end":6383,"line_start":150,"line_end":150,"column_start":8,"column_end":8,"is_primary":true,"text":[{"text":"impl<'a> AsField for &'a Field {","highlight_start":8,"highlight_end":8}],"label":null,"suggested_replacement":", Field","suggestion_applicability":"MaybeIncorrect","expansion":null}],"children":[],"rendered":null}],"rendered":"\u001b[0m\u001b[1m\u001b[38;5;9merror[E0412]\u001b[0m\u001b[0m\u001b[1m\u001b[38;5;15m: cannot find type `Field` in this scope\u001b[0m\n\u001b[0m   \u001b[0m\u001b[0m\u001b[1m\u001b[38;5;14m--> \u001b[0m\u001b[0mC:\\Users\\danie\\.cargo\\registry\\src\\github.com-1ecc6299db9ec823\\tracing-0.1.37\\src\\field.rs:152:59\u001b[0m\n\u001b[0m    \u001b[0m\u001b[0m\u001b[1m\u001b[38;5;14m|\u001b[0m\n\u001b[0m\u001b[1m\u001b[38;5;14m152\u001b[0m\u001b[0m \u001b[0m\u001b[0m\u001b[1m\u001b[38;5;14m|\u001b[0m\u001b[0m \u001b[0m\u001b[0m    fn as_field(&self, metadata: &Metadata<'_>) -> Option<Field> {\u001b[0m\n\u001b[0m    \u001b[0m\u001b[0m\u001b[1m\u001b[38;5;14m| \u001b[0m\u001b[0m                                                          \u001b[0m\u001b[0m\u001b[1m\u001b[38;5;9m^^^^^\u001b[0m\u001b[0m \u001b[0m\u001b[0m\u001b[1m\u001b[38;5;9mnot found in this scope\u001b[0m\n\u001b[0m    \u001b[0m\u001b[0m\u001b[1m\u001b[38;5;14m|\u001b[0m\n\u001b[0m\u001b[1m\u001b[38;5;14mhelp\u001b[0m\u001b[0m: you might be missing a type parameter\u001b[0m\n\u001b[0m    \u001b[0m\u001b[0m\u001b[1m\u001b[38;5;14m|\u001b[0m\n\u001b[0m\u001b[1m\u001b[38;5;14m150\u001b[0m\u001b[0m \u001b[0m\u001b[0m\u001b[1m\u001b[38;5;14m| \u001b[0m\u001b[0mimpl<'a\u001b[0m\u001b[0m\u001b[38;5;10m, Field\u001b[0m\u001b[0m> AsField for &'a Field {\u001b[0m\n\u001b[0m    \u001b[0m\u001b[0m\u001b[1m\u001b[38;5;14m|\u001b[0m\u001b[0m        \u001b[0m\u001b[0m\u001b[38;5;10m+++++++\u001b[0m\n\n"}
{"message":"cannot find type `Field` in this scope","code":{"code":"E0412","explanation":"A used type name is not in scope.\n\nErroneous code examples:\n\n```compile_fail,E0412\nimpl Something {} // error: type name `Something` is not in scope\n\n// or:\n\ntrait Foo {\n    fn bar(N); // error: type name `N` is not in scope\n}\n\n// or:\n\nfn foo(x: T) {} // type name `T` is not in scope\n```\n\nTo fix this error, please verify you didn't misspell the type name, you did\ndeclare it or imported it into the scope. Examples:\n\n```\nstruct Something;\n\nimpl Something {} // ok!\n\n// or:\n\ntrait Foo {\n    type N;\n\n    fn bar(_: Self::N); // ok!\n}\n\n// or:\n\nfn foo<T>(x: T) {} // ok!\n```\n\nAnother case that causes this error is when a type is imported into a parent\nmodule. To fix this, you can follow the suggestion and use File directly or\n`use super::File;` which will import the types from the parent namespace. An\nexample that causes this error is below:\n\n```compile_fail,E0412\nuse std::fs::File;\n\nmod foo {\n    fn some_function(f: File) {}\n}\n```\n\n```\nuse std::fs::File;\n\nmod foo {\n    // either\n    use super::File;\n    // or\n    // use std::fs::File;\n    fn foo(f: File) {}\n}\n# fn main() {} // don't insert it for us; that'll break imports\n```\n"},"level":"error","spans":[{"file_name":"C:\\Users\\danie\\.cargo\\registry\\src\\github.com-1ecc6299db9ec823\\tracing-0.1.37\\src\\field.rs","byte_start":6724,"byte_end":6729,"line_start":163,"line_end":163,"column_start":59,"column_end":64,"is_primary":true,"text":[{"text":"    fn as_field(&self, metadata: &Metadata<'_>) -> Option<Field> {","highlight_start":59,"highlight_end":64}],"label":"not found in this scope","suggested_replacement":null,"suggestion_applicability":null,"expansion":null}],"children":[{"message":"you might be missing a type parameter","code":null,"level":"help","spans":[{"file_name":"C:\\Users\\danie\\.cargo\\registry\\src\\github.com-1ecc6299db9ec823\\tracing-0.1.37\\src\\field.rs","byte_start":6633,"byte_end":6633,"line_start":161,"line_end":161,"column_start":5,"column_end":5,"is_primary":true,"text":[{"text":"impl AsField for str {","highlight_start":5,"highlight_end":5}],"label":null,"suggested_replacement":"<Field>","suggestion_applicability":"MaybeIncorrect","expansion":null}],"children":[],"rendered":null}],"rendered":"\u001b[0m\u001b[1m\u001b[38;5;9merror[E0412]\u001b[0m\u001b[0m\u001b[1m\u001b[38;5;15m: cannot find type `Field` in this scope\u001b[0m\n\u001b[0m   \u001b[0m\u001b[0m\u001b[1m\u001b[38;5;14m--> \u001b[0m\u001b[0mC:\\Users\\danie\\.cargo\\registry\\src\\github.com-1ecc6299db9ec823\\tracing-0.1.37\\src\\field.rs:163:59\u001b[0m\n\u001b[0m    \u001b[0m\u001b[0m\u001b[1m\u001b[38;5;14m|\u001b[0m\n\u001b[0m\u001b[1m\u001b[38;5;14m163\u001b[0m\u001b[0m \u001b[0m\u001b[0m\u001b[1m\u001b[38;5;14m|\u001b[0m\u001b[0m \u001b[0m\u001b[0m    fn as_field(&self, metadata: &Metadata<'_>) -> Option<Field> {\u001b[0m\n\u001b[0m    \u001b[0m\u001b[0m\u001b[1m\u001b[38;5;14m| \u001b[0m\u001b[0m                                                          \u001b[0m\u001b[0m\u001b[1m\u001b[38;5;9m^^^^^\u001b[0m\u001b[0m \u001b[0m\u001b[0m\u001b[1m\u001b[38;5;9mnot found in this scope\u001b[0m\n\u001b[0m    \u001b[0m\u001b[0m\u001b[1m\u001b[38;5;14m|\u001b[0m\n\u001b[0m\u001b[1m\u001b[38;5;14mhelp\u001b[0m\u001b[0m: you might be missing a type parameter\u001b[0m\n\u001b[0m    \u001b[0m\u001b[0m\u001b[1m\u001b[38;5;14m|\u001b[0m\n\u001b[0m\u001b[1m\u001b[38;5;14m161\u001b[0m\u001b[0m \u001b[0m\u001b[0m\u001b[1m\u001b[38;5;14m| \u001b[0m\u001b[0mimpl\u001b[0m\u001b[0m\u001b[38;5;10m<Field>\u001b[0m\u001b[0m AsField for str {\u001b[0m\n\u001b[0m    \u001b[0m\u001b[0m\u001b[1m\u001b[38;5;14m|\u001b[0m\u001b[0m     \u001b[0m\u001b[0m\u001b[38;5;10m+++++++\u001b[0m\n\n"}
{"message":"cannot find type `Field` in this scope","code":{"code":"E0412","explanation":"A used type name is not in scope.\n\nErroneous code examples:\n\n```compile_fail,E0412\nimpl Something {} // error: type name `Something` is not in scope\n\n// or:\n\ntrait Foo {\n    fn bar(N); // error: type name `N` is not in scope\n}\n\n// or:\n\nfn foo(x: T) {} // type name `T` is not in scope\n```\n\nTo fix this error, please verify you didn't misspell the type name, you did\ndeclare it or imported it into the scope. Examples:\n\n```\nstruct Something;\n\nimpl Something {} // ok!\n\n// or:\n\ntrait Foo {\n    type N;\n\n    fn bar(_: Self::N); // ok!\n}\n\n// or:\n\nfn foo<T>(x: T) {} // ok!\n```\n\nAnother case that causes this error is when a type is imported into a parent\nmodule. To fix this, you can follow the suggestion and use File directly or\n`use super::File;` which will import the types from the parent namespace. An\nexample that causes this error is below:\n\n```compile_fail,E0412\nuse std::fs::File;\n\nmod foo {\n    fn some_function(f: File) {}\n}\n```\n\n```\nuse std::fs::File;\n\nmod foo {\n    // either\n    use super::File;\n    // or\n    // use std::fs::File;\n    fn foo(f: File) {}\n}\n# fn main() {} // don't insert it for us; that'll break imports\n```\n"},"level":"error","spans":[{"file_name":"C:\\Users\\danie\\.cargo\\registry\\src\\github.com-1ecc6299db9ec823\\tracing-0.1.37\\src\\field.rs","byte_start":6812,"byte_end":6817,"line_start":168,"line_end":168,"column_start":32,"column_end":37,"is_primary":true,"text":[{"text":"impl crate::sealed::Sealed for Field {}","highlight_start":32,"highlight_end":37}],"label":"not found in this scope","suggested_replacement":null,"suggestion_applicability":null,"expansion":null}],"children":[],"rendered":"\u001b[0m\u001b[1m\u001b[38;5;9merror[E0412]\u001b[0m\u001b[0m\u001b[1m\u001b[38;5;15m: cannot find type `Field` in this scope\u001b[0m\n\u001b[0m   \u001b[0m\u001b[0m\u001b[1m\u001b[38;5;14m--> \u001b[0m\u001b[0mC:\\Users\\danie\\.cargo\\registry\\src\\github.com-1ecc6299db9ec823\\tracing-0.1.37\\src\\field.rs:168:32\u001b[0m\n\u001b[0m    \u001b[0m\u001b[0m\u001b[1m\u001b[38;5;14m|\u001b[0m\n\u001b[0m\u001b[1m\u001b[38;5;14m168\u001b[0m\u001b[0m \u001b[0m\u001b[0m\u001b[1m\u001b[38;5;14m|\u001b[0m\u001b[0m \u001b[0m\u001b[0mimpl crate::sealed::Sealed for Field {}\u001b[0m\n\u001b[0m    \u001b[0m\u001b[0m\u001b[1m\u001b[38;5;14m| \u001b[0m\u001b[0m                               \u001b[0m\u001b[0m\u001b[1m\u001b[38;5;9m^^^^^\u001b[0m\u001b[0m \u001b[0m\u001b[0m\u001b[1m\u001b[38;5;9mnot found in this scope\u001b[0m\n\n"}
{"message":"cannot find type `Field` in this scope","code":{"code":"E0412","explanation":"A used type name is not in scope.\n\nErroneous code examples:\n\n```compile_fail,E0412\nimpl Something {} // error: type name `Something` is not in scope\n\n// or:\n\ntrait Foo {\n    fn bar(N); // error: type name `N` is not in scope\n}\n\n// or:\n\nfn foo(x: T) {} // type name `T` is not in scope\n```\n\nTo fix this error, please verify you didn't misspell the type name, you did\ndeclare it or imported it into the scope. Examples:\n\n```\nstruct Something;\n\nimpl Something {} // ok!\n\n// or:\n\ntrait Foo {\n    type N;\n\n    fn bar(_: Self::N); // ok!\n}\n\n// or:\n\nfn foo<T>(x: T) {} // ok!\n```\n\nAnother case that causes this error is when a type is imported into a parent\nmodule. To fix this, you can follow the suggestion and use File directly or\n`use super::File;` which will import the types from the parent namespace. An\nexample that causes this error is below:\n\n```compile_fail,E0412\nuse std::fs::File;\n\nmod foo {\n    fn some_function(f: File) {}\n}\n```\n\n```\nuse std::fs::File;\n\nmod foo {\n    // either\n    use super::File;\n    // or\n    // use std::fs::File;\n    fn foo(f: File) {}\n}\n# fn main() {} // don't insert it for us; that'll break imports\n```\n"},"level":"error","spans":[{"file_name":"C:\\Users\\danie\\.cargo\\registry\\src\\github.com-1ecc6299db9ec823\\tracing-0.1.37\\src\\field.rs","byte_start":6860,"byte_end":6865,"line_start":169,"line_end":169,"column_start":40,"column_end":45,"is_primary":true,"text":[{"text":"impl<'a> crate::sealed::Sealed for &'a Field {}","highlight_start":40,"highlight_end":45}],"label":"not found in this scope","suggested_replacement":null,"suggestion_applicability":null,"expansion":null}],"children":[],"rendered":"\u001b[0m\u001b[1m\u001b[38;5;9merror[E0412]\u001b[0m\u001b[0m\u001b[1m\u001b[38;5;15m: cannot find type `Field` in this scope\u001b[0m\n\u001b[0m   \u001b[0m\u001b[0m\u001b[1m\u001b[38;5;14m--> \u001b[0m\u001b[0mC:\\Users\\danie\\.cargo\\registry\\src\\github.com-1ecc6299db9ec823\\tracing-0.1.37\\src\\field.rs:169:40\u001b[0m\n\u001b[0m    \u001b[0m\u001b[0m\u001b[1m\u001b[38;5;14m|\u001b[0m\n\u001b[0m\u001b[1m\u001b[38;5;14m169\u001b[0m\u001b[0m \u001b[0m\u001b[0m\u001b[1m\u001b[38;5;14m|\u001b[0m\u001b[0m \u001b[0m\u001b[0mimpl<'a> crate::sealed::Sealed for &'a Field {}\u001b[0m\n\u001b[0m    \u001b[0m\u001b[0m\u001b[1m\u001b[38;5;14m| \u001b[0m\u001b[0m                                       \u001b[0m\u001b[0m\u001b[1m\u001b[38;5;9m^^^^^\u001b[0m\u001b[0m \u001b[0m\u001b[0m\u001b[1m\u001b[38;5;9mnot found in this scope\u001b[0m\n\n"}
{"message":"cannot find type `Instrumented` in this scope","code":{"code":"E0412","explanation":"A used type name is not in scope.\n\nErroneous code examples:\n\n```compile_fail,E0412\nimpl Something {} // error: type name `Something` is not in scope\n\n// or:\n\ntrait Foo {\n    fn bar(N); // error: type name `N` is not in scope\n}\n\n// or:\n\nfn foo(x: T) {} // type name `T` is not in scope\n```\n\nTo fix this error, please verify you didn't misspell the type name, you did\ndeclare it or imported it into the scope. Examples:\n\n```\nstruct Something;\n\nimpl Something {} // ok!\n\n// or:\n\ntrait Foo {\n    type N;\n\n    fn bar(_: Self::N); // ok!\n}\n\n// or:\n\nfn foo<T>(x: T) {} // ok!\n```\n\nAnother case that causes this error is when a type is imported into a parent\nmodule. To fix this, you can follow the suggestion and use File directly or\n`use super::File;` which will import the types from the parent namespace. An\nexample that causes this error is below:\n\n```compile_fail,E0412\nuse std::fs::File;\n\nmod foo {\n    fn some_function(f: File) {}\n}\n```\n\n```\nuse std::fs::File;\n\nmod foo {\n    // either\n    use super::File;\n    // or\n    // use std::fs::File;\n    fn foo(f: File) {}\n}\n# fn main() {} // don't insert it for us; that'll break imports\n```\n"},"level":"error","spans":[{"file_name":"C:\\Users\\danie\\.cargo\\registry\\src\\github.com-1ecc6299db9ec823\\tracing-0.1.37\\src\\instrument.rs","byte_start":2672,"byte_end":2684,"line_start":82,"line_end":82,"column_start":40,"column_end":52,"is_primary":true,"text":[{"text":"    fn instrument(self, span: Span) -> Instrumented<Self> {","highlight_start":40,"highlight_end":52}],"label":"not found in this scope","suggested_replacement":null,"suggestion_applicability":null,"expansion":null}],"children":[],"rendered":"\u001b[0m\u001b[1m\u001b[38;5;9merror[E0412]\u001b[0m\u001b[0m\u001b[1m\u001b[38;5;15m: cannot find type `Instrumented` in this scope\u001b[0m\n\u001b[0m  \u001b[0m\u001b[0m\u001b[1m\u001b[38;5;14m--> \u001b[0m\u001b[0mC:\\Users\\danie\\.cargo\\registry\\src\\github.com-1ecc6299db9ec823\\tracing-0.1.37\\src\\instrument.rs:82:40\u001b[0m\n\u001b[0m   \u001b[0m\u001b[0m\u001b[1m\u001b[38;5;14m|\u001b[0m\n\u001b[0m\u001b[1m\u001b[38;5;14m82\u001b[0m\u001b[0m \u001b[0m\u001b[0m\u001b[1m\u001b[38;5;14m|\u001b[0m\u001b[0m \u001b[0m\u001b[0m    fn instrument(self, span: Span) -> Instrumented<Self> {\u001b[0m\n\u001b[0m   \u001b[0m\u001b[0m\u001b[1m\u001b[38;5;14m| \u001b[0m\u001b[0m                                       \u001b[0m\u001b[0m\u001b[1m\u001b[38;5;9m^^^^^^^^^^^^\u001b[0m\u001b[0m \u001b[0m\u001b[0m\u001b[1m\u001b[38;5;9mnot found in this scope\u001b[0m\n\n"}
{"message":"cannot find struct, variant or union type `Instrumented` in this scope","code":{"code":"E0422","explanation":"An identifier that is neither defined nor a struct was used.\n\nErroneous code example:\n\n```compile_fail,E0422\nfn main () {\n    let x = Foo { x: 1, y: 2 };\n}\n```\n\nIn this case, `Foo` is undefined, so it inherently isn't anything, and\ndefinitely not a struct.\n\n```compile_fail\nfn main () {\n    let foo = 1;\n    let x = foo { x: 1, y: 2 };\n}\n```\n\nIn this case, `foo` is defined, but is not a struct, so Rust can't use it as\none.\n"},"level":"error","spans":[{"file_name":"C:\\Users\\danie\\.cargo\\registry\\src\\github.com-1ecc6299db9ec823\\tracing-0.1.37\\src\\instrument.rs","byte_start":2701,"byte_end":2713,"line_start":83,"line_end":83,"column_start":9,"column_end":21,"is_primary":true,"text":[{"text":"        Instrumented { inner: self, span }","highlight_start":9,"highlight_end":21}],"label":"not found in this scope","suggested_replacement":null,"suggestion_applicability":null,"expansion":null}],"children":[],"rendered":"\u001b[0m\u001b[1m\u001b[38;5;9merror[E0422]\u001b[0m\u001b[0m\u001b[1m\u001b[38;5;15m: cannot find struct, variant or union type `Instrumented` in this scope\u001b[0m\n\u001b[0m  \u001b[0m\u001b[0m\u001b[1m\u001b[38;5;14m--> \u001b[0m\u001b[0mC:\\Users\\danie\\.cargo\\registry\\src\\github.com-1ecc6299db9ec823\\tracing-0.1.37\\src\\instrument.rs:83:9\u001b[0m\n\u001b[0m   \u001b[0m\u001b[0m\u001b[1m\u001b[38;5;14m|\u001b[0m\n\u001b[0m\u001b[1m\u001b[38;5;14m83\u001b[0m\u001b[0m \u001b[0m\u001b[0m\u001b[1m\u001b[38;5;14m|\u001b[0m\u001b[0m \u001b[0m\u001b[0m        Instrumented { inner: self, span }\u001b[0m\n\u001b[0m   \u001b[0m\u001b[0m\u001b[1m\u001b[38;5;14m| \u001b[0m\u001b[0m        \u001b[0m\u001b[0m\u001b[1m\u001b[38;5;9m^^^^^^^^^^^^\u001b[0m\u001b[0m \u001b[0m\u001b[0m\u001b[1m\u001b[38;5;9mnot found in this scope\u001b[0m\n\n"}
{"message":"cannot find type `Instrumented` in this scope","code":{"code":"E0412","explanation":"A used type name is not in scope.\n\nErroneous code examples:\n\n```compile_fail,E0412\nimpl Something {} // error: type name `Something` is not in scope\n\n// or:\n\ntrait Foo {\n    fn bar(N); // error: type name `N` is not in scope\n}\n\n// or:\n\nfn foo(x: T) {} // type name `T` is not in scope\n```\n\nTo fix this error, please verify you didn't misspell the type name, you did\ndeclare it or imported it into the scope. Examples:\n\n```\nstruct Something;\n\nimpl Something {} // ok!\n\n// or:\n\ntrait Foo {\n    type N;\n\n    fn bar(_: Self::N); // ok!\n}\n\n// or:\n\nfn foo<T>(x: T) {} // ok!\n```\n\nAnother case that causes this error is when a type is imported into a parent\nmodule. To fix this, you can follow the suggestion and use File directly or\n`use super::File;` which will import the types from the parent namespace. An\nexample that causes this error is below:\n\n```compile_fail,E0412\nuse std::fs::File;\n\nmod foo {\n    fn some_function(f: File) {}\n}\n```\n\n```\nuse std::fs::File;\n\nmod foo {\n    // either\n    use super::File;\n    // or\n    // use std::fs::File;\n    fn foo(f: File) {}\n}\n# fn main() {} // don't insert it for us; that'll break imports\n```\n"},"level":"error","spans":[{"file_name":"C:\\Users\\danie\\.cargo\\registry\\src\\github.com-1ecc6299db9ec823\\tracing-0.1.37\\src\\instrument.rs","byte_start":3796,"byte_end":3808,"line_start":121,"line_end":121,"column_start":33,"column_end":45,"is_primary":true,"text":[{"text":"    fn in_current_span(self) -> Instrumented<Self> {","highlight_start":33,"highlight_end":45}],"label":"not found in this scope","suggested_replacement":null,"suggestion_applicability":null,"expansion":null}],"children":[],"rendered":"\u001b[0m\u001b[1m\u001b[38;5;9merror[E0412]\u001b[0m\u001b[0m\u001b[1m\u001b[38;5;15m: cannot find type `Instrumented` in this scope\u001b[0m\n\u001b[0m   \u001b[0m\u001b[0m\u001b[1m\u001b[38;5;14m--> \u001b[0m\u001b[0mC:\\Users\\danie\\.cargo\\registry\\src\\github.com-1ecc6299db9ec823\\tracing-0.1.37\\src\\instrument.rs:121:33\u001b[0m\n\u001b[0m    \u001b[0m\u001b[0m\u001b[1m\u001b[38;5;14m|\u001b[0m\n\u001b[0m\u001b[1m\u001b[38;5;14m121\u001b[0m\u001b[0m \u001b[0m\u001b[0m\u001b[1m\u001b[38;5;14m|\u001b[0m\u001b[0m \u001b[0m\u001b[0m    fn in_current_span(self) -> Instrumented<Self> {\u001b[0m\n\u001b[0m    \u001b[0m\u001b[0m\u001b[1m\u001b[38;5;14m| \u001b[0m\u001b[0m                                \u001b[0m\u001b[0m\u001b[1m\u001b[38;5;9m^^^^^^^^^^^^\u001b[0m\u001b[0m \u001b[0m\u001b[0m\u001b[1m\u001b[38;5;9mnot found in this scope\u001b[0m\n\n"}
{"message":"cannot find type `WithDispatch` in this scope","code":{"code":"E0412","explanation":"A used type name is not in scope.\n\nErroneous code examples:\n\n```compile_fail,E0412\nimpl Something {} // error: type name `Something` is not in scope\n\n// or:\n\ntrait Foo {\n    fn bar(N); // error: type name `N` is not in scope\n}\n\n// or:\n\nfn foo(x: T) {} // type name `T` is not in scope\n```\n\nTo fix this error, please verify you didn't misspell the type name, you did\ndeclare it or imported it into the scope. Examples:\n\n```\nstruct Something;\n\nimpl Something {} // ok!\n\n// or:\n\ntrait Foo {\n    type N;\n\n    fn bar(_: Self::N); // ok!\n}\n\n// or:\n\nfn foo<T>(x: T) {} // ok!\n```\n\nAnother case that causes this error is when a type is imported into a parent\nmodule. To fix this, you can follow the suggestion and use File directly or\n`use super::File;` which will import the types from the parent namespace. An\nexample that causes this error is below:\n\n```compile_fail,E0412\nuse std::fs::File;\n\nmod foo {\n    fn some_function(f: File) {}\n}\n```\n\n```\nuse std::fs::File;\n\nmod foo {\n    // either\n    use super::File;\n    // or\n    // use std::fs::File;\n    fn foo(f: File) {}\n}\n# fn main() {} // don't insert it for us; that'll break imports\n```\n"},"level":"error","spans":[{"file_name":"C:\\Users\\danie\\.cargo\\registry\\src\\github.com-1ecc6299db9ec823\\tracing-0.1.37\\src\\instrument.rs","byte_start":5621,"byte_end":5633,"line_start":169,"line_end":169,"column_start":51,"column_end":63,"is_primary":true,"text":[{"text":"    fn with_subscriber<S>(self, subscriber: S) -> WithDispatch<Self>","highlight_start":51,"highlight_end":63}],"label":"not found in this scope","suggested_replacement":null,"suggestion_applicability":null,"expansion":null}],"children":[],"rendered":"\u001b[0m\u001b[1m\u001b[38;5;9merror[E0412]\u001b[0m\u001b[0m\u001b[1m\u001b[38;5;15m: cannot find type `WithDispatch` in this scope\u001b[0m\n\u001b[0m   \u001b[0m\u001b[0m\u001b[1m\u001b[38;5;14m--> \u001b[0m\u001b[0mC:\\Users\\danie\\.cargo\\registry\\src\\github.com-1ecc6299db9ec823\\tracing-0.1.37\\src\\instrument.rs:169:51\u001b[0m\n\u001b[0m    \u001b[0m\u001b[0m\u001b[1m\u001b[38;5;14m|\u001b[0m\n\u001b[0m\u001b[1m\u001b[38;5;14m169\u001b[0m\u001b[0m \u001b[0m\u001b[0m\u001b[1m\u001b[38;5;14m|\u001b[0m\u001b[0m \u001b[0m\u001b[0m    fn with_subscriber<S>(self, subscriber: S) -> WithDispatch<Self>\u001b[0m\n\u001b[0m    \u001b[0m\u001b[0m\u001b[1m\u001b[38;5;14m| \u001b[0m\u001b[0m                                                  \u001b[0m\u001b[0m\u001b[1m\u001b[38;5;9m^^^^^^^^^^^^\u001b[0m\u001b[0m \u001b[0m\u001b[0m\u001b[1m\u001b[38;5;9mnot found in this scope\u001b[0m\n\n"}
{"message":"cannot find struct, variant or union type `WithDispatch` in this scope","code":{"code":"E0422","explanation":"An identifier that is neither defined nor a struct was used.\n\nErroneous code example:\n\n```compile_fail,E0422\nfn main () {\n    let x = Foo { x: 1, y: 2 };\n}\n```\n\nIn this case, `Foo` is undefined, so it inherently isn't anything, and\ndefinitely not a struct.\n\n```compile_fail\nfn main () {\n    let foo = 1;\n    let x = foo { x: 1, y: 2 };\n}\n```\n\nIn this case, `foo` is defined, but is not a struct, so Rust can't use it as\none.\n"},"level":"error","spans":[{"file_name":"C:\\Users\\danie\\.cargo\\registry\\src\\github.com-1ecc6299db9ec823\\tracing-0.1.37\\src\\instrument.rs","byte_start":5691,"byte_end":5703,"line_start":173,"line_end":173,"column_start":9,"column_end":21,"is_primary":true,"text":[{"text":"        WithDispatch {","highlight_start":9,"highlight_end":21}],"label":"not found in this scope","suggested_replacement":null,"suggestion_applicability":null,"expansion":null}],"children":[],"rendered":"\u001b[0m\u001b[1m\u001b[38;5;9merror[E0422]\u001b[0m\u001b[0m\u001b[1m\u001b[38;5;15m: cannot find struct, variant or union type `WithDispatch` in this scope\u001b[0m\n\u001b[0m   \u001b[0m\u001b[0m\u001b[1m\u001b[38;5;14m--> \u001b[0m\u001b[0mC:\\Users\\danie\\.cargo\\registry\\src\\github.com-1ecc6299db9ec823\\tracing-0.1.37\\src\\instrument.rs:173:9\u001b[0m\n\u001b[0m    \u001b[0m\u001b[0m\u001b[1m\u001b[38;5;14m|\u001b[0m\n\u001b[0m\u001b[1m\u001b[38;5;14m173\u001b[0m\u001b[0m \u001b[0m\u001b[0m\u001b[1m\u001b[38;5;14m|\u001b[0m\u001b[0m \u001b[0m\u001b[0m        WithDispatch {\u001b[0m\n\u001b[0m    \u001b[0m\u001b[0m\u001b[1m\u001b[38;5;14m| \u001b[0m\u001b[0m        \u001b[0m\u001b[0m\u001b[1m\u001b[38;5;9m^^^^^^^^^^^^\u001b[0m\u001b[0m \u001b[0m\u001b[0m\u001b[1m\u001b[38;5;9mnot found in this scope\u001b[0m\n\n"}
{"message":"cannot find type `WithDispatch` in this scope","code":{"code":"E0412","explanation":"A used type name is not in scope.\n\nErroneous code examples:\n\n```compile_fail,E0412\nimpl Something {} // error: type name `Something` is not in scope\n\n// or:\n\ntrait Foo {\n    fn bar(N); // error: type name `N` is not in scope\n}\n\n// or:\n\nfn foo(x: T) {} // type name `T` is not in scope\n```\n\nTo fix this error, please verify you didn't misspell the type name, you did\ndeclare it or imported it into the scope. Examples:\n\n```\nstruct Something;\n\nimpl Something {} // ok!\n\n// or:\n\ntrait Foo {\n    type N;\n\n    fn bar(_: Self::N); // ok!\n}\n\n// or:\n\nfn foo<T>(x: T) {} // ok!\n```\n\nAnother case that causes this error is when a type is imported into a parent\nmodule. To fix this, you can follow the suggestion and use File directly or\n`use super::File;` which will import the types from the parent namespace. An\nexample that causes this error is below:\n\n```compile_fail,E0412\nuse std::fs::File;\n\nmod foo {\n    fn some_function(f: File) {}\n}\n```\n\n```\nuse std::fs::File;\n\nmod foo {\n    // either\n    use super::File;\n    // or\n    // use std::fs::File;\n    fn foo(f: File) {}\n}\n# fn main() {} // don't insert it for us; that'll break imports\n```\n"},"level":"error","spans":[{"file_name":"C:\\Users\\danie\\.cargo\\registry\\src\\github.com-1ecc6299db9ec823\\tracing-0.1.37\\src\\instrument.rs","byte_start":7509,"byte_end":7521,"line_start":221,"line_end":221,"column_start":41,"column_end":53,"is_primary":true,"text":[{"text":"    fn with_current_subscriber(self) -> WithDispatch<Self> {","highlight_start":41,"highlight_end":53}],"label":"not found in this scope","suggested_replacement":null,"suggestion_applicability":null,"expansion":null}],"children":[],"rendered":"\u001b[0m\u001b[1m\u001b[38;5;9merror[E0412]\u001b[0m\u001b[0m\u001b[1m\u001b[38;5;15m: cannot find type `WithDispatch` in this scope\u001b[0m\n\u001b[0m   \u001b[0m\u001b[0m\u001b[1m\u001b[38;5;14m--> \u001b[0m\u001b[0mC:\\Users\\danie\\.cargo\\registry\\src\\github.com-1ecc6299db9ec823\\tracing-0.1.37\\src\\instrument.rs:221:41\u001b[0m\n\u001b[0m    \u001b[0m\u001b[0m\u001b[1m\u001b[38;5;14m|\u001b[0m\n\u001b[0m\u001b[1m\u001b[38;5;14m221\u001b[0m\u001b[0m \u001b[0m\u001b[0m\u001b[1m\u001b[38;5;14m|\u001b[0m\u001b[0m \u001b[0m\u001b[0m    fn with_current_subscriber(self) -> WithDispatch<Self> {\u001b[0m\n\u001b[0m    \u001b[0m\u001b[0m\u001b[1m\u001b[38;5;14m| \u001b[0m\u001b[0m                                        \u001b[0m\u001b[0m\u001b[1m\u001b[38;5;9m^^^^^^^^^^^^\u001b[0m\u001b[0m \u001b[0m\u001b[0m\u001b[1m\u001b[38;5;9mnot found in this scope\u001b[0m\n\n"}
{"message":"cannot find struct, variant or union type `WithDispatch` in this scope","code":{"code":"E0422","explanation":"An identifier that is neither defined nor a struct was used.\n\nErroneous code example:\n\n```compile_fail,E0422\nfn main () {\n    let x = Foo { x: 1, y: 2 };\n}\n```\n\nIn this case, `Foo` is undefined, so it inherently isn't anything, and\ndefinitely not a struct.\n\n```compile_fail\nfn main () {\n    let foo = 1;\n    let x = foo { x: 1, y: 2 };\n}\n```\n\nIn this case, `foo` is defined, but is not a struct, so Rust can't use it as\none.\n"},"level":"error","spans":[{"file_name":"C:\\Users\\danie\\.cargo\\registry\\src\\github.com-1ecc6299db9ec823\\tracing-0.1.37\\src\\instrument.rs","byte_start":7538,"byte_end":7550,"line_start":222,"line_end":222,"column_start":9,"column_end":21,"is_primary":true,"text":[{"text":"        WithDispatch {","highlight_start":9,"highlight_end":21}],"label":"not found in this scope","suggested_replacement":null,"suggestion_applicability":null,"expansion":null}],"children":[],"rendered":"\u001b[0m\u001b[1m\u001b[38;5;9merror[E0422]\u001b[0m\u001b[0m\u001b[1m\u001b[38;5;15m: cannot find struct, variant or union type `WithDispatch` in this scope\u001b[0m\n\u001b[0m   \u001b[0m\u001b[0m\u001b[1m\u001b[38;5;14m--> \u001b[0m\u001b[0mC:\\Users\\danie\\.cargo\\registry\\src\\github.com-1ecc6299db9ec823\\tracing-0.1.37\\src\\instrument.rs:222:9\u001b[0m\n\u001b[0m    \u001b[0m\u001b[0m\u001b[1m\u001b[38;5;14m|\u001b[0m\n\u001b[0m\u001b[1m\u001b[38;5;14m222\u001b[0m\u001b[0m \u001b[0m\u001b[0m\u001b[1m\u001b[38;5;14m|\u001b[0m\u001b[0m \u001b[0m\u001b[0m        WithDispatch {\u001b[0m\n\u001b[0m    \u001b[0m\u001b[0m\u001b[1m\u001b[38;5;14m| \u001b[0m\u001b[0m        \u001b[0m\u001b[0m\u001b[1m\u001b[38;5;9m^^^^^^^^^^^^\u001b[0m\u001b[0m \u001b[0m\u001b[0m\u001b[1m\u001b[38;5;9mnot found in this scope\u001b[0m\n\n"}
{"message":"cannot find type `Instrumented` in this scope","code":{"code":"E0412","explanation":"A used type name is not in scope.\n\nErroneous code examples:\n\n```compile_fail,E0412\nimpl Something {} // error: type name `Something` is not in scope\n\n// or:\n\ntrait Foo {\n    fn bar(N); // error: type name `N` is not in scope\n}\n\n// or:\n\nfn foo(x: T) {} // type name `T` is not in scope\n```\n\nTo fix this error, please verify you didn't misspell the type name, you did\ndeclare it or imported it into the scope. Examples:\n\n```\nstruct Something;\n\nimpl Something {} // ok!\n\n// or:\n\ntrait Foo {\n    type N;\n\n    fn bar(_: Self::N); // ok!\n}\n\n// or:\n\nfn foo<T>(x: T) {} // ok!\n```\n\nAnother case that causes this error is when a type is imported into a parent\nmodule. To fix this, you can follow the suggestion and use File directly or\n`use super::File;` which will import the types from the parent namespace. An\nexample that causes this error is below:\n\n```compile_fail,E0412\nuse std::fs::File;\n\nmod foo {\n    fn some_function(f: File) {}\n}\n```\n\n```\nuse std::fs::File;\n\nmod foo {\n    // either\n    use super::File;\n    // or\n    // use std::fs::File;\n    fn foo(f: File) {}\n}\n# fn main() {} // don't insert it for us; that'll break imports\n```\n"},"level":"error","spans":[{"file_name":"C:\\Users\\danie\\.cargo\\registry\\src\\github.com-1ecc6299db9ec823\\tracing-0.1.37\\src\\instrument.rs","byte_start":391,"byte_end":418,"line_start":16,"line_end":16,"column_start":1,"column_end":28,"is_primary":false,"text":[{"text":"pub trait Instrument: Sized {","highlight_start":1,"highlight_end":28}],"label":"similarly named trait `Instrument` defined here","suggested_replacement":null,"suggestion_applicability":null,"expansion":null},{"file_name":"C:\\Users\\danie\\.cargo\\registry\\src\\github.com-1ecc6299db9ec823\\tracing-0.1.37\\src\\instrument.rs","byte_start":8804,"byte_end":8816,"line_start":266,"line_end":266,"column_start":28,"column_end":40,"is_primary":true,"text":[{"text":"impl<T: Future> Future for Instrumented<T> {","highlight_start":28,"highlight_end":40}],"label":null,"suggested_replacement":null,"suggestion_applicability":null,"expansion":null}],"children":[{"message":"a trait with a similar name exists","code":null,"level":"help","spans":[{"file_name":"C:\\Users\\danie\\.cargo\\registry\\src\\github.com-1ecc6299db9ec823\\tracing-0.1.37\\src\\instrument.rs","byte_start":8804,"byte_end":8816,"line_start":266,"line_end":266,"column_start":28,"column_end":40,"is_primary":true,"text":[{"text":"impl<T: Future> Future for Instrumented<T> {","highlight_start":28,"highlight_end":40}],"label":null,"suggested_replacement":"Instrument","suggestion_applicability":"MaybeIncorrect","expansion":null}],"children":[],"rendered":null}],"rendered":"\u001b[0m\u001b[1m\u001b[38;5;9merror[E0412]\u001b[0m\u001b[0m\u001b[1m\u001b[38;5;15m: cannot find type `Instrumented` in this scope\u001b[0m\n\u001b[0m   \u001b[0m\u001b[0m\u001b[1m\u001b[38;5;14m--> \u001b[0m\u001b[0mC:\\Users\\danie\\.cargo\\registry\\src\\github.com-1ecc6299db9ec823\\tracing-0.1.37\\src\\instrument.rs:266:28\u001b[0m\n\u001b[0m    \u001b[0m\u001b[0m\u001b[1m\u001b[38;5;14m|\u001b[0m\n\u001b[0m\u001b[1m\u001b[38;5;14m16\u001b[0m\u001b[0m  \u001b[0m\u001b[0m\u001b[1m\u001b[38;5;14m|\u001b[0m\u001b[0m \u001b[0m\u001b[0mpub trait Instrument: Sized {\u001b[0m\n\u001b[0m    \u001b[0m\u001b[0m\u001b[1m\u001b[38;5;14m| \u001b[0m\u001b[0m\u001b[1m\u001b[38;5;14m---------------------------\u001b[0m\u001b[0m \u001b[0m\u001b[0m\u001b[1m\u001b[38;5;14msimilarly named trait `Instrument` defined here\u001b[0m\n\u001b[0m\u001b[1m\u001b[38;5;14m...\u001b[0m\n\u001b[0m\u001b[1m\u001b[38;5;14m266\u001b[0m\u001b[0m \u001b[0m\u001b[0m\u001b[1m\u001b[38;5;14m|\u001b[0m\u001b[0m \u001b[0m\u001b[0mimpl<T: Future> Future for Instrumented<T> {\u001b[0m\n\u001b[0m    \u001b[0m\u001b[0m\u001b[1m\u001b[38;5;14m| \u001b[0m\u001b[0m                           \u001b[0m\u001b[0m\u001b[1m\u001b[38;5;9m^^^^^^^^^^^^\u001b[0m\u001b[0m \u001b[0m\u001b[0m\u001b[1m\u001b[38;5;9mhelp: a trait with a similar name exists: `Instrument`\u001b[0m\n\n"}
{"message":"cannot find type `Instrumented` in this scope","code":{"code":"E0412","explanation":"A used type name is not in scope.\n\nErroneous code examples:\n\n```compile_fail,E0412\nimpl Something {} // error: type name `Something` is not in scope\n\n// or:\n\ntrait Foo {\n    fn bar(N); // error: type name `N` is not in scope\n}\n\n// or:\n\nfn foo(x: T) {} // type name `T` is not in scope\n```\n\nTo fix this error, please verify you didn't misspell the type name, you did\ndeclare it or imported it into the scope. Examples:\n\n```\nstruct Something;\n\nimpl Something {} // ok!\n\n// or:\n\ntrait Foo {\n    type N;\n\n    fn bar(_: Self::N); // ok!\n}\n\n// or:\n\nfn foo<T>(x: T) {} // ok!\n```\n\nAnother case that causes this error is when a type is imported into a parent\nmodule. To fix this, you can follow the suggestion and use File directly or\n`use super::File;` which will import the types from the parent namespace. An\nexample that causes this error is below:\n\n```compile_fail,E0412\nuse std::fs::File;\n\nmod foo {\n    fn some_function(f: File) {}\n}\n```\n\n```\nuse std::fs::File;\n\nmod foo {\n    // either\n    use super::File;\n    // or\n    // use std::fs::File;\n    fn foo(f: File) {}\n}\n# fn main() {} // don't insert it for us; that'll break imports\n```\n"},"level":"error","spans":[{"file_name":"C:\\Users\\danie\\.cargo\\registry\\src\\github.com-1ecc6299db9ec823\\tracing-0.1.37\\src\\instrument.rs","byte_start":391,"byte_end":418,"line_start":16,"line_end":16,"column_start":1,"column_end":28,"is_primary":false,"text":[{"text":"pub trait Instrument: Sized {","highlight_start":1,"highlight_end":28}],"label":"similarly named trait `Instrument` defined here","suggested_replacement":null,"suggestion_applicability":null,"expansion":null},{"file_name":"C:\\Users\\danie\\.cargo\\registry\\src\\github.com-1ecc6299db9ec823\\tracing-0.1.37\\src\\instrument.rs","byte_start":9088,"byte_end":9100,"line_start":278,"line_end":278,"column_start":9,"column_end":21,"is_primary":true,"text":[{"text":"impl<T> Instrumented<T> {","highlight_start":9,"highlight_end":21}],"label":null,"suggested_replacement":null,"suggestion_applicability":null,"expansion":null}],"children":[{"message":"a trait with a similar name exists","code":null,"level":"help","spans":[{"file_name":"C:\\Users\\danie\\.cargo\\registry\\src\\github.com-1ecc6299db9ec823\\tracing-0.1.37\\src\\instrument.rs","byte_start":9088,"byte_end":9100,"line_start":278,"line_end":278,"column_start":9,"column_end":21,"is_primary":true,"text":[{"text":"impl<T> Instrumented<T> {","highlight_start":9,"highlight_end":21}],"label":null,"suggested_replacement":"Instrument","suggestion_applicability":"MaybeIncorrect","expansion":null}],"children":[],"rendered":null}],"rendered":"\u001b[0m\u001b[1m\u001b[38;5;9merror[E0412]\u001b[0m\u001b[0m\u001b[1m\u001b[38;5;15m: cannot find type `Instrumented` in this scope\u001b[0m\n\u001b[0m   \u001b[0m\u001b[0m\u001b[1m\u001b[38;5;14m--> \u001b[0m\u001b[0mC:\\Users\\danie\\.cargo\\registry\\src\\github.com-1ecc6299db9ec823\\tracing-0.1.37\\src\\instrument.rs:278:9\u001b[0m\n\u001b[0m    \u001b[0m\u001b[0m\u001b[1m\u001b[38;5;14m|\u001b[0m\n\u001b[0m\u001b[1m\u001b[38;5;14m16\u001b[0m\u001b[0m  \u001b[0m\u001b[0m\u001b[1m\u001b[38;5;14m|\u001b[0m\u001b[0m \u001b[0m\u001b[0mpub trait Instrument: Sized {\u001b[0m\n\u001b[0m    \u001b[0m\u001b[0m\u001b[1m\u001b[38;5;14m| \u001b[0m\u001b[0m\u001b[1m\u001b[38;5;14m---------------------------\u001b[0m\u001b[0m \u001b[0m\u001b[0m\u001b[1m\u001b[38;5;14msimilarly named trait `Instrument` defined here\u001b[0m\n\u001b[0m\u001b[1m\u001b[38;5;14m...\u001b[0m\n\u001b[0m\u001b[1m\u001b[38;5;14m278\u001b[0m\u001b[0m \u001b[0m\u001b[0m\u001b[1m\u001b[38;5;14m|\u001b[0m\u001b[0m \u001b[0m\u001b[0mimpl<T> Instrumented<T> {\u001b[0m\n\u001b[0m    \u001b[0m\u001b[0m\u001b[1m\u001b[38;5;14m| \u001b[0m\u001b[0m        \u001b[0m\u001b[0m\u001b[1m\u001b[38;5;9m^^^^^^^^^^^^\u001b[0m\u001b[0m \u001b[0m\u001b[0m\u001b[1m\u001b[38;5;9mhelp: a trait with a similar name exists: `Instrument`\u001b[0m\n\n"}
{"message":"cannot find type `WithDispatch` in this scope","code":{"code":"E0412","explanation":"A used type name is not in scope.\n\nErroneous code examples:\n\n```compile_fail,E0412\nimpl Something {} // error: type name `Something` is not in scope\n\n// or:\n\ntrait Foo {\n    fn bar(N); // error: type name `N` is not in scope\n}\n\n// or:\n\nfn foo(x: T) {} // type name `T` is not in scope\n```\n\nTo fix this error, please verify you didn't misspell the type name, you did\ndeclare it or imported it into the scope. Examples:\n\n```\nstruct Something;\n\nimpl Something {} // ok!\n\n// or:\n\ntrait Foo {\n    type N;\n\n    fn bar(_: Self::N); // ok!\n}\n\n// or:\n\nfn foo<T>(x: T) {} // ok!\n```\n\nAnother case that causes this error is when a type is imported into a parent\nmodule. To fix this, you can follow the suggestion and use File directly or\n`use super::File;` which will import the types from the parent namespace. An\nexample that causes this error is below:\n\n```compile_fail,E0412\nuse std::fs::File;\n\nmod foo {\n    fn some_function(f: File) {}\n}\n```\n\n```\nuse std::fs::File;\n\nmod foo {\n    // either\n    use super::File;\n    // or\n    // use std::fs::File;\n    fn foo(f: File) {}\n}\n# fn main() {} // don't insert it for us; that'll break imports\n```\n"},"level":"error","spans":[{"file_name":"C:\\Users\\danie\\.cargo\\registry\\src\\github.com-1ecc6299db9ec823\\tracing-0.1.37\\src\\instrument.rs","byte_start":10195,"byte_end":10207,"line_start":321,"line_end":321,"column_start":28,"column_end":40,"is_primary":true,"text":[{"text":"impl<T: Future> Future for WithDispatch<T> {","highlight_start":28,"highlight_end":40}],"label":"not found in this scope","suggested_replacement":null,"suggestion_applicability":null,"expansion":null}],"children":[],"rendered":"\u001b[0m\u001b[1m\u001b[38;5;9merror[E0412]\u001b[0m\u001b[0m\u001b[1m\u001b[38;5;15m: cannot find type `WithDispatch` in this scope\u001b[0m\n\u001b[0m   \u001b[0m\u001b[0m\u001b[1m\u001b[38;5;14m--> \u001b[0m\u001b[0mC:\\Users\\danie\\.cargo\\registry\\src\\github.com-1ecc6299db9ec823\\tracing-0.1.37\\src\\instrument.rs:321:28\u001b[0m\n\u001b[0m    \u001b[0m\u001b[0m\u001b[1m\u001b[38;5;14m|\u001b[0m\n\u001b[0m\u001b[1m\u001b[38;5;14m321\u001b[0m\u001b[0m \u001b[0m\u001b[0m\u001b[1m\u001b[38;5;14m|\u001b[0m\u001b[0m \u001b[0m\u001b[0mimpl<T: Future> Future for WithDispatch<T> {\u001b[0m\n\u001b[0m    \u001b[0m\u001b[0m\u001b[1m\u001b[38;5;14m| \u001b[0m\u001b[0m                           \u001b[0m\u001b[0m\u001b[1m\u001b[38;5;9m^^^^^^^^^^^^\u001b[0m\u001b[0m \u001b[0m\u001b[0m\u001b[1m\u001b[38;5;9mnot found in this scope\u001b[0m\n\n"}
{"message":"cannot find type `WithDispatch` in this scope","code":{"code":"E0412","explanation":"A used type name is not in scope.\n\nErroneous code examples:\n\n```compile_fail,E0412\nimpl Something {} // error: type name `Something` is not in scope\n\n// or:\n\ntrait Foo {\n    fn bar(N); // error: type name `N` is not in scope\n}\n\n// or:\n\nfn foo(x: T) {} // type name `T` is not in scope\n```\n\nTo fix this error, please verify you didn't misspell the type name, you did\ndeclare it or imported it into the scope. Examples:\n\n```\nstruct Something;\n\nimpl Something {} // ok!\n\n// or:\n\ntrait Foo {\n    type N;\n\n    fn bar(_: Self::N); // ok!\n}\n\n// or:\n\nfn foo<T>(x: T) {} // ok!\n```\n\nAnother case that causes this error is when a type is imported into a parent\nmodule. To fix this, you can follow the suggestion and use File directly or\n`use super::File;` which will import the types from the parent namespace. An\nexample that causes this error is below:\n\n```compile_fail,E0412\nuse std::fs::File;\n\nmod foo {\n    fn some_function(f: File) {}\n}\n```\n\n```\nuse std::fs::File;\n\nmod foo {\n    // either\n    use super::File;\n    // or\n    // use std::fs::File;\n    fn foo(f: File) {}\n}\n# fn main() {} // don't insert it for us; that'll break imports\n```\n"},"level":"error","spans":[{"file_name":"C:\\Users\\danie\\.cargo\\registry\\src\\github.com-1ecc6299db9ec823\\tracing-0.1.37\\src\\instrument.rs","byte_start":10692,"byte_end":10704,"line_start":338,"line_end":338,"column_start":9,"column_end":21,"is_primary":true,"text":[{"text":"impl<T> WithDispatch<T> {","highlight_start":9,"highlight_end":21}],"label":"not found in this scope","suggested_replacement":null,"suggestion_applicability":null,"expansion":null}],"children":[],"rendered":"\u001b[0m\u001b[1m\u001b[38;5;9merror[E0412]\u001b[0m\u001b[0m\u001b[1m\u001b[38;5;15m: cannot find type `WithDispatch` in this scope\u001b[0m\n\u001b[0m   \u001b[0m\u001b[0m\u001b[1m\u001b[38;5;14m--> \u001b[0m\u001b[0mC:\\Users\\danie\\.cargo\\registry\\src\\github.com-1ecc6299db9ec823\\tracing-0.1.37\\src\\instrument.rs:338:9\u001b[0m\n\u001b[0m    \u001b[0m\u001b[0m\u001b[1m\u001b[38;5;14m|\u001b[0m\n\u001b[0m\u001b[1m\u001b[38;5;14m338\u001b[0m\u001b[0m \u001b[0m\u001b[0m\u001b[1m\u001b[38;5;14m|\u001b[0m\u001b[0m \u001b[0m\u001b[0mimpl<T> WithDispatch<T> {\u001b[0m\n\u001b[0m    \u001b[0m\u001b[0m\u001b[1m\u001b[38;5;14m| \u001b[0m\u001b[0m        \u001b[0m\u001b[0m\u001b[1m\u001b[38;5;9m^^^^^^^^^^^^\u001b[0m\u001b[0m \u001b[0m\u001b[0m\u001b[1m\u001b[38;5;9mnot found in this scope\u001b[0m\n\n"}
{"message":"cannot find value `MAX_LEVEL` in this scope","code":{"code":"E0425","explanation":"An unresolved name was used.\n\nErroneous code examples:\n\n```compile_fail,E0425\nsomething_that_doesnt_exist::foo;\n// error: unresolved name `something_that_doesnt_exist::foo`\n\n// or:\n\ntrait Foo {\n    fn bar() {\n        Self; // error: unresolved name `Self`\n    }\n}\n\n// or:\n\nlet x = unknown_variable;  // error: unresolved name `unknown_variable`\n```\n\nPlease verify that the name wasn't misspelled and ensure that the\nidentifier being referred to is valid for the given situation. Example:\n\n```\nenum something_that_does_exist {\n    Foo,\n}\n```\n\nOr:\n\n```\nmod something_that_does_exist {\n    pub static foo : i32 = 0i32;\n}\n\nsomething_that_does_exist::foo; // ok!\n```\n\nOr:\n\n```\nlet unknown_variable = 12u32;\nlet x = unknown_variable; // ok!\n```\n\nIf the item is not defined in the current module, it must be imported using a\n`use` statement, like so:\n\n```\n# mod foo { pub fn bar() {} }\n# fn main() {\nuse foo::bar;\nbar();\n# }\n```\n\nIf the item you are importing is not defined in some super-module of the\ncurrent module, then it must also be declared as public (e.g., `pub fn`).\n"},"level":"error","spans":[{"file_name":"C:\\Users\\danie\\.cargo\\registry\\src\\github.com-1ecc6299db9ec823\\tracing-0.1.37\\src\\level_filters.rs","byte_start":2874,"byte_end":2883,"line_start":66,"line_end":66,"column_start":43,"column_end":52,"is_primary":true,"text":[{"text":"pub const STATIC_MAX_LEVEL: LevelFilter = MAX_LEVEL;","highlight_start":43,"highlight_end":52}],"label":"not found in this scope","suggested_replacement":null,"suggestion_applicability":null,"expansion":null}],"children":[],"rendered":"\u001b[0m\u001b[1m\u001b[38;5;9merror[E0425]\u001b[0m\u001b[0m\u001b[1m\u001b[38;5;15m: cannot find value `MAX_LEVEL` in this scope\u001b[0m\n\u001b[0m  \u001b[0m\u001b[0m\u001b[1m\u001b[38;5;14m--> \u001b[0m\u001b[0mC:\\Users\\danie\\.cargo\\registry\\src\\github.com-1ecc6299db9ec823\\tracing-0.1.37\\src\\level_filters.rs:66:43\u001b[0m\n\u001b[0m   \u001b[0m\u001b[0m\u001b[1m\u001b[38;5;14m|\u001b[0m\n\u001b[0m\u001b[1m\u001b[38;5;14m66\u001b[0m\u001b[0m \u001b[0m\u001b[0m\u001b[1m\u001b[38;5;14m|\u001b[0m\u001b[0m \u001b[0m\u001b[0mpub const STATIC_MAX_LEVEL: LevelFilter = MAX_LEVEL;\u001b[0m\n\u001b[0m   \u001b[0m\u001b[0m\u001b[1m\u001b[38;5;14m| \u001b[0m\u001b[0m                                          \u001b[0m\u001b[0m\u001b[1m\u001b[38;5;9m^^^^^^^^^\u001b[0m\u001b[0m \u001b[0m\u001b[0m\u001b[1m\u001b[38;5;9mnot found in this scope\u001b[0m\n\n"}
{"message":"cannot find type `ValueSet` in module `field`","code":{"code":"E0412","explanation":"A used type name is not in scope.\n\nErroneous code examples:\n\n```compile_fail,E0412\nimpl Something {} // error: type name `Something` is not in scope\n\n// or:\n\ntrait Foo {\n    fn bar(N); // error: type name `N` is not in scope\n}\n\n// or:\n\nfn foo(x: T) {} // type name `T` is not in scope\n```\n\nTo fix this error, please verify you didn't misspell the type name, you did\ndeclare it or imported it into the scope. Examples:\n\n```\nstruct Something;\n\nimpl Something {} // ok!\n\n// or:\n\ntrait Foo {\n    type N;\n\n    fn bar(_: Self::N); // ok!\n}\n\n// or:\n\nfn foo<T>(x: T) {} // ok!\n```\n\nAnother case that causes this error is when a type is imported into a parent\nmodule. To fix this, you can follow the suggestion and use File directly or\n`use super::File;` which will import the types from the parent namespace. An\nexample that causes this error is below:\n\n```compile_fail,E0412\nuse std::fs::File;\n\nmod foo {\n    fn some_function(f: File) {}\n}\n```\n\n```\nuse std::fs::File;\n\nmod foo {\n    // either\n    use super::File;\n    // or\n    // use std::fs::File;\n    fn foo(f: File) {}\n}\n# fn main() {} // don't insert it for us; that'll break imports\n```\n"},"level":"error","spans":[{"file_name":"C:\\Users\\danie\\.cargo\\registry\\src\\github.com-1ecc6299db9ec823\\tracing-0.1.37\\src\\span.rs","byte_start":17065,"byte_end":17073,"line_start":436,"line_end":436,"column_start":66,"column_end":74,"is_primary":true,"text":[{"text":"    pub fn new(meta: &'static Metadata<'static>, values: &field::ValueSet<'_>) -> Span {","highlight_start":66,"highlight_end":74}],"label":"not found in `field`","suggested_replacement":null,"suggestion_applicability":null,"expansion":null}],"children":[],"rendered":"\u001b[0m\u001b[1m\u001b[38;5;9merror[E0412]\u001b[0m\u001b[0m\u001b[1m\u001b[38;5;15m: cannot find type `ValueSet` in module `field`\u001b[0m\n\u001b[0m   \u001b[0m\u001b[0m\u001b[1m\u001b[38;5;14m--> \u001b[0m\u001b[0mC:\\Users\\danie\\.cargo\\registry\\src\\github.com-1ecc6299db9ec823\\tracing-0.1.37\\src\\span.rs:436:66\u001b[0m\n\u001b[0m    \u001b[0m\u001b[0m\u001b[1m\u001b[38;5;14m|\u001b[0m\n\u001b[0m\u001b[1m\u001b[38;5;14m436\u001b[0m\u001b[0m \u001b[0m\u001b[0m\u001b[1m\u001b[38;5;14m|\u001b[0m\u001b[0m \u001b[0m\u001b[0m    pub fn new(meta: &'static Metadata<'static>, values: &field::ValueSet<'_>) -> Span {\u001b[0m\n\u001b[0m    \u001b[0m\u001b[0m\u001b[1m\u001b[38;5;14m| \u001b[0m\u001b[0m                                                                 \u001b[0m\u001b[0m\u001b[1m\u001b[38;5;9m^^^^^^^^\u001b[0m\u001b[0m \u001b[0m\u001b[0m\u001b[1m\u001b[38;5;9mnot found in `field`\u001b[0m\n\n"}
{"message":"cannot find type `ValueSet` in module `field`","code":{"code":"E0412","explanation":"A used type name is not in scope.\n\nErroneous code examples:\n\n```compile_fail,E0412\nimpl Something {} // error: type name `Something` is not in scope\n\n// or:\n\ntrait Foo {\n    fn bar(N); // error: type name `N` is not in scope\n}\n\n// or:\n\nfn foo(x: T) {} // type name `T` is not in scope\n```\n\nTo fix this error, please verify you didn't misspell the type name, you did\ndeclare it or imported it into the scope. Examples:\n\n```\nstruct Something;\n\nimpl Something {} // ok!\n\n// or:\n\ntrait Foo {\n    type N;\n\n    fn bar(_: Self::N); // ok!\n}\n\n// or:\n\nfn foo<T>(x: T) {} // ok!\n```\n\nAnother case that causes this error is when a type is imported into a parent\nmodule. To fix this, you can follow the suggestion and use File directly or\n`use super::File;` which will import the types from the parent namespace. An\nexample that causes this error is below:\n\n```compile_fail,E0412\nuse std::fs::File;\n\nmod foo {\n    fn some_function(f: File) {}\n}\n```\n\n```\nuse std::fs::File;\n\nmod foo {\n    // either\n    use super::File;\n    // or\n    // use std::fs::File;\n    fn foo(f: File) {}\n}\n# fn main() {} // don't insert it for us; that'll break imports\n```\n"},"level":"error","spans":[{"file_name":"C:\\Users\\danie\\.cargo\\registry\\src\\github.com-1ecc6299db9ec823\\tracing-0.1.37\\src\\span.rs","byte_start":17299,"byte_end":17307,"line_start":444,"line_end":444,"column_start":25,"column_end":33,"is_primary":true,"text":[{"text":"        values: &field::ValueSet<'_>,","highlight_start":25,"highlight_end":33}],"label":"not found in `field`","suggested_replacement":null,"suggestion_applicability":null,"expansion":null}],"children":[],"rendered":"\u001b[0m\u001b[1m\u001b[38;5;9merror[E0412]\u001b[0m\u001b[0m\u001b[1m\u001b[38;5;15m: cannot find type `ValueSet` in module `field`\u001b[0m\n\u001b[0m   \u001b[0m\u001b[0m\u001b[1m\u001b[38;5;14m--> \u001b[0m\u001b[0mC:\\Users\\danie\\.cargo\\registry\\src\\github.com-1ecc6299db9ec823\\tracing-0.1.37\\src\\span.rs:444:25\u001b[0m\n\u001b[0m    \u001b[0m\u001b[0m\u001b[1m\u001b[38;5;14m|\u001b[0m\n\u001b[0m\u001b[1m\u001b[38;5;14m444\u001b[0m\u001b[0m \u001b[0m\u001b[0m\u001b[1m\u001b[38;5;14m|\u001b[0m\u001b[0m \u001b[0m\u001b[0m        values: &field::ValueSet<'_>,\u001b[0m\n\u001b[0m    \u001b[0m\u001b[0m\u001b[1m\u001b[38;5;14m| \u001b[0m\u001b[0m                        \u001b[0m\u001b[0m\u001b[1m\u001b[38;5;9m^^^^^^^^\u001b[0m\u001b[0m \u001b[0m\u001b[0m\u001b[1m\u001b[38;5;9mnot found in `field`\u001b[0m\n\n"}
{"message":"cannot find type `ValueSet` in module `field`","code":{"code":"E0412","explanation":"A used type name is not in scope.\n\nErroneous code examples:\n\n```compile_fail,E0412\nimpl Something {} // error: type name `Something` is not in scope\n\n// or:\n\ntrait Foo {\n    fn bar(N); // error: type name `N` is not in scope\n}\n\n// or:\n\nfn foo(x: T) {} // type name `T` is not in scope\n```\n\nTo fix this error, please verify you didn't misspell the type name, you did\ndeclare it or imported it into the scope. Examples:\n\n```\nstruct Something;\n\nimpl Something {} // ok!\n\n// or:\n\ntrait Foo {\n    type N;\n\n    fn bar(_: Self::N); // ok!\n}\n\n// or:\n\nfn foo<T>(x: T) {} // ok!\n```\n\nAnother case that causes this error is when a type is imported into a parent\nmodule. To fix this, you can follow the suggestion and use File directly or\n`use super::File;` which will import the types from the parent namespace. An\nexample that causes this error is below:\n\n```compile_fail,E0412\nuse std::fs::File;\n\nmod foo {\n    fn some_function(f: File) {}\n}\n```\n\n```\nuse std::fs::File;\n\nmod foo {\n    // either\n    use super::File;\n    // or\n    // use std::fs::File;\n    fn foo(f: File) {}\n}\n# fn main() {} // don't insert it for us; that'll break imports\n```\n"},"level":"error","spans":[{"file_name":"C:\\Users\\danie\\.cargo\\registry\\src\\github.com-1ecc6299db9ec823\\tracing-0.1.37\\src\\span.rs","byte_start":17936,"byte_end":17944,"line_start":460,"line_end":460,"column_start":71,"column_end":79,"is_primary":true,"text":[{"text":"    pub fn new_root(meta: &'static Metadata<'static>, values: &field::ValueSet<'_>) -> Span {","highlight_start":71,"highlight_end":79}],"label":"not found in `field`","suggested_replacement":null,"suggestion_applicability":null,"expansion":null}],"children":[],"rendered":"\u001b[0m\u001b[1m\u001b[38;5;9merror[E0412]\u001b[0m\u001b[0m\u001b[1m\u001b[38;5;15m: cannot find type `ValueSet` in module `field`\u001b[0m\n\u001b[0m   \u001b[0m\u001b[0m\u001b[1m\u001b[38;5;14m--> \u001b[0m\u001b[0mC:\\Users\\danie\\.cargo\\registry\\src\\github.com-1ecc6299db9ec823\\tracing-0.1.37\\src\\span.rs:460:71\u001b[0m\n\u001b[0m    \u001b[0m\u001b[0m\u001b[1m\u001b[38;5;14m|\u001b[0m\n\u001b[0m\u001b[1m\u001b[38;5;14m460\u001b[0m\u001b[0m \u001b[0m\u001b[0m\u001b[1m\u001b[38;5;14m|\u001b[0m\u001b[0m \u001b[0m\u001b[0m    pub fn new_root(meta: &'static Metadata<'static>, values: &field::ValueSet<'_>) -> Span {\u001b[0m\n\u001b[0m    \u001b[0m\u001b[0m\u001b[1m\u001b[38;5;14m| \u001b[0m\u001b[0m                                                                      \u001b[0m\u001b[0m\u001b[1m\u001b[38;5;9m^^^^^^^^\u001b[0m\u001b[0m \u001b[0m\u001b[0m\u001b[1m\u001b[38;5;9mnot found in `field`\u001b[0m\n\n"}
{"message":"cannot find type `ValueSet` in module `field`","code":{"code":"E0412","explanation":"A used type name is not in scope.\n\nErroneous code examples:\n\n```compile_fail,E0412\nimpl Something {} // error: type name `Something` is not in scope\n\n// or:\n\ntrait Foo {\n    fn bar(N); // error: type name `N` is not in scope\n}\n\n// or:\n\nfn foo(x: T) {} // type name `T` is not in scope\n```\n\nTo fix this error, please verify you didn't misspell the type name, you did\ndeclare it or imported it into the scope. Examples:\n\n```\nstruct Something;\n\nimpl Something {} // ok!\n\n// or:\n\ntrait Foo {\n    type N;\n\n    fn bar(_: Self::N); // ok!\n}\n\n// or:\n\nfn foo<T>(x: T) {} // ok!\n```\n\nAnother case that causes this error is when a type is imported into a parent\nmodule. To fix this, you can follow the suggestion and use File directly or\n`use super::File;` which will import the types from the parent namespace. An\nexample that causes this error is below:\n\n```compile_fail,E0412\nuse std::fs::File;\n\nmod foo {\n    fn some_function(f: File) {}\n}\n```\n\n```\nuse std::fs::File;\n\nmod foo {\n    // either\n    use super::File;\n    // or\n    // use std::fs::File;\n    fn foo(f: File) {}\n}\n# fn main() {} // don't insert it for us; that'll break imports\n```\n"},"level":"error","spans":[{"file_name":"C:\\Users\\danie\\.cargo\\registry\\src\\github.com-1ecc6299db9ec823\\tracing-0.1.37\\src\\span.rs","byte_start":18180,"byte_end":18188,"line_start":468,"line_end":468,"column_start":25,"column_end":33,"is_primary":true,"text":[{"text":"        values: &field::ValueSet<'_>,","highlight_start":25,"highlight_end":33}],"label":"not found in `field`","suggested_replacement":null,"suggestion_applicability":null,"expansion":null}],"children":[],"rendered":"\u001b[0m\u001b[1m\u001b[38;5;9merror[E0412]\u001b[0m\u001b[0m\u001b[1m\u001b[38;5;15m: cannot find type `ValueSet` in module `field`\u001b[0m\n\u001b[0m   \u001b[0m\u001b[0m\u001b[1m\u001b[38;5;14m--> \u001b[0m\u001b[0mC:\\Users\\danie\\.cargo\\registry\\src\\github.com-1ecc6299db9ec823\\tracing-0.1.37\\src\\span.rs:468:25\u001b[0m\n\u001b[0m    \u001b[0m\u001b[0m\u001b[1m\u001b[38;5;14m|\u001b[0m\n\u001b[0m\u001b[1m\u001b[38;5;14m468\u001b[0m\u001b[0m \u001b[0m\u001b[0m\u001b[1m\u001b[38;5;14m|\u001b[0m\u001b[0m \u001b[0m\u001b[0m        values: &field::ValueSet<'_>,\u001b[0m\n\u001b[0m    \u001b[0m\u001b[0m\u001b[1m\u001b[38;5;14m| \u001b[0m\u001b[0m                        \u001b[0m\u001b[0m\u001b[1m\u001b[38;5;9m^^^^^^^^\u001b[0m\u001b[0m \u001b[0m\u001b[0m\u001b[1m\u001b[38;5;9mnot found in `field`\u001b[0m\n\n"}
{"message":"cannot find type `ValueSet` in module `field`","code":{"code":"E0412","explanation":"A used type name is not in scope.\n\nErroneous code examples:\n\n```compile_fail,E0412\nimpl Something {} // error: type name `Something` is not in scope\n\n// or:\n\ntrait Foo {\n    fn bar(N); // error: type name `N` is not in scope\n}\n\n// or:\n\nfn foo(x: T) {} // type name `T` is not in scope\n```\n\nTo fix this error, please verify you didn't misspell the type name, you did\ndeclare it or imported it into the scope. Examples:\n\n```\nstruct Something;\n\nimpl Something {} // ok!\n\n// or:\n\ntrait Foo {\n    type N;\n\n    fn bar(_: Self::N); // ok!\n}\n\n// or:\n\nfn foo<T>(x: T) {} // ok!\n```\n\nAnother case that causes this error is when a type is imported into a parent\nmodule. To fix this, you can follow the suggestion and use File directly or\n`use super::File;` which will import the types from the parent namespace. An\nexample that causes this error is below:\n\n```compile_fail,E0412\nuse std::fs::File;\n\nmod foo {\n    fn some_function(f: File) {}\n}\n```\n\n```\nuse std::fs::File;\n\nmod foo {\n    // either\n    use super::File;\n    // or\n    // use std::fs::File;\n    fn foo(f: File) {}\n}\n# fn main() {} // don't insert it for us; that'll break imports\n```\n"},"level":"error","spans":[{"file_name":"C:\\Users\\danie\\.cargo\\registry\\src\\github.com-1ecc6299db9ec823\\tracing-0.1.37\\src\\span.rs","byte_start":18878,"byte_end":18886,"line_start":487,"line_end":487,"column_start":25,"column_end":33,"is_primary":true,"text":[{"text":"        values: &field::ValueSet<'_>,","highlight_start":25,"highlight_end":33}],"label":"not found in `field`","suggested_replacement":null,"suggestion_applicability":null,"expansion":null}],"children":[],"rendered":"\u001b[0m\u001b[1m\u001b[38;5;9merror[E0412]\u001b[0m\u001b[0m\u001b[1m\u001b[38;5;15m: cannot find type `ValueSet` in module `field`\u001b[0m\n\u001b[0m   \u001b[0m\u001b[0m\u001b[1m\u001b[38;5;14m--> \u001b[0m\u001b[0mC:\\Users\\danie\\.cargo\\registry\\src\\github.com-1ecc6299db9ec823\\tracing-0.1.37\\src\\span.rs:487:25\u001b[0m\n\u001b[0m    \u001b[0m\u001b[0m\u001b[1m\u001b[38;5;14m|\u001b[0m\n\u001b[0m\u001b[1m\u001b[38;5;14m487\u001b[0m\u001b[0m \u001b[0m\u001b[0m\u001b[1m\u001b[38;5;14m|\u001b[0m\u001b[0m \u001b[0m\u001b[0m        values: &field::ValueSet<'_>,\u001b[0m\n\u001b[0m    \u001b[0m\u001b[0m\u001b[1m\u001b[38;5;14m| \u001b[0m\u001b[0m                        \u001b[0m\u001b[0m\u001b[1m\u001b[38;5;9m^^^^^^^^\u001b[0m\u001b[0m \u001b[0m\u001b[0m\u001b[1m\u001b[38;5;9mnot found in `field`\u001b[0m\n\n"}
{"message":"cannot find type `ValueSet` in module `field`","code":{"code":"E0412","explanation":"A used type name is not in scope.\n\nErroneous code examples:\n\n```compile_fail,E0412\nimpl Something {} // error: type name `Something` is not in scope\n\n// or:\n\ntrait Foo {\n    fn bar(N); // error: type name `N` is not in scope\n}\n\n// or:\n\nfn foo(x: T) {} // type name `T` is not in scope\n```\n\nTo fix this error, please verify you didn't misspell the type name, you did\ndeclare it or imported it into the scope. Examples:\n\n```\nstruct Something;\n\nimpl Something {} // ok!\n\n// or:\n\ntrait Foo {\n    type N;\n\n    fn bar(_: Self::N); // ok!\n}\n\n// or:\n\nfn foo<T>(x: T) {} // ok!\n```\n\nAnother case that causes this error is when a type is imported into a parent\nmodule. To fix this, you can follow the suggestion and use File directly or\n`use super::File;` which will import the types from the parent namespace. An\nexample that causes this error is below:\n\n```compile_fail,E0412\nuse std::fs::File;\n\nmod foo {\n    fn some_function(f: File) {}\n}\n```\n\n```\nuse std::fs::File;\n\nmod foo {\n    // either\n    use super::File;\n    // or\n    // use std::fs::File;\n    fn foo(f: File) {}\n}\n# fn main() {} // don't insert it for us; that'll break imports\n```\n"},"level":"error","spans":[{"file_name":"C:\\Users\\danie\\.cargo\\registry\\src\\github.com-1ecc6299db9ec823\\tracing-0.1.37\\src\\span.rs","byte_start":19263,"byte_end":19271,"line_start":500,"line_end":500,"column_start":25,"column_end":33,"is_primary":true,"text":[{"text":"        values: &field::ValueSet<'_>,","highlight_start":25,"highlight_end":33}],"label":"not found in `field`","suggested_replacement":null,"suggestion_applicability":null,"expansion":null}],"children":[],"rendered":"\u001b[0m\u001b[1m\u001b[38;5;9merror[E0412]\u001b[0m\u001b[0m\u001b[1m\u001b[38;5;15m: cannot find type `ValueSet` in module `field`\u001b[0m\n\u001b[0m   \u001b[0m\u001b[0m\u001b[1m\u001b[38;5;14m--> \u001b[0m\u001b[0mC:\\Users\\danie\\.cargo\\registry\\src\\github.com-1ecc6299db9ec823\\tracing-0.1.37\\src\\span.rs:500:25\u001b[0m\n\u001b[0m    \u001b[0m\u001b[0m\u001b[1m\u001b[38;5;14m|\u001b[0m\n\u001b[0m\u001b[1m\u001b[38;5;14m500\u001b[0m\u001b[0m \u001b[0m\u001b[0m\u001b[1m\u001b[38;5;14m|\u001b[0m\u001b[0m \u001b[0m\u001b[0m        values: &field::ValueSet<'_>,\u001b[0m\n\u001b[0m    \u001b[0m\u001b[0m\u001b[1m\u001b[38;5;14m| \u001b[0m\u001b[0m                        \u001b[0m\u001b[0m\u001b[1m\u001b[38;5;9m^^^^^^^^\u001b[0m\u001b[0m \u001b[0m\u001b[0m\u001b[1m\u001b[38;5;9mnot found in `field`\u001b[0m\n\n"}
{"message":"cannot find type `Field` in module `field`","code":{"code":"E0412","explanation":"A used type name is not in scope.\n\nErroneous code examples:\n\n```compile_fail,E0412\nimpl Something {} // error: type name `Something` is not in scope\n\n// or:\n\ntrait Foo {\n    fn bar(N); // error: type name `N` is not in scope\n}\n\n// or:\n\nfn foo(x: T) {} // type name `T` is not in scope\n```\n\nTo fix this error, please verify you didn't misspell the type name, you did\ndeclare it or imported it into the scope. Examples:\n\n```\nstruct Something;\n\nimpl Something {} // ok!\n\n// or:\n\ntrait Foo {\n    type N;\n\n    fn bar(_: Self::N); // ok!\n}\n\n// or:\n\nfn foo<T>(x: T) {} // ok!\n```\n\nAnother case that causes this error is when a type is imported into a parent\nmodule. To fix this, you can follow the suggestion and use File directly or\n`use super::File;` which will import the types from the parent namespace. An\nexample that causes this error is below:\n\n```compile_fail,E0412\nuse std::fs::File;\n\nmod foo {\n    fn some_function(f: File) {}\n}\n```\n\n```\nuse std::fs::File;\n\nmod foo {\n    // either\n    use super::File;\n    // or\n    // use std::fs::File;\n    fn foo(f: File) {}\n}\n# fn main() {} // don't insert it for us; that'll break imports\n```\n"},"level":"error","spans":[{"file_name":"C:\\Users\\danie\\.cargo\\registry\\src\\github.com-1ecc6299db9ec823\\tracing-0.1.37\\src\\span.rs","byte_start":40511,"byte_end":40516,"line_start":1107,"line_end":1107,"column_start":64,"column_end":69,"is_primary":true,"text":[{"text":"    pub fn field<Q: ?Sized>(&self, field: &Q) -> Option<field::Field>","highlight_start":64,"highlight_end":69}],"label":"not found in `field`","suggested_replacement":null,"suggestion_applicability":null,"expansion":null}],"children":[],"rendered":"\u001b[0m\u001b[1m\u001b[38;5;9merror[E0412]\u001b[0m\u001b[0m\u001b[1m\u001b[38;5;15m: cannot find type `Field` in module `field`\u001b[0m\n\u001b[0m    \u001b[0m\u001b[0m\u001b[1m\u001b[38;5;14m--> \u001b[0m\u001b[0mC:\\Users\\danie\\.cargo\\registry\\src\\github.com-1ecc6299db9ec823\\tracing-0.1.37\\src\\span.rs:1107:64\u001b[0m\n\u001b[0m     \u001b[0m\u001b[0m\u001b[1m\u001b[38;5;14m|\u001b[0m\n\u001b[0m\u001b[1m\u001b[38;5;14m1107\u001b[0m\u001b[0m \u001b[0m\u001b[0m\u001b[1m\u001b[38;5;14m|\u001b[0m\u001b[0m \u001b[0m\u001b[0m    pub fn field<Q: ?Sized>(&self, field: &Q) -> Option<field::Field>\u001b[0m\n\u001b[0m     \u001b[0m\u001b[0m\u001b[1m\u001b[38;5;14m| \u001b[0m\u001b[0m                                                               \u001b[0m\u001b[0m\u001b[1m\u001b[38;5;9m^^^^^\u001b[0m\u001b[0m \u001b[0m\u001b[0m\u001b[1m\u001b[38;5;9mnot found in `field`\u001b[0m\n\n"}
{"message":"cannot find trait `Value` in module `field`","code":{"code":"E0405","explanation":"The code refers to a trait that is not in scope.\n\nErroneous code example:\n\n```compile_fail,E0405\nstruct Foo;\n\nimpl SomeTrait for Foo {} // error: trait `SomeTrait` is not in scope\n```\n\nPlease verify that the name of the trait wasn't misspelled and ensure that it\nwas imported. Example:\n\n```\n# #[cfg(for_demonstration_only)]\n// solution 1:\nuse some_file::SomeTrait;\n\n// solution 2:\ntrait SomeTrait {\n    // some functions\n}\n\nstruct Foo;\n\nimpl SomeTrait for Foo { // ok!\n    // implements functions\n}\n```\n"},"level":"error","spans":[{"file_name":"C:\\Users\\danie\\.cargo\\registry\\src\\github.com-1ecc6299db9ec823\\tracing-0.1.37\\src\\span.rs","byte_start":44092,"byte_end":44097,"line_start":1197,"line_end":1197,"column_start":19,"column_end":24,"is_primary":true,"text":[{"text":"        V: field::Value,","highlight_start":19,"highlight_end":24}],"label":"not found in `field`","suggested_replacement":null,"suggestion_applicability":null,"expansion":null}],"children":[],"rendered":"\u001b[0m\u001b[1m\u001b[38;5;9merror[E0405]\u001b[0m\u001b[0m\u001b[1m\u001b[38;5;15m: cannot find trait `Value` in module `field`\u001b[0m\n\u001b[0m    \u001b[0m\u001b[0m\u001b[1m\u001b[38;5;14m--> \u001b[0m\u001b[0mC:\\Users\\danie\\.cargo\\registry\\src\\github.com-1ecc6299db9ec823\\tracing-0.1.37\\src\\span.rs:1197:19\u001b[0m\n\u001b[0m     \u001b[0m\u001b[0m\u001b[1m\u001b[38;5;14m|\u001b[0m\n\u001b[0m\u001b[1m\u001b[38;5;14m1197\u001b[0m\u001b[0m \u001b[0m\u001b[0m\u001b[1m\u001b[38;5;14m|\u001b[0m\u001b[0m \u001b[0m\u001b[0m        V: field::Value,\u001b[0m\n\u001b[0m     \u001b[0m\u001b[0m\u001b[1m\u001b[38;5;14m| \u001b[0m\u001b[0m                  \u001b[0m\u001b[0m\u001b[1m\u001b[38;5;9m^^^^^\u001b[0m\u001b[0m \u001b[0m\u001b[0m\u001b[1m\u001b[38;5;9mnot found in `field`\u001b[0m\n\n"}
{"message":"cannot find trait `Value` in module `field`","code":{"code":"E0405","explanation":"The code refers to a trait that is not in scope.\n\nErroneous code example:\n\n```compile_fail,E0405\nstruct Foo;\n\nimpl SomeTrait for Foo {} // error: trait `SomeTrait` is not in scope\n```\n\nPlease verify that the name of the trait wasn't misspelled and ensure that it\nwas imported. Example:\n\n```\n# #[cfg(for_demonstration_only)]\n// solution 1:\nuse some_file::SomeTrait;\n\n// solution 2:\ntrait SomeTrait {\n    // some functions\n}\n\nstruct Foo;\n\nimpl SomeTrait for Foo { // ok!\n    // implements functions\n}\n```\n"},"level":"error","spans":[{"file_name":"C:\\Users\\danie\\.cargo\\registry\\src\\github.com-1ecc6299db9ec823\\tracing-0.1.37\\src\\span.rs","byte_start":44367,"byte_end":44372,"line_start":1204,"line_end":1204,"column_start":74,"column_end":79,"is_primary":true,"text":[{"text":"                        .value_set(&[(&field, Some(&value as &dyn field::Value))]),","highlight_start":74,"highlight_end":79}],"label":"not found in `field`","suggested_replacement":null,"suggestion_applicability":null,"expansion":null}],"children":[],"rendered":"\u001b[0m\u001b[1m\u001b[38;5;9merror[E0405]\u001b[0m\u001b[0m\u001b[1m\u001b[38;5;15m: cannot find trait `Value` in module `field`\u001b[0m\n\u001b[0m    \u001b[0m\u001b[0m\u001b[1m\u001b[38;5;14m--> \u001b[0m\u001b[0mC:\\Users\\danie\\.cargo\\registry\\src\\github.com-1ecc6299db9ec823\\tracing-0.1.37\\src\\span.rs:1204:74\u001b[0m\n\u001b[0m     \u001b[0m\u001b[0m\u001b[1m\u001b[38;5;14m|\u001b[0m\n\u001b[0m\u001b[1m\u001b[38;5;14m1204\u001b[0m\u001b[0m \u001b[0m\u001b[0m\u001b[1m\u001b[38;5;14m|\u001b[0m\u001b[0m \u001b[0m\u001b[0m                        .value_set(&[(&field, Some(&value as &dyn field::Value))]),\u001b[0m\n\u001b[0m     \u001b[0m\u001b[0m\u001b[1m\u001b[38;5;14m| \u001b[0m\u001b[0m                                                                         \u001b[0m\u001b[0m\u001b[1m\u001b[38;5;9m^^^^^\u001b[0m\u001b[0m \u001b[0m\u001b[0m\u001b[1m\u001b[38;5;9mnot found in `field`\u001b[0m\n\n"}
{"message":"cannot find type `ValueSet` in module `field`","code":{"code":"E0412","explanation":"A used type name is not in scope.\n\nErroneous code examples:\n\n```compile_fail,E0412\nimpl Something {} // error: type name `Something` is not in scope\n\n// or:\n\ntrait Foo {\n    fn bar(N); // error: type name `N` is not in scope\n}\n\n// or:\n\nfn foo(x: T) {} // type name `T` is not in scope\n```\n\nTo fix this error, please verify you didn't misspell the type name, you did\ndeclare it or imported it into the scope. Examples:\n\n```\nstruct Something;\n\nimpl Something {} // ok!\n\n// or:\n\ntrait Foo {\n    type N;\n\n    fn bar(_: Self::N); // ok!\n}\n\n// or:\n\nfn foo<T>(x: T) {} // ok!\n```\n\nAnother case that causes this error is when a type is imported into a parent\nmodule. To fix this, you can follow the suggestion and use File directly or\n`use super::File;` which will import the types from the parent namespace. An\nexample that causes this error is below:\n\n```compile_fail,E0412\nuse std::fs::File;\n\nmod foo {\n    fn some_function(f: File) {}\n}\n```\n\n```\nuse std::fs::File;\n\nmod foo {\n    // either\n    use super::File;\n    // or\n    // use std::fs::File;\n    fn foo(f: File) {}\n}\n# fn main() {} // don't insert it for us; that'll break imports\n```\n"},"level":"error","spans":[{"file_name":"C:\\Users\\danie\\.cargo\\registry\\src\\github.com-1ecc6299db9ec823\\tracing-0.1.37\\src\\span.rs","byte_start":44546,"byte_end":44554,"line_start":1213,"line_end":1213,"column_start":46,"column_end":54,"is_primary":true,"text":[{"text":"    pub fn record_all(&self, values: &field::ValueSet<'_>) -> &Self {","highlight_start":46,"highlight_end":54}],"label":"not found in `field`","suggested_replacement":null,"suggestion_applicability":null,"expansion":null}],"children":[],"rendered":"\u001b[0m\u001b[1m\u001b[38;5;9merror[E0412]\u001b[0m\u001b[0m\u001b[1m\u001b[38;5;15m: cannot find type `ValueSet` in module `field`\u001b[0m\n\u001b[0m    \u001b[0m\u001b[0m\u001b[1m\u001b[38;5;14m--> \u001b[0m\u001b[0mC:\\Users\\danie\\.cargo\\registry\\src\\github.com-1ecc6299db9ec823\\tracing-0.1.37\\src\\span.rs:1213:46\u001b[0m\n\u001b[0m     \u001b[0m\u001b[0m\u001b[1m\u001b[38;5;14m|\u001b[0m\n\u001b[0m\u001b[1m\u001b[38;5;14m1213\u001b[0m\u001b[0m \u001b[0m\u001b[0m\u001b[1m\u001b[38;5;14m|\u001b[0m\u001b[0m \u001b[0m\u001b[0m    pub fn record_all(&self, values: &field::ValueSet<'_>) -> &Self {\u001b[0m\n\u001b[0m     \u001b[0m\u001b[0m\u001b[1m\u001b[38;5;14m| \u001b[0m\u001b[0m                                             \u001b[0m\u001b[0m\u001b[1m\u001b[38;5;9m^^^^^^^^\u001b[0m\u001b[0m \u001b[0m\u001b[0m\u001b[1m\u001b[38;5;9mnot found in `field`\u001b[0m\n\n"}
{"message":"cannot find trait `Subscriber` in this scope","code":{"code":"E0405","explanation":"The code refers to a trait that is not in scope.\n\nErroneous code example:\n\n```compile_fail,E0405\nstruct Foo;\n\nimpl SomeTrait for Foo {} // error: trait `SomeTrait` is not in scope\n```\n\nPlease verify that the name of the trait wasn't misspelled and ensure that it\nwas imported. Example:\n\n```\n# #[cfg(for_demonstration_only)]\n// solution 1:\nuse some_file::SomeTrait;\n\n// solution 2:\ntrait SomeTrait {\n    // some functions\n}\n\nstruct Foo;\n\nimpl SomeTrait for Foo { // ok!\n    // implements functions\n}\n```\n"},"level":"error","spans":[{"file_name":"C:\\Users\\danie\\.cargo\\registry\\src\\github.com-1ecc6299db9ec823\\tracing-0.1.37\\src\\subscriber.rs","byte_start":661,"byte_end":671,"line_start":22,"line_end":22,"column_start":8,"column_end":18,"is_primary":true,"text":[{"text":"    S: Subscriber + Send + Sync + 'static,","highlight_start":8,"highlight_end":18}],"label":"not found in this scope","suggested_replacement":null,"suggestion_applicability":null,"expansion":null}],"children":[],"rendered":"\u001b[0m\u001b[1m\u001b[38;5;9merror[E0405]\u001b[0m\u001b[0m\u001b[1m\u001b[38;5;15m: cannot find trait `Subscriber` in this scope\u001b[0m\n\u001b[0m  \u001b[0m\u001b[0m\u001b[1m\u001b[38;5;14m--> \u001b[0m\u001b[0mC:\\Users\\danie\\.cargo\\registry\\src\\github.com-1ecc6299db9ec823\\tracing-0.1.37\\src\\subscriber.rs:22:8\u001b[0m\n\u001b[0m   \u001b[0m\u001b[0m\u001b[1m\u001b[38;5;14m|\u001b[0m\n\u001b[0m\u001b[1m\u001b[38;5;14m22\u001b[0m\u001b[0m \u001b[0m\u001b[0m\u001b[1m\u001b[38;5;14m|\u001b[0m\u001b[0m \u001b[0m\u001b[0m    S: Subscriber + Send + Sync + 'static,\u001b[0m\n\u001b[0m   \u001b[0m\u001b[0m\u001b[1m\u001b[38;5;14m| \u001b[0m\u001b[0m       \u001b[0m\u001b[0m\u001b[1m\u001b[38;5;9m^^^^^^^^^^\u001b[0m\u001b[0m \u001b[0m\u001b[0m\u001b[1m\u001b[38;5;9mnot found in this scope\u001b[0m\n\n"}
{"message":"cannot find trait `Subscriber` in this scope","code":{"code":"E0405","explanation":"The code refers to a trait that is not in scope.\n\nErroneous code example:\n\n```compile_fail,E0405\nstruct Foo;\n\nimpl SomeTrait for Foo {} // error: trait `SomeTrait` is not in scope\n```\n\nPlease verify that the name of the trait wasn't misspelled and ensure that it\nwas imported. Example:\n\n```\n# #[cfg(for_demonstration_only)]\n// solution 1:\nuse some_file::SomeTrait;\n\n// solution 2:\ntrait SomeTrait {\n    // some functions\n}\n\nstruct Foo;\n\nimpl SomeTrait for Foo { // ok!\n    // implements functions\n}\n```\n"},"level":"error","spans":[{"file_name":"C:\\Users\\danie\\.cargo\\registry\\src\\github.com-1ecc6299db9ec823\\tracing-0.1.37\\src\\subscriber.rs","byte_start":1458,"byte_end":1468,"line_start":41,"line_end":41,"column_start":8,"column_end":18,"is_primary":true,"text":[{"text":"    S: Subscriber + Send + Sync + 'static,","highlight_start":8,"highlight_end":18}],"label":"not found in this scope","suggested_replacement":null,"suggestion_applicability":null,"expansion":null}],"children":[],"rendered":"\u001b[0m\u001b[1m\u001b[38;5;9merror[E0405]\u001b[0m\u001b[0m\u001b[1m\u001b[38;5;15m: cannot find trait `Subscriber` in this scope\u001b[0m\n\u001b[0m  \u001b[0m\u001b[0m\u001b[1m\u001b[38;5;14m--> \u001b[0m\u001b[0mC:\\Users\\danie\\.cargo\\registry\\src\\github.com-1ecc6299db9ec823\\tracing-0.1.37\\src\\subscriber.rs:41:8\u001b[0m\n\u001b[0m   \u001b[0m\u001b[0m\u001b[1m\u001b[38;5;14m|\u001b[0m\n\u001b[0m\u001b[1m\u001b[38;5;14m41\u001b[0m\u001b[0m \u001b[0m\u001b[0m\u001b[1m\u001b[38;5;14m|\u001b[0m\u001b[0m \u001b[0m\u001b[0m    S: Subscriber + Send + Sync + 'static,\u001b[0m\n\u001b[0m   \u001b[0m\u001b[0m\u001b[1m\u001b[38;5;14m| \u001b[0m\u001b[0m       \u001b[0m\u001b[0m\u001b[1m\u001b[38;5;9m^^^^^^^^^^\u001b[0m\u001b[0m \u001b[0m\u001b[0m\u001b[1m\u001b[38;5;9mnot found in this scope\u001b[0m\n\n"}
{"message":"cannot find trait `Subscriber` in this scope","code":{"code":"E0405","explanation":"The code refers to a trait that is not in scope.\n\nErroneous code example:\n\n```compile_fail,E0405\nstruct Foo;\n\nimpl SomeTrait for Foo {} // error: trait `SomeTrait` is not in scope\n```\n\nPlease verify that the name of the trait wasn't misspelled and ensure that it\nwas imported. Example:\n\n```\n# #[cfg(for_demonstration_only)]\n// solution 1:\nuse some_file::SomeTrait;\n\n// solution 2:\ntrait SomeTrait {\n    // some functions\n}\n\nstruct Foo;\n\nimpl SomeTrait for Foo { // ok!\n    // implements functions\n}\n```\n"},"level":"error","spans":[{"file_name":"C:\\Users\\danie\\.cargo\\registry\\src\\github.com-1ecc6299db9ec823\\tracing-0.1.37\\src\\subscriber.rs","byte_start":2169,"byte_end":2179,"line_start":60,"line_end":60,"column_start":8,"column_end":18,"is_primary":true,"text":[{"text":"    S: Subscriber + Send + Sync + 'static,","highlight_start":8,"highlight_end":18}],"label":"not found in this scope","suggested_replacement":null,"suggestion_applicability":null,"expansion":null}],"children":[],"rendered":"\u001b[0m\u001b[1m\u001b[38;5;9merror[E0405]\u001b[0m\u001b[0m\u001b[1m\u001b[38;5;15m: cannot find trait `Subscriber` in this scope\u001b[0m\n\u001b[0m  \u001b[0m\u001b[0m\u001b[1m\u001b[38;5;14m--> \u001b[0m\u001b[0mC:\\Users\\danie\\.cargo\\registry\\src\\github.com-1ecc6299db9ec823\\tracing-0.1.37\\src\\subscriber.rs:60:8\u001b[0m\n\u001b[0m   \u001b[0m\u001b[0m\u001b[1m\u001b[38;5;14m|\u001b[0m\n\u001b[0m\u001b[1m\u001b[38;5;14m60\u001b[0m\u001b[0m \u001b[0m\u001b[0m\u001b[1m\u001b[38;5;14m|\u001b[0m\u001b[0m \u001b[0m\u001b[0m    S: Subscriber + Send + Sync + 'static,\u001b[0m\n\u001b[0m   \u001b[0m\u001b[0m\u001b[1m\u001b[38;5;14m| \u001b[0m\u001b[0m       \u001b[0m\u001b[0m\u001b[1m\u001b[38;5;9m^^^^^^^^^^\u001b[0m\u001b[0m \u001b[0m\u001b[0m\u001b[1m\u001b[38;5;9mnot found in this scope\u001b[0m\n\n"}
{"message":"aborting due to 55 previous errors","code":null,"level":"error","spans":[],"children":[],"rendered":"\u001b[0m\u001b[1m\u001b[38;5;9merror\u001b[0m\u001b[0m\u001b[1m\u001b[38;5;15m: aborting due to 55 previous errors\u001b[0m\n\n"}
{"message":"Some errors have detailed explanations: E0405, E0412, E0422, E0425, E0432, E0514.","code":null,"level":"failure-note","spans":[],"children":[],"rendered":"\u001b[0m\u001b[1m\u001b[38;5;15mSome errors have detailed explanations: E0405, E0412, E0422, E0425, E0432, E0514.\u001b[0m\n"}
{"message":"For more information about an error, try `rustc --explain E0405`.","code":null,"level":"failure-note","spans":[],"children":[],"rendered":"\u001b[0m\u001b[1m\u001b[38;5;15mFor more information about an error, try `rustc --explain E0405`.\u001b[0m\n"}
